0    [main] INFO  org.springframework.context.support.ClassPathXmlApplicationContext  - Refreshing org.springframework.context.support.ClassPathXmlApplicationContext@68fe748f: startup date [Wed Mar 20 12:33:43 MSK 2013]; root of context hierarchy
18   [main] INFO  org.springframework.beans.factory.xml.XmlBeanDefinitionReader  - Loading XML bean definitions from class path resource [spring.cfg.xml]
321  [main] INFO  org.springframework.beans.factory.config.PropertyPlaceholderConfigurer  - Loading properties file from class path resource [app.properties]
321  [main] INFO  org.springframework.integration.config.xml.DefaultConfiguringBeanFactoryPostProcessor  - No bean named 'errorChannel' has been explicitly defined. Therefore, a default PublishSubscribeChannel will be created.
321  [main] INFO  org.springframework.integration.config.xml.DefaultConfiguringBeanFactoryPostProcessor  - No bean named 'taskScheduler' has been explicitly defined. Therefore, a default ThreadPoolTaskScheduler will be created.
326  [main] INFO  org.springframework.beans.factory.support.DefaultListableBeanFactory  - Pre-instantiating singletons in org.springframework.beans.factory.support.DefaultListableBeanFactory@a995a79: defining beans [org.springframework.beans.factory.config.PropertyPlaceholderConfigurer#0,channelInitializer,$autoCreateChannelCandidates,org.springframework.integration.internalDefaultConfiguringBeanFactoryPostProcessor,org.springframework.scheduling.support.PeriodicTrigger#0,poller,connectionFactory,positionsQueue,dataSource,org.springframework.jms.listener.DefaultMessageListenerContainer#0,org.springframework.integration.jms.ChannelPublishingJmsMessageListener#0,positionsJmsAdapter,inputChannel,org.springframework.integration.jdbc.JdbcMessageHandler#0,org.springframework.integration.config.ConsumerEndpointFactoryBean#0,nullChannel,errorChannel,_org.springframework.integration.errorLogger,taskScheduler,org.springframework.integration.config.IdGeneratorConfigurer#0]; root of factory hierarchy
608  [main] INFO  org.springframework.scheduling.concurrent.ThreadPoolTaskScheduler  - Initializing ExecutorService  'taskScheduler'
624  [main] INFO  org.springframework.context.support.DefaultLifecycleProcessor  - Starting beans in phase -2147483648
624  [main] INFO  org.springframework.integration.endpoint.EventDrivenConsumer  - Adding {message-handler} as a subscriber to the 'inputChannel' channel
624  [main] INFO  org.springframework.integration.channel.DirectChannel  - Channel 'inputChannel' has 1 subscriber(s).
624  [main] INFO  org.springframework.integration.endpoint.EventDrivenConsumer  - started org.springframework.integration.config.ConsumerEndpointFactoryBean#0
624  [main] INFO  org.springframework.integration.endpoint.EventDrivenConsumer  - Adding {logging-channel-adapter:_org.springframework.integration.errorLogger} as a subscriber to the 'errorChannel' channel
624  [main] INFO  org.springframework.integration.channel.PublishSubscribeChannel  - Channel 'errorChannel' has 1 subscriber(s).
624  [main] INFO  org.springframework.integration.endpoint.EventDrivenConsumer  - started _org.springframework.integration.errorLogger
624  [main] INFO  org.springframework.context.support.DefaultLifecycleProcessor  - Starting beans in phase 0
624  [main] INFO  org.springframework.integration.jms.ChannelPublishingJmsMessageListener$GatewayDelegate  - started org.springframework.integration.jms.ChannelPublishingJmsMessageListener$GatewayDelegate@1164b9b6
804  [main] INFO  org.springframework.integration.jms.JmsMessageDrivenEndpoint  - started positionsJmsAdapter
805  [main] INFO  ru.rstyle.si.Monitor  - The application is started
0    [main] INFO  org.springframework.context.support.ClassPathXmlApplicationContext  - Refreshing org.springframework.context.support.ClassPathXmlApplicationContext@68fe748f: startup date [Wed Mar 20 12:37:19 MSK 2013]; root of context hierarchy
62   [main] INFO  org.springframework.beans.factory.xml.XmlBeanDefinitionReader  - Loading XML bean definitions from class path resource [spring.cfg.xml]
334  [main] INFO  org.springframework.beans.factory.config.PropertyPlaceholderConfigurer  - Loading properties file from class path resource [app.properties]
339  [main] INFO  org.springframework.integration.config.xml.DefaultConfiguringBeanFactoryPostProcessor  - No bean named 'errorChannel' has been explicitly defined. Therefore, a default PublishSubscribeChannel will be created.
339  [main] INFO  org.springframework.integration.config.xml.DefaultConfiguringBeanFactoryPostProcessor  - No bean named 'taskScheduler' has been explicitly defined. Therefore, a default ThreadPoolTaskScheduler will be created.
352  [main] INFO  org.springframework.beans.factory.support.DefaultListableBeanFactory  - Pre-instantiating singletons in org.springframework.beans.factory.support.DefaultListableBeanFactory@a995a79: defining beans [org.springframework.beans.factory.config.PropertyPlaceholderConfigurer#0,channelInitializer,$autoCreateChannelCandidates,org.springframework.integration.internalDefaultConfiguringBeanFactoryPostProcessor,org.springframework.scheduling.support.PeriodicTrigger#0,poller,connectionFactory,positionsQueue,dataSource,org.springframework.jms.listener.DefaultMessageListenerContainer#0,org.springframework.integration.jms.ChannelPublishingJmsMessageListener#0,positionsJmsAdapter,inputChannel,org.springframework.integration.jdbc.JdbcMessageHandler#0,org.springframework.integration.config.ConsumerEndpointFactoryBean#0,nullChannel,errorChannel,_org.springframework.integration.errorLogger,taskScheduler,org.springframework.integration.config.IdGeneratorConfigurer#0]; root of factory hierarchy
629  [main] INFO  org.springframework.scheduling.concurrent.ThreadPoolTaskScheduler  - Initializing ExecutorService  'taskScheduler'
632  [main] INFO  org.springframework.context.support.DefaultLifecycleProcessor  - Starting beans in phase -2147483648
632  [main] INFO  org.springframework.integration.endpoint.EventDrivenConsumer  - Adding {message-handler} as a subscriber to the 'inputChannel' channel
632  [main] INFO  org.springframework.integration.channel.DirectChannel  - Channel 'inputChannel' has 1 subscriber(s).
632  [main] INFO  org.springframework.integration.endpoint.EventDrivenConsumer  - started org.springframework.integration.config.ConsumerEndpointFactoryBean#0
632  [main] INFO  org.springframework.integration.endpoint.EventDrivenConsumer  - Adding {logging-channel-adapter:_org.springframework.integration.errorLogger} as a subscriber to the 'errorChannel' channel
632  [main] INFO  org.springframework.integration.channel.PublishSubscribeChannel  - Channel 'errorChannel' has 1 subscriber(s).
632  [main] INFO  org.springframework.integration.endpoint.EventDrivenConsumer  - started _org.springframework.integration.errorLogger
632  [main] INFO  org.springframework.context.support.DefaultLifecycleProcessor  - Starting beans in phase 0
632  [main] INFO  org.springframework.integration.jms.ChannelPublishingJmsMessageListener$GatewayDelegate  - started org.springframework.integration.jms.ChannelPublishingJmsMessageListener$GatewayDelegate@31f9338f
850  [main] INFO  org.springframework.integration.jms.JmsMessageDrivenEndpoint  - started positionsJmsAdapter
850  [main] INFO  ru.rstyle.si.Monitor  - The application is started
0    [main] INFO  org.springframework.context.support.ClassPathXmlApplicationContext  - Refreshing org.springframework.context.support.ClassPathXmlApplicationContext@19968e23: startup date [Wed Mar 20 12:48:01 MSK 2013]; root of context hierarchy
51   [main] INFO  org.springframework.beans.factory.xml.XmlBeanDefinitionReader  - Loading XML bean definitions from class path resource [spring.cfg.xml]
320  [main] INFO  org.springframework.beans.factory.config.PropertyPlaceholderConfigurer  - Loading properties file from class path resource [app.properties]
320  [main] INFO  org.springframework.integration.config.xml.DefaultConfiguringBeanFactoryPostProcessor  - No bean named 'errorChannel' has been explicitly defined. Therefore, a default PublishSubscribeChannel will be created.
320  [main] INFO  org.springframework.integration.config.xml.DefaultConfiguringBeanFactoryPostProcessor  - No bean named 'taskScheduler' has been explicitly defined. Therefore, a default ThreadPoolTaskScheduler will be created.
323  [main] INFO  org.springframework.beans.factory.support.DefaultListableBeanFactory  - Pre-instantiating singletons in org.springframework.beans.factory.support.DefaultListableBeanFactory@2a8ceeea: defining beans [org.springframework.beans.factory.config.PropertyPlaceholderConfigurer#0,channelInitializer,$autoCreateChannelCandidates,org.springframework.integration.internalDefaultConfiguringBeanFactoryPostProcessor,org.springframework.scheduling.support.PeriodicTrigger#0,poller,connectionFactory,positionsQueue,dataSource,org.springframework.jms.listener.DefaultMessageListenerContainer#0,org.springframework.integration.jms.ChannelPublishingJmsMessageListener#0,positionsJmsAdapter,inputChannel,org.springframework.integration.jdbc.JdbcMessageHandler#0,org.springframework.integration.config.ConsumerEndpointFactoryBean#0,nullChannel,errorChannel,_org.springframework.integration.errorLogger,taskScheduler,org.springframework.integration.config.IdGeneratorConfigurer#0]; root of factory hierarchy
576  [main] INFO  org.springframework.scheduling.concurrent.ThreadPoolTaskScheduler  - Initializing ExecutorService  'taskScheduler'
581  [main] INFO  org.springframework.context.support.DefaultLifecycleProcessor  - Starting beans in phase -2147483648
583  [main] INFO  org.springframework.integration.endpoint.EventDrivenConsumer  - Adding {message-handler} as a subscriber to the 'inputChannel' channel
583  [main] INFO  org.springframework.integration.channel.DirectChannel  - Channel 'inputChannel' has 1 subscriber(s).
583  [main] INFO  org.springframework.integration.endpoint.EventDrivenConsumer  - started org.springframework.integration.config.ConsumerEndpointFactoryBean#0
583  [main] INFO  org.springframework.integration.endpoint.EventDrivenConsumer  - Adding {logging-channel-adapter:_org.springframework.integration.errorLogger} as a subscriber to the 'errorChannel' channel
583  [main] INFO  org.springframework.integration.channel.PublishSubscribeChannel  - Channel 'errorChannel' has 1 subscriber(s).
583  [main] INFO  org.springframework.integration.endpoint.EventDrivenConsumer  - started _org.springframework.integration.errorLogger
583  [main] INFO  org.springframework.context.support.DefaultLifecycleProcessor  - Starting beans in phase 0
583  [main] INFO  org.springframework.integration.jms.ChannelPublishingJmsMessageListener$GatewayDelegate  - started org.springframework.integration.jms.ChannelPublishingJmsMessageListener$GatewayDelegate@5fa80aea
775  [main] INFO  org.springframework.integration.jms.JmsMessageDrivenEndpoint  - started positionsJmsAdapter
780  [main] INFO  ru.rstyle.si.Monitor  - The application is started
0    [main] INFO  org.springframework.context.support.ClassPathXmlApplicationContext  - Refreshing org.springframework.context.support.ClassPathXmlApplicationContext@19968e23: startup date [Wed Mar 20 17:06:16 MSK 2013]; root of context hierarchy
55   [main] INFO  org.springframework.beans.factory.xml.XmlBeanDefinitionReader  - Loading XML bean definitions from class path resource [spring.cfg.xml]
339  [main] INFO  org.springframework.beans.factory.config.PropertyPlaceholderConfigurer  - Loading properties file from class path resource [app.properties]
339  [main] INFO  org.springframework.integration.config.xml.DefaultConfiguringBeanFactoryPostProcessor  - No bean named 'errorChannel' has been explicitly defined. Therefore, a default PublishSubscribeChannel will be created.
339  [main] INFO  org.springframework.integration.config.xml.DefaultConfiguringBeanFactoryPostProcessor  - No bean named 'taskScheduler' has been explicitly defined. Therefore, a default ThreadPoolTaskScheduler will be created.
341  [main] INFO  org.springframework.beans.factory.support.DefaultListableBeanFactory  - Pre-instantiating singletons in org.springframework.beans.factory.support.DefaultListableBeanFactory@a995a79: defining beans [org.springframework.beans.factory.config.PropertyPlaceholderConfigurer#0,channelInitializer,$autoCreateChannelCandidates,org.springframework.integration.internalDefaultConfiguringBeanFactoryPostProcessor,org.springframework.scheduling.support.PeriodicTrigger#0,poller,connectionFactory,positionsQueue,dataSource,org.springframework.jms.listener.DefaultMessageListenerContainer#0,org.springframework.integration.jms.ChannelPublishingJmsMessageListener#0,positionsJmsAdapter,inputChannel,org.springframework.integration.jdbc.JdbcMessageHandler#0,org.springframework.integration.config.ConsumerEndpointFactoryBean#0,nullChannel,errorChannel,_org.springframework.integration.errorLogger,taskScheduler,org.springframework.integration.config.IdGeneratorConfigurer#0]; root of factory hierarchy
601  [main] INFO  org.springframework.scheduling.concurrent.ThreadPoolTaskScheduler  - Initializing ExecutorService  'taskScheduler'
601  [main] INFO  org.springframework.context.support.DefaultLifecycleProcessor  - Starting beans in phase -2147483648
601  [main] INFO  org.springframework.integration.endpoint.EventDrivenConsumer  - Adding {message-handler} as a subscriber to the 'inputChannel' channel
601  [main] INFO  org.springframework.integration.channel.DirectChannel  - Channel 'inputChannel' has 1 subscriber(s).
601  [main] INFO  org.springframework.integration.endpoint.EventDrivenConsumer  - started org.springframework.integration.config.ConsumerEndpointFactoryBean#0
601  [main] INFO  org.springframework.integration.endpoint.EventDrivenConsumer  - Adding {logging-channel-adapter:_org.springframework.integration.errorLogger} as a subscriber to the 'errorChannel' channel
601  [main] INFO  org.springframework.integration.channel.PublishSubscribeChannel  - Channel 'errorChannel' has 1 subscriber(s).
601  [main] INFO  org.springframework.integration.endpoint.EventDrivenConsumer  - started _org.springframework.integration.errorLogger
601  [main] INFO  org.springframework.context.support.DefaultLifecycleProcessor  - Starting beans in phase 0
601  [main] INFO  org.springframework.integration.jms.ChannelPublishingJmsMessageListener$GatewayDelegate  - started org.springframework.integration.jms.ChannelPublishingJmsMessageListener$GatewayDelegate@6bdc64a5
805  [main] INFO  org.springframework.integration.jms.JmsMessageDrivenEndpoint  - started positionsJmsAdapter
821  [main] INFO  ru.rstyle.si.main.Monitor  - The application is started
0    [main] INFO  org.springframework.context.support.ClassPathXmlApplicationContext  - Refreshing org.springframework.context.support.ClassPathXmlApplicationContext@19968e23: startup date [Wed Mar 20 17:13:55 MSK 2013]; root of context hierarchy
49   [main] INFO  org.springframework.beans.factory.xml.XmlBeanDefinitionReader  - Loading XML bean definitions from class path resource [spring.cfg.xml]
328  [main] INFO  org.springframework.beans.factory.config.PropertyPlaceholderConfigurer  - Loading properties file from class path resource [app.properties]
330  [main] INFO  org.springframework.integration.config.xml.DefaultConfiguringBeanFactoryPostProcessor  - No bean named 'errorChannel' has been explicitly defined. Therefore, a default PublishSubscribeChannel will be created.
330  [main] INFO  org.springframework.integration.config.xml.DefaultConfiguringBeanFactoryPostProcessor  - No bean named 'taskScheduler' has been explicitly defined. Therefore, a default ThreadPoolTaskScheduler will be created.
343  [main] INFO  org.springframework.beans.factory.support.DefaultListableBeanFactory  - Pre-instantiating singletons in org.springframework.beans.factory.support.DefaultListableBeanFactory@a995a79: defining beans [org.springframework.beans.factory.config.PropertyPlaceholderConfigurer#0,channelInitializer,$autoCreateChannelCandidates,org.springframework.integration.internalDefaultConfiguringBeanFactoryPostProcessor,org.springframework.scheduling.support.PeriodicTrigger#0,poller,connectionFactory,positionsQueue,dataSource,org.springframework.jms.listener.DefaultMessageListenerContainer#0,org.springframework.integration.jms.ChannelPublishingJmsMessageListener#0,positionsJmsAdapter,inputChannel,org.springframework.integration.jdbc.JdbcMessageHandler#0,org.springframework.integration.config.ConsumerEndpointFactoryBean#0,nullChannel,errorChannel,_org.springframework.integration.errorLogger,taskScheduler,org.springframework.integration.config.IdGeneratorConfigurer#0]; root of factory hierarchy
622  [main] INFO  org.springframework.scheduling.concurrent.ThreadPoolTaskScheduler  - Initializing ExecutorService  'taskScheduler'
622  [main] INFO  org.springframework.context.support.DefaultLifecycleProcessor  - Starting beans in phase -2147483648
622  [main] INFO  org.springframework.integration.endpoint.EventDrivenConsumer  - Adding {message-handler} as a subscriber to the 'inputChannel' channel
622  [main] INFO  org.springframework.integration.channel.DirectChannel  - Channel 'inputChannel' has 1 subscriber(s).
622  [main] INFO  org.springframework.integration.endpoint.EventDrivenConsumer  - started org.springframework.integration.config.ConsumerEndpointFactoryBean#0
622  [main] INFO  org.springframework.integration.endpoint.EventDrivenConsumer  - Adding {logging-channel-adapter:_org.springframework.integration.errorLogger} as a subscriber to the 'errorChannel' channel
622  [main] INFO  org.springframework.integration.channel.PublishSubscribeChannel  - Channel 'errorChannel' has 1 subscriber(s).
622  [main] INFO  org.springframework.integration.endpoint.EventDrivenConsumer  - started _org.springframework.integration.errorLogger
622  [main] INFO  org.springframework.context.support.DefaultLifecycleProcessor  - Starting beans in phase 0
622  [main] INFO  org.springframework.integration.jms.ChannelPublishingJmsMessageListener$GatewayDelegate  - started org.springframework.integration.jms.ChannelPublishingJmsMessageListener$GatewayDelegate@1164b9b6
836  [main] INFO  org.springframework.integration.jms.JmsMessageDrivenEndpoint  - started positionsJmsAdapter
837  [main] INFO  ru.rstyle.si.main.Monitor  - The application is started
