0    [main] INFO  org.springframework.context.support.ClassPathXmlApplicationContext  - Refreshing org.springframework.context.support.ClassPathXmlApplicationContext@26544ec1: startup date [Wed Mar 20 09:25:19 MSK 2013]; root of context hierarchy
36   [main] INFO  org.springframework.beans.factory.xml.XmlBeanDefinitionReader  - Loading XML bean definitions from class path resource [spring.cfg.xml]
348  [main] INFO  org.springframework.beans.factory.config.PropertyPlaceholderConfigurer  - Loading properties file from class path resource [app.properties]
348  [main] INFO  org.springframework.integration.config.xml.DefaultConfiguringBeanFactoryPostProcessor  - No bean named 'errorChannel' has been explicitly defined. Therefore, a default PublishSubscribeChannel will be created.
348  [main] INFO  org.springframework.integration.config.xml.DefaultConfiguringBeanFactoryPostProcessor  - No bean named 'taskScheduler' has been explicitly defined. Therefore, a default ThreadPoolTaskScheduler will be created.
353  [main] INFO  org.springframework.beans.factory.support.DefaultListableBeanFactory  - Pre-instantiating singletons in org.springframework.beans.factory.support.DefaultListableBeanFactory@3c50507: defining beans [channelInitializer,$autoCreateChannelCandidates,org.springframework.integration.internalDefaultConfiguringBeanFactoryPostProcessor,inputChannel,confirmationChannel,outputChannel,org.springframework.beans.factory.config.PropertyPlaceholderConfigurer#0,positionsQueue,confirmQueue,connectionFactory,org.springframework.jms.listener.DefaultMessageListenerContainer#0,org.springframework.integration.jms.ChannelPublishingJmsMessageListener#0,positionsJmsAdapter,org.springframework.integration.aggregator.AggregatingMessageHandler#0,org.springframework.integration.config.ConsumerEndpointFactoryBean#0,messageAggregator,org.springframework.integration.file.config.FileWritingMessageHandlerFactoryBean#0,org.springframework.integration.config.ConsumerEndpointFactoryBean#1,org.springframework.integration.config.ServiceActivatorFactoryBean#0,org.springframework.integration.config.ConsumerEndpointFactoryBean#2,confirmationProcessor,org.springframework.integration.jms.JmsSendingMessageHandler#0,org.springframework.integration.config.ConsumerEndpointFactoryBean#3,nullChannel,errorChannel,_org.springframework.integration.errorLogger,taskScheduler,org.springframework.integration.config.IdGeneratorConfigurer#0]; root of factory hierarchy
608  [main] INFO  org.springframework.scheduling.concurrent.ThreadPoolTaskScheduler  - Initializing ExecutorService  'taskScheduler'
613  [main] INFO  org.springframework.context.support.DefaultLifecycleProcessor  - Starting beans in phase -2147483648
616  [main] INFO  org.springframework.integration.endpoint.EventDrivenConsumer  - Adding {aggregator} as a subscriber to the 'inputChannel' channel
616  [main] INFO  org.springframework.integration.channel.DirectChannel  - Channel 'inputChannel' has 1 subscriber(s).
616  [main] INFO  org.springframework.integration.endpoint.EventDrivenConsumer  - started org.springframework.integration.config.ConsumerEndpointFactoryBean#0
616  [main] INFO  org.springframework.integration.endpoint.EventDrivenConsumer  - Adding {message-handler} as a subscriber to the 'outputChannel' channel
616  [main] INFO  org.springframework.integration.channel.PublishSubscribeChannel  - Channel 'outputChannel' has 1 subscriber(s).
616  [main] INFO  org.springframework.integration.endpoint.EventDrivenConsumer  - started org.springframework.integration.config.ConsumerEndpointFactoryBean#1
616  [main] INFO  org.springframework.integration.endpoint.EventDrivenConsumer  - Adding {service-activator} as a subscriber to the 'outputChannel' channel
616  [main] INFO  org.springframework.integration.channel.PublishSubscribeChannel  - Channel 'outputChannel' has 2 subscriber(s).
616  [main] INFO  org.springframework.integration.endpoint.EventDrivenConsumer  - started org.springframework.integration.config.ConsumerEndpointFactoryBean#2
616  [main] INFO  org.springframework.integration.endpoint.EventDrivenConsumer  - Adding {jms:outbound-channel-adapter} as a subscriber to the 'confirmationChannel' channel
616  [main] INFO  org.springframework.integration.channel.DirectChannel  - Channel 'confirmationChannel' has 1 subscriber(s).
616  [main] INFO  org.springframework.integration.endpoint.EventDrivenConsumer  - started org.springframework.integration.config.ConsumerEndpointFactoryBean#3
616  [main] INFO  org.springframework.integration.endpoint.EventDrivenConsumer  - Adding {logging-channel-adapter:_org.springframework.integration.errorLogger} as a subscriber to the 'errorChannel' channel
616  [main] INFO  org.springframework.integration.channel.PublishSubscribeChannel  - Channel 'errorChannel' has 1 subscriber(s).
616  [main] INFO  org.springframework.integration.endpoint.EventDrivenConsumer  - started _org.springframework.integration.errorLogger
616  [main] INFO  org.springframework.context.support.DefaultLifecycleProcessor  - Starting beans in phase 0
616  [main] INFO  org.springframework.integration.jms.ChannelPublishingJmsMessageListener$GatewayDelegate  - started org.springframework.integration.jms.ChannelPublishingJmsMessageListener$GatewayDelegate@63d87b85
783  [main] INFO  org.springframework.integration.jms.JmsMessageDrivenEndpoint  - started positionsJmsAdapter
0    [main] INFO  org.springframework.context.support.ClassPathXmlApplicationContext  - Refreshing org.springframework.context.support.ClassPathXmlApplicationContext@2107ebe1: startup date [Wed Mar 20 09:26:38 MSK 2013]; root of context hierarchy
25   [main] INFO  org.springframework.beans.factory.xml.XmlBeanDefinitionReader  - Loading XML bean definitions from class path resource [spring.cfg.xml]
308  [main] INFO  org.springframework.beans.factory.config.PropertyPlaceholderConfigurer  - Loading properties file from class path resource [app.properties]
310  [main] INFO  org.springframework.integration.config.xml.DefaultConfiguringBeanFactoryPostProcessor  - No bean named 'errorChannel' has been explicitly defined. Therefore, a default PublishSubscribeChannel will be created.
310  [main] INFO  org.springframework.integration.config.xml.DefaultConfiguringBeanFactoryPostProcessor  - No bean named 'taskScheduler' has been explicitly defined. Therefore, a default ThreadPoolTaskScheduler will be created.
344  [main] INFO  org.springframework.beans.factory.support.DefaultListableBeanFactory  - Pre-instantiating singletons in org.springframework.beans.factory.support.DefaultListableBeanFactory@1c701a27: defining beans [channelInitializer,$autoCreateChannelCandidates,org.springframework.integration.internalDefaultConfiguringBeanFactoryPostProcessor,inputChannel,confirmationChannel,outputChannel,org.springframework.beans.factory.config.PropertyPlaceholderConfigurer#0,positionsQueue,confirmQueue,connectionFactory,org.springframework.jms.listener.DefaultMessageListenerContainer#0,org.springframework.integration.jms.ChannelPublishingJmsMessageListener#0,positionsJmsAdapter,org.springframework.integration.aggregator.AggregatingMessageHandler#0,org.springframework.integration.config.ConsumerEndpointFactoryBean#0,messageAggregator,org.springframework.integration.file.config.FileWritingMessageHandlerFactoryBean#0,org.springframework.integration.config.ConsumerEndpointFactoryBean#1,org.springframework.integration.config.ServiceActivatorFactoryBean#0,org.springframework.integration.config.ConsumerEndpointFactoryBean#2,confirmationProcessor,org.springframework.integration.jms.JmsSendingMessageHandler#0,org.springframework.integration.config.ConsumerEndpointFactoryBean#3,nullChannel,errorChannel,_org.springframework.integration.errorLogger,taskScheduler,org.springframework.integration.config.IdGeneratorConfigurer#0]; root of factory hierarchy
583  [main] INFO  org.springframework.scheduling.concurrent.ThreadPoolTaskScheduler  - Initializing ExecutorService  'taskScheduler'
615  [main] INFO  org.springframework.context.support.DefaultLifecycleProcessor  - Starting beans in phase -2147483648
615  [main] INFO  org.springframework.integration.endpoint.EventDrivenConsumer  - Adding {aggregator} as a subscriber to the 'inputChannel' channel
615  [main] INFO  org.springframework.integration.channel.DirectChannel  - Channel 'inputChannel' has 1 subscriber(s).
615  [main] INFO  org.springframework.integration.endpoint.EventDrivenConsumer  - started org.springframework.integration.config.ConsumerEndpointFactoryBean#0
615  [main] INFO  org.springframework.integration.endpoint.EventDrivenConsumer  - Adding {message-handler} as a subscriber to the 'outputChannel' channel
615  [main] INFO  org.springframework.integration.channel.PublishSubscribeChannel  - Channel 'outputChannel' has 1 subscriber(s).
615  [main] INFO  org.springframework.integration.endpoint.EventDrivenConsumer  - started org.springframework.integration.config.ConsumerEndpointFactoryBean#1
615  [main] INFO  org.springframework.integration.endpoint.EventDrivenConsumer  - Adding {service-activator} as a subscriber to the 'outputChannel' channel
615  [main] INFO  org.springframework.integration.channel.PublishSubscribeChannel  - Channel 'outputChannel' has 2 subscriber(s).
615  [main] INFO  org.springframework.integration.endpoint.EventDrivenConsumer  - started org.springframework.integration.config.ConsumerEndpointFactoryBean#2
615  [main] INFO  org.springframework.integration.endpoint.EventDrivenConsumer  - Adding {jms:outbound-channel-adapter} as a subscriber to the 'confirmationChannel' channel
615  [main] INFO  org.springframework.integration.channel.DirectChannel  - Channel 'confirmationChannel' has 1 subscriber(s).
615  [main] INFO  org.springframework.integration.endpoint.EventDrivenConsumer  - started org.springframework.integration.config.ConsumerEndpointFactoryBean#3
615  [main] INFO  org.springframework.integration.endpoint.EventDrivenConsumer  - Adding {logging-channel-adapter:_org.springframework.integration.errorLogger} as a subscriber to the 'errorChannel' channel
615  [main] INFO  org.springframework.integration.channel.PublishSubscribeChannel  - Channel 'errorChannel' has 1 subscriber(s).
615  [main] INFO  org.springframework.integration.endpoint.EventDrivenConsumer  - started _org.springframework.integration.errorLogger
615  [main] INFO  org.springframework.context.support.DefaultLifecycleProcessor  - Starting beans in phase 0
615  [main] INFO  org.springframework.integration.jms.ChannelPublishingJmsMessageListener$GatewayDelegate  - started org.springframework.integration.jms.ChannelPublishingJmsMessageListener$GatewayDelegate@5159e154
795  [main] INFO  org.springframework.integration.jms.JmsMessageDrivenEndpoint  - started positionsJmsAdapter
0    [main] INFO  org.springframework.context.support.ClassPathXmlApplicationContext  - Refreshing org.springframework.context.support.ClassPathXmlApplicationContext@68fe748f: startup date [Wed Mar 20 09:34:54 MSK 2013]; root of context hierarchy
39   [main] INFO  org.springframework.beans.factory.xml.XmlBeanDefinitionReader  - Loading XML bean definitions from class path resource [spring.cfg.xml]
328  [main] INFO  org.springframework.beans.factory.config.PropertyPlaceholderConfigurer  - Loading properties file from class path resource [app.properties]
331  [main] INFO  org.springframework.integration.config.xml.DefaultConfiguringBeanFactoryPostProcessor  - No bean named 'errorChannel' has been explicitly defined. Therefore, a default PublishSubscribeChannel will be created.
331  [main] INFO  org.springframework.integration.config.xml.DefaultConfiguringBeanFactoryPostProcessor  - No bean named 'taskScheduler' has been explicitly defined. Therefore, a default ThreadPoolTaskScheduler will be created.
365  [main] INFO  org.springframework.beans.factory.support.DefaultListableBeanFactory  - Pre-instantiating singletons in org.springframework.beans.factory.support.DefaultListableBeanFactory@7bcd107f: defining beans [channelInitializer,$autoCreateChannelCandidates,org.springframework.integration.internalDefaultConfiguringBeanFactoryPostProcessor,inputChannel,confirmationChannel,outputChannel,org.springframework.beans.factory.config.PropertyPlaceholderConfigurer#0,positionsQueue,confirmQueue,connectionFactory,org.springframework.jms.listener.DefaultMessageListenerContainer#0,org.springframework.integration.jms.ChannelPublishingJmsMessageListener#0,positionsJmsAdapter,org.springframework.integration.aggregator.AggregatingMessageHandler#0,org.springframework.integration.config.ConsumerEndpointFactoryBean#0,messageAggregator,org.springframework.integration.file.config.FileWritingMessageHandlerFactoryBean#0,org.springframework.integration.config.ConsumerEndpointFactoryBean#1,org.springframework.integration.config.ServiceActivatorFactoryBean#0,org.springframework.integration.config.ConsumerEndpointFactoryBean#2,confirmationProcessor,org.springframework.integration.jms.JmsSendingMessageHandler#0,org.springframework.integration.config.ConsumerEndpointFactoryBean#3,nullChannel,errorChannel,_org.springframework.integration.errorLogger,taskScheduler,org.springframework.integration.config.IdGeneratorConfigurer#0]; root of factory hierarchy
604  [main] INFO  org.springframework.scheduling.concurrent.ThreadPoolTaskScheduler  - Initializing ExecutorService  'taskScheduler'
604  [main] INFO  org.springframework.context.support.DefaultLifecycleProcessor  - Starting beans in phase -2147483648
604  [main] INFO  org.springframework.integration.endpoint.EventDrivenConsumer  - Adding {aggregator} as a subscriber to the 'inputChannel' channel
604  [main] INFO  org.springframework.integration.channel.DirectChannel  - Channel 'inputChannel' has 1 subscriber(s).
604  [main] INFO  org.springframework.integration.endpoint.EventDrivenConsumer  - started org.springframework.integration.config.ConsumerEndpointFactoryBean#0
604  [main] INFO  org.springframework.integration.endpoint.EventDrivenConsumer  - Adding {message-handler} as a subscriber to the 'outputChannel' channel
604  [main] INFO  org.springframework.integration.channel.PublishSubscribeChannel  - Channel 'outputChannel' has 1 subscriber(s).
604  [main] INFO  org.springframework.integration.endpoint.EventDrivenConsumer  - started org.springframework.integration.config.ConsumerEndpointFactoryBean#1
604  [main] INFO  org.springframework.integration.endpoint.EventDrivenConsumer  - Adding {service-activator} as a subscriber to the 'outputChannel' channel
604  [main] INFO  org.springframework.integration.channel.PublishSubscribeChannel  - Channel 'outputChannel' has 2 subscriber(s).
604  [main] INFO  org.springframework.integration.endpoint.EventDrivenConsumer  - started org.springframework.integration.config.ConsumerEndpointFactoryBean#2
604  [main] INFO  org.springframework.integration.endpoint.EventDrivenConsumer  - Adding {jms:outbound-channel-adapter} as a subscriber to the 'confirmationChannel' channel
604  [main] INFO  org.springframework.integration.channel.DirectChannel  - Channel 'confirmationChannel' has 1 subscriber(s).
604  [main] INFO  org.springframework.integration.endpoint.EventDrivenConsumer  - started org.springframework.integration.config.ConsumerEndpointFactoryBean#3
604  [main] INFO  org.springframework.integration.endpoint.EventDrivenConsumer  - Adding {logging-channel-adapter:_org.springframework.integration.errorLogger} as a subscriber to the 'errorChannel' channel
604  [main] INFO  org.springframework.integration.channel.PublishSubscribeChannel  - Channel 'errorChannel' has 1 subscriber(s).
604  [main] INFO  org.springframework.integration.endpoint.EventDrivenConsumer  - started _org.springframework.integration.errorLogger
604  [main] INFO  org.springframework.context.support.DefaultLifecycleProcessor  - Starting beans in phase 0
604  [main] INFO  org.springframework.integration.jms.ChannelPublishingJmsMessageListener$GatewayDelegate  - started org.springframework.integration.jms.ChannelPublishingJmsMessageListener$GatewayDelegate@1ce3570c
787  [main] INFO  org.springframework.integration.jms.JmsMessageDrivenEndpoint  - started positionsJmsAdapter
0    [main] INFO  org.springframework.context.support.ClassPathXmlApplicationContext  - Refreshing org.springframework.context.support.ClassPathXmlApplicationContext@77d2b01b: startup date [Wed Mar 20 10:49:05 MSK 2013]; root of context hierarchy
37   [main] INFO  org.springframework.beans.factory.xml.XmlBeanDefinitionReader  - Loading XML bean definitions from class path resource [spring.cfg.xml]
361  [main] INFO  org.springframework.beans.factory.config.PropertyPlaceholderConfigurer  - Loading properties file from class path resource [app.properties]
364  [main] INFO  org.springframework.integration.config.xml.DefaultConfiguringBeanFactoryPostProcessor  - No bean named 'errorChannel' has been explicitly defined. Therefore, a default PublishSubscribeChannel will be created.
364  [main] INFO  org.springframework.integration.config.xml.DefaultConfiguringBeanFactoryPostProcessor  - No bean named 'taskScheduler' has been explicitly defined. Therefore, a default ThreadPoolTaskScheduler will be created.
400  [main] INFO  org.springframework.beans.factory.support.DefaultListableBeanFactory  - Pre-instantiating singletons in org.springframework.beans.factory.support.DefaultListableBeanFactory@472462b3: defining beans [channelInitializer,$autoCreateChannelCandidates,org.springframework.integration.internalDefaultConfiguringBeanFactoryPostProcessor,inputChannel,confirmationChannel,outputChannel,org.springframework.beans.factory.config.PropertyPlaceholderConfigurer#0,positionsQueue,confirmQueue,connectionFactory,org.springframework.jms.listener.DefaultMessageListenerContainer#0,org.springframework.integration.jms.ChannelPublishingJmsMessageListener#0,positionsJmsAdapter,org.springframework.integration.aggregator.AggregatingMessageHandler#0,org.springframework.integration.config.ConsumerEndpointFactoryBean#0,messageAggregator,org.springframework.integration.file.config.FileWritingMessageHandlerFactoryBean#0,org.springframework.integration.config.ConsumerEndpointFactoryBean#1,org.springframework.integration.config.ServiceActivatorFactoryBean#0,org.springframework.integration.config.ConsumerEndpointFactoryBean#2,confirmationProcessor,org.springframework.integration.jms.JmsSendingMessageHandler#0,org.springframework.integration.config.ConsumerEndpointFactoryBean#3,nullChannel,errorChannel,_org.springframework.integration.errorLogger,taskScheduler,org.springframework.integration.config.IdGeneratorConfigurer#0]; root of factory hierarchy
676  [main] INFO  org.springframework.scheduling.concurrent.ThreadPoolTaskScheduler  - Initializing ExecutorService  'taskScheduler'
681  [main] INFO  org.springframework.context.support.DefaultLifecycleProcessor  - Starting beans in phase -2147483648
684  [main] INFO  org.springframework.integration.endpoint.EventDrivenConsumer  - Adding {aggregator} as a subscriber to the 'inputChannel' channel
684  [main] INFO  org.springframework.integration.channel.DirectChannel  - Channel 'inputChannel' has 1 subscriber(s).
684  [main] INFO  org.springframework.integration.endpoint.EventDrivenConsumer  - started org.springframework.integration.config.ConsumerEndpointFactoryBean#0
684  [main] INFO  org.springframework.integration.endpoint.EventDrivenConsumer  - Adding {message-handler} as a subscriber to the 'outputChannel' channel
684  [main] INFO  org.springframework.integration.channel.PublishSubscribeChannel  - Channel 'outputChannel' has 1 subscriber(s).
684  [main] INFO  org.springframework.integration.endpoint.EventDrivenConsumer  - started org.springframework.integration.config.ConsumerEndpointFactoryBean#1
684  [main] INFO  org.springframework.integration.endpoint.EventDrivenConsumer  - Adding {service-activator} as a subscriber to the 'outputChannel' channel
684  [main] INFO  org.springframework.integration.channel.PublishSubscribeChannel  - Channel 'outputChannel' has 2 subscriber(s).
684  [main] INFO  org.springframework.integration.endpoint.EventDrivenConsumer  - started org.springframework.integration.config.ConsumerEndpointFactoryBean#2
684  [main] INFO  org.springframework.integration.endpoint.EventDrivenConsumer  - Adding {jms:outbound-channel-adapter} as a subscriber to the 'confirmationChannel' channel
684  [main] INFO  org.springframework.integration.channel.DirectChannel  - Channel 'confirmationChannel' has 1 subscriber(s).
684  [main] INFO  org.springframework.integration.endpoint.EventDrivenConsumer  - started org.springframework.integration.config.ConsumerEndpointFactoryBean#3
684  [main] INFO  org.springframework.integration.endpoint.EventDrivenConsumer  - Adding {logging-channel-adapter:_org.springframework.integration.errorLogger} as a subscriber to the 'errorChannel' channel
684  [main] INFO  org.springframework.integration.channel.PublishSubscribeChannel  - Channel 'errorChannel' has 1 subscriber(s).
684  [main] INFO  org.springframework.integration.endpoint.EventDrivenConsumer  - started _org.springframework.integration.errorLogger
684  [main] INFO  org.springframework.context.support.DefaultLifecycleProcessor  - Starting beans in phase 0
684  [main] INFO  org.springframework.integration.jms.ChannelPublishingJmsMessageListener$GatewayDelegate  - started org.springframework.integration.jms.ChannelPublishingJmsMessageListener$GatewayDelegate@6d352447
888  [main] INFO  org.springframework.integration.jms.JmsMessageDrivenEndpoint  - started positionsJmsAdapter
0    [main] INFO  org.springframework.context.support.ClassPathXmlApplicationContext  - Refreshing org.springframework.context.support.ClassPathXmlApplicationContext@68fe748f: startup date [Wed Mar 20 12:38:10 MSK 2013]; root of context hierarchy
41   [main] INFO  org.springframework.beans.factory.xml.XmlBeanDefinitionReader  - Loading XML bean definitions from class path resource [spring.cfg.xml]
376  [main] INFO  org.springframework.beans.factory.config.PropertyPlaceholderConfigurer  - Loading properties file from class path resource [app.properties]
376  [main] INFO  org.springframework.integration.config.xml.DefaultConfiguringBeanFactoryPostProcessor  - No bean named 'errorChannel' has been explicitly defined. Therefore, a default PublishSubscribeChannel will be created.
376  [main] INFO  org.springframework.integration.config.xml.DefaultConfiguringBeanFactoryPostProcessor  - No bean named 'taskScheduler' has been explicitly defined. Therefore, a default ThreadPoolTaskScheduler will be created.
391  [main] INFO  org.springframework.beans.factory.support.DefaultListableBeanFactory  - Pre-instantiating singletons in org.springframework.beans.factory.support.DefaultListableBeanFactory@7bcd107f: defining beans [channelInitializer,$autoCreateChannelCandidates,org.springframework.integration.internalDefaultConfiguringBeanFactoryPostProcessor,inputChannel,confirmationChannel,outputChannel,org.springframework.beans.factory.config.PropertyPlaceholderConfigurer#0,positionsQueue,confirmQueue,connectionFactory,org.springframework.jms.listener.DefaultMessageListenerContainer#0,org.springframework.integration.jms.ChannelPublishingJmsMessageListener#0,positionsJmsAdapter,org.springframework.integration.aggregator.AggregatingMessageHandler#0,org.springframework.integration.config.ConsumerEndpointFactoryBean#0,messageAggregator,org.springframework.integration.file.config.FileWritingMessageHandlerFactoryBean#0,org.springframework.integration.config.ConsumerEndpointFactoryBean#1,org.springframework.integration.config.ServiceActivatorFactoryBean#0,org.springframework.integration.config.ConsumerEndpointFactoryBean#2,confirmationProcessor,org.springframework.integration.jms.JmsSendingMessageHandler#0,org.springframework.integration.config.ConsumerEndpointFactoryBean#3,nullChannel,errorChannel,_org.springframework.integration.errorLogger,taskScheduler,org.springframework.integration.config.IdGeneratorConfigurer#0]; root of factory hierarchy
642  [main] INFO  org.springframework.scheduling.concurrent.ThreadPoolTaskScheduler  - Initializing ExecutorService  'taskScheduler'
657  [main] INFO  org.springframework.context.support.DefaultLifecycleProcessor  - Starting beans in phase -2147483648
657  [main] INFO  org.springframework.integration.endpoint.EventDrivenConsumer  - Adding {aggregator} as a subscriber to the 'inputChannel' channel
657  [main] INFO  org.springframework.integration.channel.DirectChannel  - Channel 'inputChannel' has 1 subscriber(s).
657  [main] INFO  org.springframework.integration.endpoint.EventDrivenConsumer  - started org.springframework.integration.config.ConsumerEndpointFactoryBean#0
657  [main] INFO  org.springframework.integration.endpoint.EventDrivenConsumer  - Adding {message-handler} as a subscriber to the 'outputChannel' channel
657  [main] INFO  org.springframework.integration.channel.PublishSubscribeChannel  - Channel 'outputChannel' has 1 subscriber(s).
657  [main] INFO  org.springframework.integration.endpoint.EventDrivenConsumer  - started org.springframework.integration.config.ConsumerEndpointFactoryBean#1
657  [main] INFO  org.springframework.integration.endpoint.EventDrivenConsumer  - Adding {service-activator} as a subscriber to the 'outputChannel' channel
657  [main] INFO  org.springframework.integration.channel.PublishSubscribeChannel  - Channel 'outputChannel' has 2 subscriber(s).
657  [main] INFO  org.springframework.integration.endpoint.EventDrivenConsumer  - started org.springframework.integration.config.ConsumerEndpointFactoryBean#2
657  [main] INFO  org.springframework.integration.endpoint.EventDrivenConsumer  - Adding {jms:outbound-channel-adapter} as a subscriber to the 'confirmationChannel' channel
657  [main] INFO  org.springframework.integration.channel.DirectChannel  - Channel 'confirmationChannel' has 1 subscriber(s).
657  [main] INFO  org.springframework.integration.endpoint.EventDrivenConsumer  - started org.springframework.integration.config.ConsumerEndpointFactoryBean#3
657  [main] INFO  org.springframework.integration.endpoint.EventDrivenConsumer  - Adding {logging-channel-adapter:_org.springframework.integration.errorLogger} as a subscriber to the 'errorChannel' channel
657  [main] INFO  org.springframework.integration.channel.PublishSubscribeChannel  - Channel 'errorChannel' has 1 subscriber(s).
657  [main] INFO  org.springframework.integration.endpoint.EventDrivenConsumer  - started _org.springframework.integration.errorLogger
657  [main] INFO  org.springframework.context.support.DefaultLifecycleProcessor  - Starting beans in phase 0
657  [main] INFO  org.springframework.integration.jms.ChannelPublishingJmsMessageListener$GatewayDelegate  - started org.springframework.integration.jms.ChannelPublishingJmsMessageListener$GatewayDelegate@2c22d166
804  [main] INFO  org.springframework.integration.jms.JmsMessageDrivenEndpoint  - started positionsJmsAdapter
0    [main] INFO  org.springframework.context.support.ClassPathXmlApplicationContext  - Refreshing org.springframework.context.support.ClassPathXmlApplicationContext@68fe748f: startup date [Wed Mar 20 16:26:06 MSK 2013]; root of context hierarchy
21   [main] INFO  org.springframework.beans.factory.xml.XmlBeanDefinitionReader  - Loading XML bean definitions from class path resource [spring.cfg.xml]
336  [main] INFO  org.springframework.beans.factory.config.PropertyPlaceholderConfigurer  - Loading properties file from class path resource [app.properties]
336  [main] INFO  org.springframework.integration.config.xml.DefaultConfiguringBeanFactoryPostProcessor  - No bean named 'errorChannel' has been explicitly defined. Therefore, a default PublishSubscribeChannel will be created.
336  [main] INFO  org.springframework.integration.config.xml.DefaultConfiguringBeanFactoryPostProcessor  - No bean named 'taskScheduler' has been explicitly defined. Therefore, a default ThreadPoolTaskScheduler will be created.
338  [main] INFO  org.springframework.beans.factory.support.DefaultListableBeanFactory  - Pre-instantiating singletons in org.springframework.beans.factory.support.DefaultListableBeanFactory@7bcd107f: defining beans [channelInitializer,$autoCreateChannelCandidates,org.springframework.integration.internalDefaultConfiguringBeanFactoryPostProcessor,inputChannel,confirmationChannel,outputChannel,org.springframework.beans.factory.config.PropertyPlaceholderConfigurer#0,positionsQueue,confirmQueue,connectionFactory,org.springframework.jms.listener.DefaultMessageListenerContainer#0,org.springframework.integration.jms.ChannelPublishingJmsMessageListener#0,positionsJmsAdapter,org.springframework.integration.aggregator.AggregatingMessageHandler#0,org.springframework.integration.config.ConsumerEndpointFactoryBean#0,messageAggregator,org.springframework.integration.file.config.FileWritingMessageHandlerFactoryBean#0,org.springframework.integration.config.ConsumerEndpointFactoryBean#1,org.springframework.integration.config.ServiceActivatorFactoryBean#0,org.springframework.integration.config.ConsumerEndpointFactoryBean#2,confirmationProcessor,org.springframework.integration.jms.JmsSendingMessageHandler#0,org.springframework.integration.config.ConsumerEndpointFactoryBean#3,nullChannel,errorChannel,_org.springframework.integration.errorLogger,taskScheduler,org.springframework.integration.config.IdGeneratorConfigurer#0]; root of factory hierarchy
693  [main] INFO  org.springframework.scheduling.concurrent.ThreadPoolTaskScheduler  - Initializing ExecutorService  'taskScheduler'
698  [main] INFO  org.springframework.context.support.DefaultLifecycleProcessor  - Starting beans in phase -2147483648
698  [main] INFO  org.springframework.integration.endpoint.EventDrivenConsumer  - Adding {aggregator} as a subscriber to the 'inputChannel' channel
698  [main] INFO  org.springframework.integration.channel.DirectChannel  - Channel 'inputChannel' has 1 subscriber(s).
698  [main] INFO  org.springframework.integration.endpoint.EventDrivenConsumer  - started org.springframework.integration.config.ConsumerEndpointFactoryBean#0
698  [main] INFO  org.springframework.integration.endpoint.EventDrivenConsumer  - Adding {message-handler} as a subscriber to the 'outputChannel' channel
698  [main] INFO  org.springframework.integration.channel.PublishSubscribeChannel  - Channel 'outputChannel' has 1 subscriber(s).
698  [main] INFO  org.springframework.integration.endpoint.EventDrivenConsumer  - started org.springframework.integration.config.ConsumerEndpointFactoryBean#1
698  [main] INFO  org.springframework.integration.endpoint.EventDrivenConsumer  - Adding {service-activator} as a subscriber to the 'outputChannel' channel
698  [main] INFO  org.springframework.integration.channel.PublishSubscribeChannel  - Channel 'outputChannel' has 2 subscriber(s).
698  [main] INFO  org.springframework.integration.endpoint.EventDrivenConsumer  - started org.springframework.integration.config.ConsumerEndpointFactoryBean#2
698  [main] INFO  org.springframework.integration.endpoint.EventDrivenConsumer  - Adding {jms:outbound-channel-adapter} as a subscriber to the 'confirmationChannel' channel
698  [main] INFO  org.springframework.integration.channel.DirectChannel  - Channel 'confirmationChannel' has 1 subscriber(s).
701  [main] INFO  org.springframework.integration.endpoint.EventDrivenConsumer  - started org.springframework.integration.config.ConsumerEndpointFactoryBean#3
701  [main] INFO  org.springframework.integration.endpoint.EventDrivenConsumer  - Adding {logging-channel-adapter:_org.springframework.integration.errorLogger} as a subscriber to the 'errorChannel' channel
701  [main] INFO  org.springframework.integration.channel.PublishSubscribeChannel  - Channel 'errorChannel' has 1 subscriber(s).
701  [main] INFO  org.springframework.integration.endpoint.EventDrivenConsumer  - started _org.springframework.integration.errorLogger
701  [main] INFO  org.springframework.context.support.DefaultLifecycleProcessor  - Starting beans in phase 0
701  [main] INFO  org.springframework.integration.jms.ChannelPublishingJmsMessageListener$GatewayDelegate  - started org.springframework.integration.jms.ChannelPublishingJmsMessageListener$GatewayDelegate@3b926e90
891  [main] INFO  org.springframework.integration.jms.JmsMessageDrivenEndpoint  - started positionsJmsAdapter
0    [main] INFO  org.springframework.context.support.ClassPathXmlApplicationContext  - Refreshing org.springframework.context.support.ClassPathXmlApplicationContext@26544ec1: startup date [Wed Mar 20 16:27:40 MSK 2013]; root of context hierarchy
44   [main] INFO  org.springframework.beans.factory.xml.XmlBeanDefinitionReader  - Loading XML bean definitions from class path resource [spring.cfg.xml]
334  [main] INFO  org.springframework.beans.factory.config.PropertyPlaceholderConfigurer  - Loading properties file from class path resource [app.properties]
334  [main] INFO  org.springframework.integration.config.xml.DefaultConfiguringBeanFactoryPostProcessor  - No bean named 'errorChannel' has been explicitly defined. Therefore, a default PublishSubscribeChannel will be created.
334  [main] INFO  org.springframework.integration.config.xml.DefaultConfiguringBeanFactoryPostProcessor  - No bean named 'taskScheduler' has been explicitly defined. Therefore, a default ThreadPoolTaskScheduler will be created.
355  [main] INFO  org.springframework.beans.factory.support.DefaultListableBeanFactory  - Pre-instantiating singletons in org.springframework.beans.factory.support.DefaultListableBeanFactory@7bcd107f: defining beans [channelInitializer,$autoCreateChannelCandidates,org.springframework.integration.internalDefaultConfiguringBeanFactoryPostProcessor,inputChannel,confirmationChannel,outputChannel,org.springframework.beans.factory.config.PropertyPlaceholderConfigurer#0,positionsQueue,confirmQueue,connectionFactory,org.springframework.jms.listener.DefaultMessageListenerContainer#0,org.springframework.integration.jms.ChannelPublishingJmsMessageListener#0,positionsJmsAdapter,org.springframework.integration.aggregator.AggregatingMessageHandler#0,org.springframework.integration.config.ConsumerEndpointFactoryBean#0,messageAggregator,org.springframework.integration.file.config.FileWritingMessageHandlerFactoryBean#0,org.springframework.integration.config.ConsumerEndpointFactoryBean#1,org.springframework.integration.config.ServiceActivatorFactoryBean#0,org.springframework.integration.config.ConsumerEndpointFactoryBean#2,confirmationProcessor,org.springframework.integration.jms.JmsSendingMessageHandler#0,org.springframework.integration.config.ConsumerEndpointFactoryBean#3,nullChannel,errorChannel,_org.springframework.integration.errorLogger,taskScheduler,org.springframework.integration.config.IdGeneratorConfigurer#0]; root of factory hierarchy
594  [main] INFO  org.springframework.scheduling.concurrent.ThreadPoolTaskScheduler  - Initializing ExecutorService  'taskScheduler'
599  [main] INFO  org.springframework.context.support.DefaultLifecycleProcessor  - Starting beans in phase -2147483648
599  [main] INFO  org.springframework.integration.endpoint.EventDrivenConsumer  - Adding {aggregator} as a subscriber to the 'inputChannel' channel
599  [main] INFO  org.springframework.integration.channel.DirectChannel  - Channel 'inputChannel' has 1 subscriber(s).
599  [main] INFO  org.springframework.integration.endpoint.EventDrivenConsumer  - started org.springframework.integration.config.ConsumerEndpointFactoryBean#0
599  [main] INFO  org.springframework.integration.endpoint.EventDrivenConsumer  - Adding {message-handler} as a subscriber to the 'outputChannel' channel
599  [main] INFO  org.springframework.integration.channel.PublishSubscribeChannel  - Channel 'outputChannel' has 1 subscriber(s).
599  [main] INFO  org.springframework.integration.endpoint.EventDrivenConsumer  - started org.springframework.integration.config.ConsumerEndpointFactoryBean#1
599  [main] INFO  org.springframework.integration.endpoint.EventDrivenConsumer  - Adding {service-activator} as a subscriber to the 'outputChannel' channel
599  [main] INFO  org.springframework.integration.channel.PublishSubscribeChannel  - Channel 'outputChannel' has 2 subscriber(s).
599  [main] INFO  org.springframework.integration.endpoint.EventDrivenConsumer  - started org.springframework.integration.config.ConsumerEndpointFactoryBean#2
599  [main] INFO  org.springframework.integration.endpoint.EventDrivenConsumer  - Adding {jms:outbound-channel-adapter} as a subscriber to the 'confirmationChannel' channel
599  [main] INFO  org.springframework.integration.channel.DirectChannel  - Channel 'confirmationChannel' has 1 subscriber(s).
599  [main] INFO  org.springframework.integration.endpoint.EventDrivenConsumer  - started org.springframework.integration.config.ConsumerEndpointFactoryBean#3
599  [main] INFO  org.springframework.integration.endpoint.EventDrivenConsumer  - Adding {logging-channel-adapter:_org.springframework.integration.errorLogger} as a subscriber to the 'errorChannel' channel
599  [main] INFO  org.springframework.integration.channel.PublishSubscribeChannel  - Channel 'errorChannel' has 1 subscriber(s).
599  [main] INFO  org.springframework.integration.endpoint.EventDrivenConsumer  - started _org.springframework.integration.errorLogger
599  [main] INFO  org.springframework.context.support.DefaultLifecycleProcessor  - Starting beans in phase 0
599  [main] INFO  org.springframework.integration.jms.ChannelPublishingJmsMessageListener$GatewayDelegate  - started org.springframework.integration.jms.ChannelPublishingJmsMessageListener$GatewayDelegate@2c22d166
782  [main] INFO  org.springframework.integration.jms.JmsMessageDrivenEndpoint  - started positionsJmsAdapter
0    [main] INFO  org.springframework.context.support.ClassPathXmlApplicationContext  - Refreshing org.springframework.context.support.ClassPathXmlApplicationContext@26544ec1: startup date [Wed Mar 20 16:30:37 MSK 2013]; root of context hierarchy
57   [main] INFO  org.springframework.beans.factory.xml.XmlBeanDefinitionReader  - Loading XML bean definitions from class path resource [spring.cfg.xml]
352  [main] INFO  org.springframework.beans.factory.config.PropertyPlaceholderConfigurer  - Loading properties file from class path resource [app.properties]
352  [main] INFO  org.springframework.integration.config.xml.DefaultConfiguringBeanFactoryPostProcessor  - No bean named 'errorChannel' has been explicitly defined. Therefore, a default PublishSubscribeChannel will be created.
352  [main] INFO  org.springframework.integration.config.xml.DefaultConfiguringBeanFactoryPostProcessor  - No bean named 'taskScheduler' has been explicitly defined. Therefore, a default ThreadPoolTaskScheduler will be created.
368  [main] INFO  org.springframework.beans.factory.support.DefaultListableBeanFactory  - Pre-instantiating singletons in org.springframework.beans.factory.support.DefaultListableBeanFactory@3c50507: defining beans [channelInitializer,$autoCreateChannelCandidates,org.springframework.integration.internalDefaultConfiguringBeanFactoryPostProcessor,inputChannel,confirmationChannel,outputChannel,org.springframework.beans.factory.config.PropertyPlaceholderConfigurer#0,positionsQueue,confirmQueue,connectionFactory,org.springframework.jms.listener.DefaultMessageListenerContainer#0,org.springframework.integration.jms.ChannelPublishingJmsMessageListener#0,positionsJmsAdapter,org.springframework.integration.aggregator.AggregatingMessageHandler#0,org.springframework.integration.config.ConsumerEndpointFactoryBean#0,messageAggregator,org.springframework.integration.file.config.FileWritingMessageHandlerFactoryBean#0,org.springframework.integration.config.ConsumerEndpointFactoryBean#1,org.springframework.integration.config.ServiceActivatorFactoryBean#0,org.springframework.integration.config.ConsumerEndpointFactoryBean#2,confirmationProcessor,org.springframework.integration.jms.JmsSendingMessageHandler#0,org.springframework.integration.config.ConsumerEndpointFactoryBean#3,nullChannel,errorChannel,_org.springframework.integration.errorLogger,taskScheduler,org.springframework.integration.config.IdGeneratorConfigurer#0]; root of factory hierarchy
617  [main] INFO  org.springframework.scheduling.concurrent.ThreadPoolTaskScheduler  - Initializing ExecutorService  'taskScheduler'
617  [main] INFO  org.springframework.context.support.DefaultLifecycleProcessor  - Starting beans in phase -2147483648
617  [main] INFO  org.springframework.integration.endpoint.EventDrivenConsumer  - Adding {aggregator} as a subscriber to the 'inputChannel' channel
617  [main] INFO  org.springframework.integration.channel.DirectChannel  - Channel 'inputChannel' has 1 subscriber(s).
617  [main] INFO  org.springframework.integration.endpoint.EventDrivenConsumer  - started org.springframework.integration.config.ConsumerEndpointFactoryBean#0
617  [main] INFO  org.springframework.integration.endpoint.EventDrivenConsumer  - Adding {message-handler} as a subscriber to the 'outputChannel' channel
617  [main] INFO  org.springframework.integration.channel.PublishSubscribeChannel  - Channel 'outputChannel' has 1 subscriber(s).
617  [main] INFO  org.springframework.integration.endpoint.EventDrivenConsumer  - started org.springframework.integration.config.ConsumerEndpointFactoryBean#1
617  [main] INFO  org.springframework.integration.endpoint.EventDrivenConsumer  - Adding {service-activator} as a subscriber to the 'outputChannel' channel
617  [main] INFO  org.springframework.integration.channel.PublishSubscribeChannel  - Channel 'outputChannel' has 2 subscriber(s).
617  [main] INFO  org.springframework.integration.endpoint.EventDrivenConsumer  - started org.springframework.integration.config.ConsumerEndpointFactoryBean#2
617  [main] INFO  org.springframework.integration.endpoint.EventDrivenConsumer  - Adding {jms:outbound-channel-adapter} as a subscriber to the 'confirmationChannel' channel
617  [main] INFO  org.springframework.integration.channel.DirectChannel  - Channel 'confirmationChannel' has 1 subscriber(s).
617  [main] INFO  org.springframework.integration.endpoint.EventDrivenConsumer  - started org.springframework.integration.config.ConsumerEndpointFactoryBean#3
617  [main] INFO  org.springframework.integration.endpoint.EventDrivenConsumer  - Adding {logging-channel-adapter:_org.springframework.integration.errorLogger} as a subscriber to the 'errorChannel' channel
617  [main] INFO  org.springframework.integration.channel.PublishSubscribeChannel  - Channel 'errorChannel' has 1 subscriber(s).
617  [main] INFO  org.springframework.integration.endpoint.EventDrivenConsumer  - started _org.springframework.integration.errorLogger
617  [main] INFO  org.springframework.context.support.DefaultLifecycleProcessor  - Starting beans in phase 0
617  [main] INFO  org.springframework.integration.jms.ChannelPublishingJmsMessageListener$GatewayDelegate  - started org.springframework.integration.jms.ChannelPublishingJmsMessageListener$GatewayDelegate@614a75bb
774  [main] INFO  org.springframework.integration.jms.JmsMessageDrivenEndpoint  - started positionsJmsAdapter
0    [main] INFO  org.springframework.context.support.ClassPathXmlApplicationContext  - Refreshing org.springframework.context.support.ClassPathXmlApplicationContext@26544ec1: startup date [Wed Mar 20 16:32:55 MSK 2013]; root of context hierarchy
46   [main] INFO  org.springframework.beans.factory.xml.XmlBeanDefinitionReader  - Loading XML bean definitions from class path resource [spring.cfg.xml]
362  [main] INFO  org.springframework.beans.factory.config.PropertyPlaceholderConfigurer  - Loading properties file from class path resource [app.properties]
362  [main] INFO  org.springframework.integration.config.xml.DefaultConfiguringBeanFactoryPostProcessor  - No bean named 'errorChannel' has been explicitly defined. Therefore, a default PublishSubscribeChannel will be created.
362  [main] INFO  org.springframework.integration.config.xml.DefaultConfiguringBeanFactoryPostProcessor  - No bean named 'taskScheduler' has been explicitly defined. Therefore, a default ThreadPoolTaskScheduler will be created.
377  [main] INFO  org.springframework.beans.factory.support.DefaultListableBeanFactory  - Pre-instantiating singletons in org.springframework.beans.factory.support.DefaultListableBeanFactory@7bcd107f: defining beans [channelInitializer,$autoCreateChannelCandidates,org.springframework.integration.internalDefaultConfiguringBeanFactoryPostProcessor,inputChannel,confirmationChannel,outputChannel,org.springframework.beans.factory.config.PropertyPlaceholderConfigurer#0,positionsQueue,confirmQueue,connectionFactory,org.springframework.jms.listener.DefaultMessageListenerContainer#0,org.springframework.integration.jms.ChannelPublishingJmsMessageListener#0,positionsJmsAdapter,org.springframework.integration.aggregator.AggregatingMessageHandler#0,org.springframework.integration.config.ConsumerEndpointFactoryBean#0,messageAggregator,org.springframework.integration.file.config.FileWritingMessageHandlerFactoryBean#0,org.springframework.integration.config.ConsumerEndpointFactoryBean#1,org.springframework.integration.config.ServiceActivatorFactoryBean#0,org.springframework.integration.config.ConsumerEndpointFactoryBean#2,confirmationProcessor,org.springframework.integration.jms.JmsSendingMessageHandler#0,org.springframework.integration.config.ConsumerEndpointFactoryBean#3,nullChannel,errorChannel,_org.springframework.integration.errorLogger,taskScheduler,org.springframework.integration.config.IdGeneratorConfigurer#0]; root of factory hierarchy
627  [main] INFO  org.springframework.scheduling.concurrent.ThreadPoolTaskScheduler  - Initializing ExecutorService  'taskScheduler'
627  [main] INFO  org.springframework.context.support.DefaultLifecycleProcessor  - Starting beans in phase -2147483648
627  [main] INFO  org.springframework.integration.endpoint.EventDrivenConsumer  - Adding {aggregator} as a subscriber to the 'inputChannel' channel
627  [main] INFO  org.springframework.integration.channel.DirectChannel  - Channel 'inputChannel' has 1 subscriber(s).
627  [main] INFO  org.springframework.integration.endpoint.EventDrivenConsumer  - started org.springframework.integration.config.ConsumerEndpointFactoryBean#0
627  [main] INFO  org.springframework.integration.endpoint.EventDrivenConsumer  - Adding {message-handler} as a subscriber to the 'outputChannel' channel
627  [main] INFO  org.springframework.integration.channel.PublishSubscribeChannel  - Channel 'outputChannel' has 1 subscriber(s).
627  [main] INFO  org.springframework.integration.endpoint.EventDrivenConsumer  - started org.springframework.integration.config.ConsumerEndpointFactoryBean#1
627  [main] INFO  org.springframework.integration.endpoint.EventDrivenConsumer  - Adding {service-activator} as a subscriber to the 'outputChannel' channel
627  [main] INFO  org.springframework.integration.channel.PublishSubscribeChannel  - Channel 'outputChannel' has 2 subscriber(s).
627  [main] INFO  org.springframework.integration.endpoint.EventDrivenConsumer  - started org.springframework.integration.config.ConsumerEndpointFactoryBean#2
627  [main] INFO  org.springframework.integration.endpoint.EventDrivenConsumer  - Adding {jms:outbound-channel-adapter} as a subscriber to the 'confirmationChannel' channel
627  [main] INFO  org.springframework.integration.channel.DirectChannel  - Channel 'confirmationChannel' has 1 subscriber(s).
627  [main] INFO  org.springframework.integration.endpoint.EventDrivenConsumer  - started org.springframework.integration.config.ConsumerEndpointFactoryBean#3
627  [main] INFO  org.springframework.integration.endpoint.EventDrivenConsumer  - Adding {logging-channel-adapter:_org.springframework.integration.errorLogger} as a subscriber to the 'errorChannel' channel
627  [main] INFO  org.springframework.integration.channel.PublishSubscribeChannel  - Channel 'errorChannel' has 1 subscriber(s).
627  [main] INFO  org.springframework.integration.endpoint.EventDrivenConsumer  - started _org.springframework.integration.errorLogger
627  [main] INFO  org.springframework.context.support.DefaultLifecycleProcessor  - Starting beans in phase 0
627  [main] INFO  org.springframework.integration.jms.ChannelPublishingJmsMessageListener$GatewayDelegate  - started org.springframework.integration.jms.ChannelPublishingJmsMessageListener$GatewayDelegate@2c22d166
806  [main] INFO  org.springframework.integration.jms.JmsMessageDrivenEndpoint  - started positionsJmsAdapter
0    [main] INFO  org.springframework.context.support.ClassPathXmlApplicationContext  - Refreshing org.springframework.context.support.ClassPathXmlApplicationContext@26544ec1: startup date [Wed Mar 20 16:35:57 MSK 2013]; root of context hierarchy
52   [main] INFO  org.springframework.beans.factory.xml.XmlBeanDefinitionReader  - Loading XML bean definitions from class path resource [spring.cfg.xml]
328  [main] INFO  org.springframework.beans.factory.config.PropertyPlaceholderConfigurer  - Loading properties file from class path resource [app.properties]
328  [main] INFO  org.springframework.integration.config.xml.DefaultConfiguringBeanFactoryPostProcessor  - No bean named 'errorChannel' has been explicitly defined. Therefore, a default PublishSubscribeChannel will be created.
328  [main] INFO  org.springframework.integration.config.xml.DefaultConfiguringBeanFactoryPostProcessor  - No bean named 'taskScheduler' has been explicitly defined. Therefore, a default ThreadPoolTaskScheduler will be created.
352  [main] INFO  org.springframework.beans.factory.support.DefaultListableBeanFactory  - Pre-instantiating singletons in org.springframework.beans.factory.support.DefaultListableBeanFactory@3c50507: defining beans [channelInitializer,$autoCreateChannelCandidates,org.springframework.integration.internalDefaultConfiguringBeanFactoryPostProcessor,inputChannel,confirmationChannel,outputChannel,org.springframework.beans.factory.config.PropertyPlaceholderConfigurer#0,positionsQueue,confirmQueue,connectionFactory,org.springframework.jms.listener.DefaultMessageListenerContainer#0,org.springframework.integration.jms.ChannelPublishingJmsMessageListener#0,positionsJmsAdapter,org.springframework.integration.aggregator.AggregatingMessageHandler#0,org.springframework.integration.config.ConsumerEndpointFactoryBean#0,messageAggregator,org.springframework.integration.file.config.FileWritingMessageHandlerFactoryBean#0,org.springframework.integration.config.ConsumerEndpointFactoryBean#1,org.springframework.integration.config.ServiceActivatorFactoryBean#0,org.springframework.integration.config.ConsumerEndpointFactoryBean#2,confirmationProcessor,org.springframework.integration.jms.JmsSendingMessageHandler#0,org.springframework.integration.config.ConsumerEndpointFactoryBean#3,nullChannel,errorChannel,_org.springframework.integration.errorLogger,taskScheduler,org.springframework.integration.config.IdGeneratorConfigurer#0]; root of factory hierarchy
612  [main] INFO  org.springframework.scheduling.concurrent.ThreadPoolTaskScheduler  - Initializing ExecutorService  'taskScheduler'
612  [main] INFO  org.springframework.context.support.DefaultLifecycleProcessor  - Starting beans in phase -2147483648
612  [main] INFO  org.springframework.integration.endpoint.EventDrivenConsumer  - Adding {aggregator} as a subscriber to the 'inputChannel' channel
612  [main] INFO  org.springframework.integration.channel.DirectChannel  - Channel 'inputChannel' has 1 subscriber(s).
612  [main] INFO  org.springframework.integration.endpoint.EventDrivenConsumer  - started org.springframework.integration.config.ConsumerEndpointFactoryBean#0
612  [main] INFO  org.springframework.integration.endpoint.EventDrivenConsumer  - Adding {message-handler} as a subscriber to the 'outputChannel' channel
612  [main] INFO  org.springframework.integration.channel.PublishSubscribeChannel  - Channel 'outputChannel' has 1 subscriber(s).
612  [main] INFO  org.springframework.integration.endpoint.EventDrivenConsumer  - started org.springframework.integration.config.ConsumerEndpointFactoryBean#1
612  [main] INFO  org.springframework.integration.endpoint.EventDrivenConsumer  - Adding {service-activator} as a subscriber to the 'outputChannel' channel
612  [main] INFO  org.springframework.integration.channel.PublishSubscribeChannel  - Channel 'outputChannel' has 2 subscriber(s).
612  [main] INFO  org.springframework.integration.endpoint.EventDrivenConsumer  - started org.springframework.integration.config.ConsumerEndpointFactoryBean#2
612  [main] INFO  org.springframework.integration.endpoint.EventDrivenConsumer  - Adding {jms:outbound-channel-adapter} as a subscriber to the 'confirmationChannel' channel
612  [main] INFO  org.springframework.integration.channel.DirectChannel  - Channel 'confirmationChannel' has 1 subscriber(s).
612  [main] INFO  org.springframework.integration.endpoint.EventDrivenConsumer  - started org.springframework.integration.config.ConsumerEndpointFactoryBean#3
612  [main] INFO  org.springframework.integration.endpoint.EventDrivenConsumer  - Adding {logging-channel-adapter:_org.springframework.integration.errorLogger} as a subscriber to the 'errorChannel' channel
612  [main] INFO  org.springframework.integration.channel.PublishSubscribeChannel  - Channel 'errorChannel' has 1 subscriber(s).
612  [main] INFO  org.springframework.integration.endpoint.EventDrivenConsumer  - started _org.springframework.integration.errorLogger
612  [main] INFO  org.springframework.context.support.DefaultLifecycleProcessor  - Starting beans in phase 0
612  [main] INFO  org.springframework.integration.jms.ChannelPublishingJmsMessageListener$GatewayDelegate  - started org.springframework.integration.jms.ChannelPublishingJmsMessageListener$GatewayDelegate@2c22d166
785  [main] INFO  org.springframework.integration.jms.JmsMessageDrivenEndpoint  - started positionsJmsAdapter
0    [main] INFO  org.springframework.context.support.ClassPathXmlApplicationContext  - Refreshing org.springframework.context.support.ClassPathXmlApplicationContext@68fe748f: startup date [Wed Mar 20 16:46:53 MSK 2013]; root of context hierarchy
34   [main] INFO  org.springframework.beans.factory.xml.XmlBeanDefinitionReader  - Loading XML bean definitions from class path resource [spring.cfg.xml]
331  [main] INFO  org.springframework.beans.factory.config.PropertyPlaceholderConfigurer  - Loading properties file from class path resource [app.properties]
331  [main] INFO  org.springframework.integration.config.xml.DefaultConfiguringBeanFactoryPostProcessor  - No bean named 'errorChannel' has been explicitly defined. Therefore, a default PublishSubscribeChannel will be created.
331  [main] INFO  org.springframework.integration.config.xml.DefaultConfiguringBeanFactoryPostProcessor  - No bean named 'taskScheduler' has been explicitly defined. Therefore, a default ThreadPoolTaskScheduler will be created.
365  [main] INFO  org.springframework.beans.factory.support.DefaultListableBeanFactory  - Pre-instantiating singletons in org.springframework.beans.factory.support.DefaultListableBeanFactory@53f64158: defining beans [channelInitializer,$autoCreateChannelCandidates,org.springframework.integration.internalDefaultConfiguringBeanFactoryPostProcessor,inputChannel,confirmationChannel,outputChannel,org.springframework.beans.factory.config.PropertyPlaceholderConfigurer#0,positionsQueue,confirmQueue,connectionFactory,org.springframework.jms.listener.DefaultMessageListenerContainer#0,org.springframework.integration.jms.ChannelPublishingJmsMessageListener#0,positionsJmsAdapter,org.springframework.integration.aggregator.AggregatingMessageHandler#0,org.springframework.integration.config.ConsumerEndpointFactoryBean#0,messageAggregator,org.springframework.integration.file.config.FileWritingMessageHandlerFactoryBean#0,org.springframework.integration.config.ConsumerEndpointFactoryBean#1,org.springframework.integration.config.ServiceActivatorFactoryBean#0,org.springframework.integration.config.ConsumerEndpointFactoryBean#2,confirmationProcessor,org.springframework.integration.jms.JmsSendingMessageHandler#0,org.springframework.integration.config.ConsumerEndpointFactoryBean#3,nullChannel,errorChannel,_org.springframework.integration.errorLogger,taskScheduler,org.springframework.integration.config.IdGeneratorConfigurer#0]; root of factory hierarchy
609  [main] INFO  org.springframework.scheduling.concurrent.ThreadPoolTaskScheduler  - Initializing ExecutorService  'taskScheduler'
612  [main] INFO  org.springframework.context.support.DefaultLifecycleProcessor  - Starting beans in phase -2147483648
612  [main] INFO  org.springframework.integration.endpoint.EventDrivenConsumer  - Adding {aggregator} as a subscriber to the 'inputChannel' channel
612  [main] INFO  org.springframework.integration.channel.DirectChannel  - Channel 'inputChannel' has 1 subscriber(s).
612  [main] INFO  org.springframework.integration.endpoint.EventDrivenConsumer  - started org.springframework.integration.config.ConsumerEndpointFactoryBean#0
612  [main] INFO  org.springframework.integration.endpoint.EventDrivenConsumer  - Adding {message-handler} as a subscriber to the 'outputChannel' channel
612  [main] INFO  org.springframework.integration.channel.PublishSubscribeChannel  - Channel 'outputChannel' has 1 subscriber(s).
612  [main] INFO  org.springframework.integration.endpoint.EventDrivenConsumer  - started org.springframework.integration.config.ConsumerEndpointFactoryBean#1
612  [main] INFO  org.springframework.integration.endpoint.EventDrivenConsumer  - Adding {service-activator} as a subscriber to the 'outputChannel' channel
612  [main] INFO  org.springframework.integration.channel.PublishSubscribeChannel  - Channel 'outputChannel' has 2 subscriber(s).
612  [main] INFO  org.springframework.integration.endpoint.EventDrivenConsumer  - started org.springframework.integration.config.ConsumerEndpointFactoryBean#2
612  [main] INFO  org.springframework.integration.endpoint.EventDrivenConsumer  - Adding {jms:outbound-channel-adapter} as a subscriber to the 'confirmationChannel' channel
612  [main] INFO  org.springframework.integration.channel.DirectChannel  - Channel 'confirmationChannel' has 1 subscriber(s).
612  [main] INFO  org.springframework.integration.endpoint.EventDrivenConsumer  - started org.springframework.integration.config.ConsumerEndpointFactoryBean#3
612  [main] INFO  org.springframework.integration.endpoint.EventDrivenConsumer  - Adding {logging-channel-adapter:_org.springframework.integration.errorLogger} as a subscriber to the 'errorChannel' channel
612  [main] INFO  org.springframework.integration.channel.PublishSubscribeChannel  - Channel 'errorChannel' has 1 subscriber(s).
612  [main] INFO  org.springframework.integration.endpoint.EventDrivenConsumer  - started _org.springframework.integration.errorLogger
612  [main] INFO  org.springframework.context.support.DefaultLifecycleProcessor  - Starting beans in phase 0
612  [main] INFO  org.springframework.integration.jms.ChannelPublishingJmsMessageListener$GatewayDelegate  - started org.springframework.integration.jms.ChannelPublishingJmsMessageListener$GatewayDelegate@2c22d166
770  [main] INFO  org.springframework.integration.jms.JmsMessageDrivenEndpoint  - started positionsJmsAdapter
0    [main] INFO  org.springframework.context.support.ClassPathXmlApplicationContext  - Refreshing org.springframework.context.support.ClassPathXmlApplicationContext@26544ec1: startup date [Wed Mar 20 16:59:36 MSK 2013]; root of context hierarchy
28   [main] INFO  org.springframework.beans.factory.xml.XmlBeanDefinitionReader  - Loading XML bean definitions from class path resource [spring.cfg.xml]
334  [main] INFO  org.springframework.beans.factory.config.PropertyPlaceholderConfigurer  - Loading properties file from class path resource [app.properties]
334  [main] INFO  org.springframework.integration.config.xml.DefaultConfiguringBeanFactoryPostProcessor  - No bean named 'errorChannel' has been explicitly defined. Therefore, a default PublishSubscribeChannel will be created.
334  [main] INFO  org.springframework.integration.config.xml.DefaultConfiguringBeanFactoryPostProcessor  - No bean named 'taskScheduler' has been explicitly defined. Therefore, a default ThreadPoolTaskScheduler will be created.
349  [main] INFO  org.springframework.beans.factory.support.DefaultListableBeanFactory  - Pre-instantiating singletons in org.springframework.beans.factory.support.DefaultListableBeanFactory@7bcd107f: defining beans [channelInitializer,$autoCreateChannelCandidates,org.springframework.integration.internalDefaultConfiguringBeanFactoryPostProcessor,inputChannel,confirmationChannel,outputChannel,org.springframework.beans.factory.config.PropertyPlaceholderConfigurer#0,positionsQueue,confirmQueue,connectionFactory,org.springframework.jms.listener.DefaultMessageListenerContainer#0,org.springframework.integration.jms.ChannelPublishingJmsMessageListener#0,positionsJmsAdapter,org.springframework.integration.aggregator.AggregatingMessageHandler#0,org.springframework.integration.config.ConsumerEndpointFactoryBean#0,messageAggregator,org.springframework.integration.file.config.FileWritingMessageHandlerFactoryBean#0,org.springframework.integration.config.ConsumerEndpointFactoryBean#1,org.springframework.integration.config.ServiceActivatorFactoryBean#0,org.springframework.integration.config.ConsumerEndpointFactoryBean#2,confirmationProcessor,org.springframework.integration.jms.JmsSendingMessageHandler#0,org.springframework.integration.config.ConsumerEndpointFactoryBean#3,nullChannel,errorChannel,_org.springframework.integration.errorLogger,taskScheduler,org.springframework.integration.config.IdGeneratorConfigurer#0]; root of factory hierarchy
591  [main] INFO  org.springframework.scheduling.concurrent.ThreadPoolTaskScheduler  - Initializing ExecutorService  'taskScheduler'
594  [main] INFO  org.springframework.context.support.DefaultLifecycleProcessor  - Starting beans in phase -2147483648
594  [main] INFO  org.springframework.integration.endpoint.EventDrivenConsumer  - Adding {aggregator} as a subscriber to the 'inputChannel' channel
594  [main] INFO  org.springframework.integration.channel.DirectChannel  - Channel 'inputChannel' has 1 subscriber(s).
594  [main] INFO  org.springframework.integration.endpoint.EventDrivenConsumer  - started org.springframework.integration.config.ConsumerEndpointFactoryBean#0
594  [main] INFO  org.springframework.integration.endpoint.EventDrivenConsumer  - Adding {message-handler} as a subscriber to the 'outputChannel' channel
594  [main] INFO  org.springframework.integration.channel.PublishSubscribeChannel  - Channel 'outputChannel' has 1 subscriber(s).
594  [main] INFO  org.springframework.integration.endpoint.EventDrivenConsumer  - started org.springframework.integration.config.ConsumerEndpointFactoryBean#1
594  [main] INFO  org.springframework.integration.endpoint.EventDrivenConsumer  - Adding {service-activator} as a subscriber to the 'outputChannel' channel
594  [main] INFO  org.springframework.integration.channel.PublishSubscribeChannel  - Channel 'outputChannel' has 2 subscriber(s).
594  [main] INFO  org.springframework.integration.endpoint.EventDrivenConsumer  - started org.springframework.integration.config.ConsumerEndpointFactoryBean#2
594  [main] INFO  org.springframework.integration.endpoint.EventDrivenConsumer  - Adding {jms:outbound-channel-adapter} as a subscriber to the 'confirmationChannel' channel
594  [main] INFO  org.springframework.integration.channel.DirectChannel  - Channel 'confirmationChannel' has 1 subscriber(s).
594  [main] INFO  org.springframework.integration.endpoint.EventDrivenConsumer  - started org.springframework.integration.config.ConsumerEndpointFactoryBean#3
594  [main] INFO  org.springframework.integration.endpoint.EventDrivenConsumer  - Adding {logging-channel-adapter:_org.springframework.integration.errorLogger} as a subscriber to the 'errorChannel' channel
594  [main] INFO  org.springframework.integration.channel.PublishSubscribeChannel  - Channel 'errorChannel' has 1 subscriber(s).
594  [main] INFO  org.springframework.integration.endpoint.EventDrivenConsumer  - started _org.springframework.integration.errorLogger
594  [main] INFO  org.springframework.context.support.DefaultLifecycleProcessor  - Starting beans in phase 0
594  [main] INFO  org.springframework.integration.jms.ChannelPublishingJmsMessageListener$GatewayDelegate  - started org.springframework.integration.jms.ChannelPublishingJmsMessageListener$GatewayDelegate@1ce3570c
783  [main] INFO  org.springframework.integration.jms.JmsMessageDrivenEndpoint  - started positionsJmsAdapter
0    [main] INFO  org.springframework.context.support.ClassPathXmlApplicationContext  - Refreshing org.springframework.context.support.ClassPathXmlApplicationContext@26544ec1: startup date [Wed Mar 20 17:04:59 MSK 2013]; root of context hierarchy
52   [main] INFO  org.springframework.beans.factory.xml.XmlBeanDefinitionReader  - Loading XML bean definitions from class path resource [spring.cfg.xml]
327  [main] INFO  org.springframework.beans.factory.config.PropertyPlaceholderConfigurer  - Loading properties file from class path resource [app.properties]
330  [main] INFO  org.springframework.integration.config.xml.DefaultConfiguringBeanFactoryPostProcessor  - No bean named 'errorChannel' has been explicitly defined. Therefore, a default PublishSubscribeChannel will be created.
330  [main] INFO  org.springframework.integration.config.xml.DefaultConfiguringBeanFactoryPostProcessor  - No bean named 'taskScheduler' has been explicitly defined. Therefore, a default ThreadPoolTaskScheduler will be created.
332  [main] INFO  org.springframework.beans.factory.support.DefaultListableBeanFactory  - Pre-instantiating singletons in org.springframework.beans.factory.support.DefaultListableBeanFactory@3c50507: defining beans [channelInitializer,$autoCreateChannelCandidates,org.springframework.integration.internalDefaultConfiguringBeanFactoryPostProcessor,inputChannel,confirmationChannel,outputChannel,org.springframework.beans.factory.config.PropertyPlaceholderConfigurer#0,positionsQueue,confirmQueue,connectionFactory,org.springframework.jms.listener.DefaultMessageListenerContainer#0,org.springframework.integration.jms.ChannelPublishingJmsMessageListener#0,positionsJmsAdapter,org.springframework.integration.aggregator.AggregatingMessageHandler#0,org.springframework.integration.config.ConsumerEndpointFactoryBean#0,messageAggregator,org.springframework.integration.file.config.FileWritingMessageHandlerFactoryBean#0,org.springframework.integration.config.ConsumerEndpointFactoryBean#1,org.springframework.integration.config.ServiceActivatorFactoryBean#0,org.springframework.integration.config.ConsumerEndpointFactoryBean#2,confirmationProcessor,org.springframework.integration.jms.JmsSendingMessageHandler#0,org.springframework.integration.config.ConsumerEndpointFactoryBean#3,nullChannel,errorChannel,_org.springframework.integration.errorLogger,taskScheduler,org.springframework.integration.config.IdGeneratorConfigurer#0]; root of factory hierarchy
611  [main] INFO  org.springframework.scheduling.concurrent.ThreadPoolTaskScheduler  - Initializing ExecutorService  'taskScheduler'
611  [main] INFO  org.springframework.context.support.DefaultLifecycleProcessor  - Starting beans in phase -2147483648
611  [main] INFO  org.springframework.integration.endpoint.EventDrivenConsumer  - Adding {aggregator} as a subscriber to the 'inputChannel' channel
611  [main] INFO  org.springframework.integration.channel.DirectChannel  - Channel 'inputChannel' has 1 subscriber(s).
611  [main] INFO  org.springframework.integration.endpoint.EventDrivenConsumer  - started org.springframework.integration.config.ConsumerEndpointFactoryBean#0
611  [main] INFO  org.springframework.integration.endpoint.EventDrivenConsumer  - Adding {message-handler} as a subscriber to the 'outputChannel' channel
611  [main] INFO  org.springframework.integration.channel.PublishSubscribeChannel  - Channel 'outputChannel' has 1 subscriber(s).
611  [main] INFO  org.springframework.integration.endpoint.EventDrivenConsumer  - started org.springframework.integration.config.ConsumerEndpointFactoryBean#1
611  [main] INFO  org.springframework.integration.endpoint.EventDrivenConsumer  - Adding {service-activator} as a subscriber to the 'outputChannel' channel
611  [main] INFO  org.springframework.integration.channel.PublishSubscribeChannel  - Channel 'outputChannel' has 2 subscriber(s).
611  [main] INFO  org.springframework.integration.endpoint.EventDrivenConsumer  - started org.springframework.integration.config.ConsumerEndpointFactoryBean#2
611  [main] INFO  org.springframework.integration.endpoint.EventDrivenConsumer  - Adding {jms:outbound-channel-adapter} as a subscriber to the 'confirmationChannel' channel
611  [main] INFO  org.springframework.integration.channel.DirectChannel  - Channel 'confirmationChannel' has 1 subscriber(s).
611  [main] INFO  org.springframework.integration.endpoint.EventDrivenConsumer  - started org.springframework.integration.config.ConsumerEndpointFactoryBean#3
611  [main] INFO  org.springframework.integration.endpoint.EventDrivenConsumer  - Adding {logging-channel-adapter:_org.springframework.integration.errorLogger} as a subscriber to the 'errorChannel' channel
611  [main] INFO  org.springframework.integration.channel.PublishSubscribeChannel  - Channel 'errorChannel' has 1 subscriber(s).
611  [main] INFO  org.springframework.integration.endpoint.EventDrivenConsumer  - started _org.springframework.integration.errorLogger
611  [main] INFO  org.springframework.context.support.DefaultLifecycleProcessor  - Starting beans in phase 0
611  [main] INFO  org.springframework.integration.jms.ChannelPublishingJmsMessageListener$GatewayDelegate  - started org.springframework.integration.jms.ChannelPublishingJmsMessageListener$GatewayDelegate@d02b2b6
766  [main] INFO  org.springframework.integration.jms.JmsMessageDrivenEndpoint  - started positionsJmsAdapter
0    [main] INFO  org.springframework.context.support.ClassPathXmlApplicationContext  - Refreshing org.springframework.context.support.ClassPathXmlApplicationContext@68fe748f: startup date [Wed Mar 20 17:12:01 MSK 2013]; root of context hierarchy
18   [main] INFO  org.springframework.beans.factory.xml.XmlBeanDefinitionReader  - Loading XML bean definitions from class path resource [spring.cfg.xml]
318  [main] INFO  org.springframework.beans.factory.config.PropertyPlaceholderConfigurer  - Loading properties file from class path resource [app.properties]
318  [main] INFO  org.springframework.integration.config.xml.DefaultConfiguringBeanFactoryPostProcessor  - No bean named 'errorChannel' has been explicitly defined. Therefore, a default PublishSubscribeChannel will be created.
318  [main] INFO  org.springframework.integration.config.xml.DefaultConfiguringBeanFactoryPostProcessor  - No bean named 'taskScheduler' has been explicitly defined. Therefore, a default ThreadPoolTaskScheduler will be created.
336  [main] INFO  org.springframework.beans.factory.support.DefaultListableBeanFactory  - Pre-instantiating singletons in org.springframework.beans.factory.support.DefaultListableBeanFactory@7bcd107f: defining beans [channelInitializer,$autoCreateChannelCandidates,org.springframework.integration.internalDefaultConfiguringBeanFactoryPostProcessor,inputChannel,confirmationChannel,outputChannel,org.springframework.beans.factory.config.PropertyPlaceholderConfigurer#0,positionsQueue,confirmQueue,connectionFactory,org.springframework.jms.listener.DefaultMessageListenerContainer#0,org.springframework.integration.jms.ChannelPublishingJmsMessageListener#0,positionsJmsAdapter,org.springframework.integration.aggregator.AggregatingMessageHandler#0,org.springframework.integration.config.ConsumerEndpointFactoryBean#0,messageAggregator,org.springframework.integration.file.config.FileWritingMessageHandlerFactoryBean#0,org.springframework.integration.config.ConsumerEndpointFactoryBean#1,org.springframework.integration.config.ServiceActivatorFactoryBean#0,org.springframework.integration.config.ConsumerEndpointFactoryBean#2,confirmationProcessor,org.springframework.integration.jms.JmsSendingMessageHandler#0,org.springframework.integration.config.ConsumerEndpointFactoryBean#3,nullChannel,errorChannel,_org.springframework.integration.errorLogger,taskScheduler,org.springframework.integration.config.IdGeneratorConfigurer#0]; root of factory hierarchy
611  [main] INFO  org.springframework.scheduling.concurrent.ThreadPoolTaskScheduler  - Initializing ExecutorService  'taskScheduler'
611  [main] INFO  org.springframework.context.support.DefaultLifecycleProcessor  - Starting beans in phase -2147483648
611  [main] INFO  org.springframework.integration.endpoint.EventDrivenConsumer  - Adding {aggregator} as a subscriber to the 'inputChannel' channel
611  [main] INFO  org.springframework.integration.channel.DirectChannel  - Channel 'inputChannel' has 1 subscriber(s).
611  [main] INFO  org.springframework.integration.endpoint.EventDrivenConsumer  - started org.springframework.integration.config.ConsumerEndpointFactoryBean#0
611  [main] INFO  org.springframework.integration.endpoint.EventDrivenConsumer  - Adding {message-handler} as a subscriber to the 'outputChannel' channel
611  [main] INFO  org.springframework.integration.channel.PublishSubscribeChannel  - Channel 'outputChannel' has 1 subscriber(s).
611  [main] INFO  org.springframework.integration.endpoint.EventDrivenConsumer  - started org.springframework.integration.config.ConsumerEndpointFactoryBean#1
611  [main] INFO  org.springframework.integration.endpoint.EventDrivenConsumer  - Adding {service-activator} as a subscriber to the 'outputChannel' channel
611  [main] INFO  org.springframework.integration.channel.PublishSubscribeChannel  - Channel 'outputChannel' has 2 subscriber(s).
611  [main] INFO  org.springframework.integration.endpoint.EventDrivenConsumer  - started org.springframework.integration.config.ConsumerEndpointFactoryBean#2
611  [main] INFO  org.springframework.integration.endpoint.EventDrivenConsumer  - Adding {jms:outbound-channel-adapter} as a subscriber to the 'confirmationChannel' channel
611  [main] INFO  org.springframework.integration.channel.DirectChannel  - Channel 'confirmationChannel' has 1 subscriber(s).
611  [main] INFO  org.springframework.integration.endpoint.EventDrivenConsumer  - started org.springframework.integration.config.ConsumerEndpointFactoryBean#3
611  [main] INFO  org.springframework.integration.endpoint.EventDrivenConsumer  - Adding {logging-channel-adapter:_org.springframework.integration.errorLogger} as a subscriber to the 'errorChannel' channel
611  [main] INFO  org.springframework.integration.channel.PublishSubscribeChannel  - Channel 'errorChannel' has 1 subscriber(s).
611  [main] INFO  org.springframework.integration.endpoint.EventDrivenConsumer  - started _org.springframework.integration.errorLogger
611  [main] INFO  org.springframework.context.support.DefaultLifecycleProcessor  - Starting beans in phase 0
611  [main] INFO  org.springframework.integration.jms.ChannelPublishingJmsMessageListener$GatewayDelegate  - started org.springframework.integration.jms.ChannelPublishingJmsMessageListener$GatewayDelegate@2918958e
793  [main] INFO  org.springframework.integration.jms.JmsMessageDrivenEndpoint  - started positionsJmsAdapter
0    [main] INFO  org.springframework.context.support.ClassPathXmlApplicationContext  - Refreshing org.springframework.context.support.ClassPathXmlApplicationContext@26544ec1: startup date [Wed Mar 20 17:36:20 MSK 2013]; root of context hierarchy
39   [main] INFO  org.springframework.beans.factory.xml.XmlBeanDefinitionReader  - Loading XML bean definitions from class path resource [spring.cfg.xml]
307  [main] INFO  org.springframework.beans.factory.config.PropertyPlaceholderConfigurer  - Loading properties file from class path resource [app.properties]
309  [main] INFO  org.springframework.integration.config.xml.DefaultConfiguringBeanFactoryPostProcessor  - No bean named 'errorChannel' has been explicitly defined. Therefore, a default PublishSubscribeChannel will be created.
309  [main] INFO  org.springframework.integration.config.xml.DefaultConfiguringBeanFactoryPostProcessor  - No bean named 'taskScheduler' has been explicitly defined. Therefore, a default ThreadPoolTaskScheduler will be created.
322  [main] INFO  org.springframework.beans.factory.support.DefaultListableBeanFactory  - Pre-instantiating singletons in org.springframework.beans.factory.support.DefaultListableBeanFactory@7bcd107f: defining beans [channelInitializer,$autoCreateChannelCandidates,org.springframework.integration.internalDefaultConfiguringBeanFactoryPostProcessor,inputChannel,confirmationChannel,outputChannel,org.springframework.beans.factory.config.PropertyPlaceholderConfigurer#0,positionsQueue,confirmQueue,connectionFactory,org.springframework.jms.listener.DefaultMessageListenerContainer#0,org.springframework.integration.jms.ChannelPublishingJmsMessageListener#0,positionsJmsAdapter,org.springframework.integration.aggregator.AggregatingMessageHandler#0,org.springframework.integration.config.ConsumerEndpointFactoryBean#0,messageAggregator,org.springframework.integration.file.config.FileWritingMessageHandlerFactoryBean#0,org.springframework.integration.config.ConsumerEndpointFactoryBean#1,org.springframework.integration.config.ServiceActivatorFactoryBean#0,org.springframework.integration.config.ConsumerEndpointFactoryBean#2,confirmationProcessor,org.springframework.integration.jms.JmsSendingMessageHandler#0,org.springframework.integration.config.ConsumerEndpointFactoryBean#3,nullChannel,errorChannel,_org.springframework.integration.errorLogger,taskScheduler,org.springframework.integration.config.IdGeneratorConfigurer#0]; root of factory hierarchy
574  [main] INFO  org.springframework.scheduling.concurrent.ThreadPoolTaskScheduler  - Initializing ExecutorService  'taskScheduler'
592  [main] INFO  org.springframework.context.support.DefaultLifecycleProcessor  - Starting beans in phase -2147483648
592  [main] INFO  org.springframework.integration.endpoint.EventDrivenConsumer  - Adding {aggregator} as a subscriber to the 'inputChannel' channel
592  [main] INFO  org.springframework.integration.channel.DirectChannel  - Channel 'inputChannel' has 1 subscriber(s).
592  [main] INFO  org.springframework.integration.endpoint.EventDrivenConsumer  - started org.springframework.integration.config.ConsumerEndpointFactoryBean#0
592  [main] INFO  org.springframework.integration.endpoint.EventDrivenConsumer  - Adding {message-handler} as a subscriber to the 'outputChannel' channel
592  [main] INFO  org.springframework.integration.channel.PublishSubscribeChannel  - Channel 'outputChannel' has 1 subscriber(s).
592  [main] INFO  org.springframework.integration.endpoint.EventDrivenConsumer  - started org.springframework.integration.config.ConsumerEndpointFactoryBean#1
592  [main] INFO  org.springframework.integration.endpoint.EventDrivenConsumer  - Adding {service-activator} as a subscriber to the 'outputChannel' channel
607  [main] INFO  org.springframework.integration.channel.PublishSubscribeChannel  - Channel 'outputChannel' has 2 subscriber(s).
607  [main] INFO  org.springframework.integration.endpoint.EventDrivenConsumer  - started org.springframework.integration.config.ConsumerEndpointFactoryBean#2
607  [main] INFO  org.springframework.integration.endpoint.EventDrivenConsumer  - Adding {jms:outbound-channel-adapter} as a subscriber to the 'confirmationChannel' channel
607  [main] INFO  org.springframework.integration.channel.DirectChannel  - Channel 'confirmationChannel' has 1 subscriber(s).
607  [main] INFO  org.springframework.integration.endpoint.EventDrivenConsumer  - started org.springframework.integration.config.ConsumerEndpointFactoryBean#3
607  [main] INFO  org.springframework.integration.endpoint.EventDrivenConsumer  - Adding {logging-channel-adapter:_org.springframework.integration.errorLogger} as a subscriber to the 'errorChannel' channel
607  [main] INFO  org.springframework.integration.channel.PublishSubscribeChannel  - Channel 'errorChannel' has 1 subscriber(s).
607  [main] INFO  org.springframework.integration.endpoint.EventDrivenConsumer  - started _org.springframework.integration.errorLogger
607  [main] INFO  org.springframework.context.support.DefaultLifecycleProcessor  - Starting beans in phase 0
607  [main] INFO  org.springframework.integration.jms.ChannelPublishingJmsMessageListener$GatewayDelegate  - started org.springframework.integration.jms.ChannelPublishingJmsMessageListener$GatewayDelegate@21e1962d
755  [main] INFO  org.springframework.integration.jms.JmsMessageDrivenEndpoint  - started positionsJmsAdapter
