1    [main] INFO  org.springframework.context.support.ClassPathXmlApplicationContext  - Refreshing org.springframework.context.support.ClassPathXmlApplicationContext@166de01: startup date [Wed Mar 06 00:53:43 MSK 2013]; root of context hierarchy
71   [main] INFO  org.springframework.beans.factory.xml.XmlBeanDefinitionReader  - Loading XML bean definitions from class path resource [spring.cfg.xml]
565  [main] INFO  org.springframework.beans.factory.config.PropertyPlaceholderConfigurer  - Loading properties file from class path resource [active.mq.properties]
569  [main] INFO  org.springframework.integration.config.xml.DefaultConfiguringBeanFactoryPostProcessor  - No bean named 'errorChannel' has been explicitly defined. Therefore, a default PublishSubscribeChannel will be created.
570  [main] INFO  org.springframework.integration.config.xml.DefaultConfiguringBeanFactoryPostProcessor  - No bean named 'taskScheduler' has been explicitly defined. Therefore, a default ThreadPoolTaskScheduler will be created.
589  [main] INFO  org.springframework.beans.factory.support.DefaultListableBeanFactory  - Pre-instantiating singletons in org.springframework.beans.factory.support.DefaultListableBeanFactory@15ed323: defining beans [org.springframework.beans.factory.config.PropertyPlaceholderConfigurer#0,channelInitializer,$autoCreateChannelCandidates,org.springframework.integration.internalDefaultConfiguringBeanFactoryPostProcessor,org.springframework.scheduling.support.PeriodicTrigger#0,poller,connectionFactory,positionsQueue,org.springframework.integration.file.config.FileListFilterFactoryBean#0,org.springframework.integration.file.config.FileReadingMessageSourceFactoryBean#0,filesIn,org.springframework.integration.file.transformer.FileToByteArrayTransformer#0,org.springframework.integration.transformer.MessageTransformingHandler#0,org.springframework.integration.config.ConsumerEndpointFactoryBean#0,bytes,org.springframework.integration.config.SplitterFactoryBean#0,org.springframework.integration.config.ConsumerEndpointFactoryBean#1,MessageSplitter,splitter-out-channel,org.springframework.integration.jms.JmsSendingMessageHandler#0,org.springframework.integration.config.ConsumerEndpointFactoryBean#2,correlationIdJmsHeaderMapper,nullChannel,errorChannel,_org.springframework.integration.errorLogger,taskScheduler,org.springframework.integration.config.IdGeneratorConfigurer#0]; root of factory hierarchy
901  [main] INFO  org.springframework.scheduling.concurrent.ThreadPoolTaskScheduler  - Initializing ExecutorService  'taskScheduler'
910  [main] INFO  org.springframework.context.support.DefaultLifecycleProcessor  - Starting beans in phase -2147483648
910  [main] INFO  org.springframework.integration.endpoint.EventDrivenConsumer  - Adding {transformer} as a subscriber to the 'inputChannel' channel
911  [main] INFO  org.springframework.integration.channel.DirectChannel  - Channel 'inputChannel' has 1 subscriber(s).
911  [main] INFO  org.springframework.integration.endpoint.EventDrivenConsumer  - started org.springframework.integration.config.ConsumerEndpointFactoryBean#0
911  [main] INFO  org.springframework.integration.endpoint.EventDrivenConsumer  - Adding {splitter} as a subscriber to the 'bytes' channel
911  [main] INFO  org.springframework.integration.channel.DirectChannel  - Channel 'bytes' has 1 subscriber(s).
911  [main] INFO  org.springframework.integration.endpoint.EventDrivenConsumer  - started org.springframework.integration.config.ConsumerEndpointFactoryBean#1
911  [main] INFO  org.springframework.integration.endpoint.EventDrivenConsumer  - Adding {jms:outbound-channel-adapter} as a subscriber to the 'splitter-out-channel' channel
911  [main] INFO  org.springframework.integration.channel.DirectChannel  - Channel 'splitter-out-channel' has 1 subscriber(s).
911  [main] INFO  org.springframework.integration.endpoint.EventDrivenConsumer  - started org.springframework.integration.config.ConsumerEndpointFactoryBean#2
911  [main] INFO  org.springframework.integration.endpoint.EventDrivenConsumer  - Adding {logging-channel-adapter:_org.springframework.integration.errorLogger} as a subscriber to the 'errorChannel' channel
911  [main] INFO  org.springframework.integration.channel.PublishSubscribeChannel  - Channel 'errorChannel' has 1 subscriber(s).
911  [main] INFO  org.springframework.integration.endpoint.EventDrivenConsumer  - started _org.springframework.integration.errorLogger
912  [main] INFO  org.springframework.context.support.DefaultLifecycleProcessor  - Starting beans in phase 2147483647
916  [main] INFO  org.springframework.integration.endpoint.SourcePollingChannelAdapter  - started filesIn
918  [main] INFO  ru.rstyle.si.MyServiceDemo  - The application is started
1023 [task-scheduler-1] INFO  org.springframework.integration.file.FileReadingMessageSource  - Created message: [[Payload=c:\temp\storage\js-integration.zip][Headers={timestamp=1362516824659, id=2d5eac9e-fb44-4f24-8744-86afd6e963e4}]]
0    [main] INFO  org.springframework.context.support.ClassPathXmlApplicationContext  - Refreshing org.springframework.context.support.ClassPathXmlApplicationContext@1075c5: startup date [Wed Mar 06 00:57:30 MSK 2013]; root of context hierarchy
72   [main] INFO  org.springframework.beans.factory.xml.XmlBeanDefinitionReader  - Loading XML bean definitions from class path resource [spring.cfg.xml]
500  [main] INFO  org.springframework.beans.factory.config.PropertyPlaceholderConfigurer  - Loading properties file from class path resource [active.mq.properties]
505  [main] INFO  org.springframework.integration.config.xml.DefaultConfiguringBeanFactoryPostProcessor  - No bean named 'errorChannel' has been explicitly defined. Therefore, a default PublishSubscribeChannel will be created.
505  [main] INFO  org.springframework.integration.config.xml.DefaultConfiguringBeanFactoryPostProcessor  - No bean named 'taskScheduler' has been explicitly defined. Therefore, a default ThreadPoolTaskScheduler will be created.
527  [main] INFO  org.springframework.beans.factory.support.DefaultListableBeanFactory  - Pre-instantiating singletons in org.springframework.beans.factory.support.DefaultListableBeanFactory@3fdf63: defining beans [org.springframework.beans.factory.config.PropertyPlaceholderConfigurer#0,channelInitializer,$autoCreateChannelCandidates,org.springframework.integration.internalDefaultConfiguringBeanFactoryPostProcessor,org.springframework.scheduling.support.PeriodicTrigger#0,poller,connectionFactory,positionsQueue,org.springframework.integration.file.config.FileListFilterFactoryBean#0,org.springframework.integration.file.config.FileReadingMessageSourceFactoryBean#0,filesIn,org.springframework.integration.file.transformer.FileToByteArrayTransformer#0,org.springframework.integration.transformer.MessageTransformingHandler#0,org.springframework.integration.config.ConsumerEndpointFactoryBean#0,bytes,org.springframework.integration.config.SplitterFactoryBean#0,org.springframework.integration.config.ConsumerEndpointFactoryBean#1,MessageSplitter,splitter-out-channel,org.springframework.integration.jms.JmsSendingMessageHandler#0,org.springframework.integration.config.ConsumerEndpointFactoryBean#2,correlationIdJmsHeaderMapper,nullChannel,errorChannel,_org.springframework.integration.errorLogger,taskScheduler,org.springframework.integration.config.IdGeneratorConfigurer#0]; root of factory hierarchy
911  [main] INFO  org.springframework.scheduling.concurrent.ThreadPoolTaskScheduler  - Initializing ExecutorService  'taskScheduler'
920  [main] INFO  org.springframework.context.support.DefaultLifecycleProcessor  - Starting beans in phase -2147483648
921  [main] INFO  org.springframework.integration.endpoint.EventDrivenConsumer  - Adding {transformer} as a subscriber to the 'inputChannel' channel
921  [main] INFO  org.springframework.integration.channel.DirectChannel  - Channel 'inputChannel' has 1 subscriber(s).
921  [main] INFO  org.springframework.integration.endpoint.EventDrivenConsumer  - started org.springframework.integration.config.ConsumerEndpointFactoryBean#0
921  [main] INFO  org.springframework.integration.endpoint.EventDrivenConsumer  - Adding {splitter} as a subscriber to the 'bytes' channel
921  [main] INFO  org.springframework.integration.channel.DirectChannel  - Channel 'bytes' has 1 subscriber(s).
921  [main] INFO  org.springframework.integration.endpoint.EventDrivenConsumer  - started org.springframework.integration.config.ConsumerEndpointFactoryBean#1
921  [main] INFO  org.springframework.integration.endpoint.EventDrivenConsumer  - Adding {jms:outbound-channel-adapter} as a subscriber to the 'splitter-out-channel' channel
921  [main] INFO  org.springframework.integration.channel.DirectChannel  - Channel 'splitter-out-channel' has 1 subscriber(s).
921  [main] INFO  org.springframework.integration.endpoint.EventDrivenConsumer  - started org.springframework.integration.config.ConsumerEndpointFactoryBean#2
921  [main] INFO  org.springframework.integration.endpoint.EventDrivenConsumer  - Adding {logging-channel-adapter:_org.springframework.integration.errorLogger} as a subscriber to the 'errorChannel' channel
922  [main] INFO  org.springframework.integration.channel.PublishSubscribeChannel  - Channel 'errorChannel' has 1 subscriber(s).
922  [main] INFO  org.springframework.integration.endpoint.EventDrivenConsumer  - started _org.springframework.integration.errorLogger
922  [main] INFO  org.springframework.context.support.DefaultLifecycleProcessor  - Starting beans in phase 2147483647
929  [main] INFO  org.springframework.integration.endpoint.SourcePollingChannelAdapter  - started filesIn
932  [main] INFO  ru.rstyle.si.MyServiceDemo  - The application is started
971  [task-scheduler-1] INFO  org.springframework.integration.file.FileReadingMessageSource  - Created message: [[Payload=c:\temp\storage\js-integration.zip][Headers={timestamp=1362517051459, id=4531eb12-2fd6-447f-9e4d-b288181e6c80}]]
0    [main] INFO  org.springframework.context.support.ClassPathXmlApplicationContext  - Refreshing org.springframework.context.support.ClassPathXmlApplicationContext@1da801b: startup date [Wed Mar 06 00:58:35 MSK 2013]; root of context hierarchy
73   [main] INFO  org.springframework.beans.factory.xml.XmlBeanDefinitionReader  - Loading XML bean definitions from class path resource [spring.cfg.xml]
531  [main] INFO  org.springframework.beans.factory.config.PropertyPlaceholderConfigurer  - Loading properties file from class path resource [active.mq.properties]
537  [main] INFO  org.springframework.integration.config.xml.DefaultConfiguringBeanFactoryPostProcessor  - No bean named 'errorChannel' has been explicitly defined. Therefore, a default PublishSubscribeChannel will be created.
537  [main] INFO  org.springframework.integration.config.xml.DefaultConfiguringBeanFactoryPostProcessor  - No bean named 'taskScheduler' has been explicitly defined. Therefore, a default ThreadPoolTaskScheduler will be created.
559  [main] INFO  org.springframework.beans.factory.support.DefaultListableBeanFactory  - Pre-instantiating singletons in org.springframework.beans.factory.support.DefaultListableBeanFactory@3fdf63: defining beans [org.springframework.beans.factory.config.PropertyPlaceholderConfigurer#0,channelInitializer,$autoCreateChannelCandidates,org.springframework.integration.internalDefaultConfiguringBeanFactoryPostProcessor,org.springframework.scheduling.support.PeriodicTrigger#0,poller,connectionFactory,positionsQueue,org.springframework.integration.file.config.FileListFilterFactoryBean#0,org.springframework.integration.file.config.FileReadingMessageSourceFactoryBean#0,filesIn,org.springframework.integration.file.transformer.FileToByteArrayTransformer#0,org.springframework.integration.transformer.MessageTransformingHandler#0,org.springframework.integration.config.ConsumerEndpointFactoryBean#0,bytes,org.springframework.integration.config.SplitterFactoryBean#0,org.springframework.integration.config.ConsumerEndpointFactoryBean#1,MessageSplitter,splitter-out-channel,org.springframework.integration.jms.JmsSendingMessageHandler#0,org.springframework.integration.config.ConsumerEndpointFactoryBean#2,correlationIdJmsHeaderMapper,nullChannel,errorChannel,_org.springframework.integration.errorLogger,taskScheduler,org.springframework.integration.config.IdGeneratorConfigurer#0]; root of factory hierarchy
944  [main] INFO  org.springframework.scheduling.concurrent.ThreadPoolTaskScheduler  - Initializing ExecutorService  'taskScheduler'
954  [main] INFO  org.springframework.context.support.DefaultLifecycleProcessor  - Starting beans in phase -2147483648
954  [main] INFO  org.springframework.integration.endpoint.EventDrivenConsumer  - Adding {transformer} as a subscriber to the 'inputChannel' channel
954  [main] INFO  org.springframework.integration.channel.DirectChannel  - Channel 'inputChannel' has 1 subscriber(s).
954  [main] INFO  org.springframework.integration.endpoint.EventDrivenConsumer  - started org.springframework.integration.config.ConsumerEndpointFactoryBean#0
955  [main] INFO  org.springframework.integration.endpoint.EventDrivenConsumer  - Adding {splitter} as a subscriber to the 'bytes' channel
955  [main] INFO  org.springframework.integration.channel.DirectChannel  - Channel 'bytes' has 1 subscriber(s).
955  [main] INFO  org.springframework.integration.endpoint.EventDrivenConsumer  - started org.springframework.integration.config.ConsumerEndpointFactoryBean#1
955  [main] INFO  org.springframework.integration.endpoint.EventDrivenConsumer  - Adding {jms:outbound-channel-adapter} as a subscriber to the 'splitter-out-channel' channel
955  [main] INFO  org.springframework.integration.channel.DirectChannel  - Channel 'splitter-out-channel' has 1 subscriber(s).
955  [main] INFO  org.springframework.integration.endpoint.EventDrivenConsumer  - started org.springframework.integration.config.ConsumerEndpointFactoryBean#2
955  [main] INFO  org.springframework.integration.endpoint.EventDrivenConsumer  - Adding {logging-channel-adapter:_org.springframework.integration.errorLogger} as a subscriber to the 'errorChannel' channel
955  [main] INFO  org.springframework.integration.channel.PublishSubscribeChannel  - Channel 'errorChannel' has 1 subscriber(s).
955  [main] INFO  org.springframework.integration.endpoint.EventDrivenConsumer  - started _org.springframework.integration.errorLogger
955  [main] INFO  org.springframework.context.support.DefaultLifecycleProcessor  - Starting beans in phase 2147483647
961  [main] INFO  org.springframework.integration.endpoint.SourcePollingChannelAdapter  - started filesIn
964  [main] INFO  ru.rstyle.si.MyServiceDemo  - The application is started
40100 [task-scheduler-3] INFO  org.springframework.integration.file.FileReadingMessageSource  - Created message: [[Payload=c:\temp\storage\js-integration.zip][Headers={timestamp=1362517155791, id=26eafd12-6e00-42aa-8690-3630bf3b0436}]]
0    [main] INFO  org.springframework.context.support.ClassPathXmlApplicationContext  - Refreshing org.springframework.context.support.ClassPathXmlApplicationContext@1133976: startup date [Wed Mar 06 01:01:11 MSK 2013]; root of context hierarchy
74   [main] INFO  org.springframework.beans.factory.xml.XmlBeanDefinitionReader  - Loading XML bean definitions from class path resource [spring.cfg.xml]
498  [main] INFO  org.springframework.beans.factory.config.PropertyPlaceholderConfigurer  - Loading properties file from class path resource [active.mq.properties]
503  [main] INFO  org.springframework.integration.config.xml.DefaultConfiguringBeanFactoryPostProcessor  - No bean named 'errorChannel' has been explicitly defined. Therefore, a default PublishSubscribeChannel will be created.
503  [main] INFO  org.springframework.integration.config.xml.DefaultConfiguringBeanFactoryPostProcessor  - No bean named 'taskScheduler' has been explicitly defined. Therefore, a default ThreadPoolTaskScheduler will be created.
524  [main] INFO  org.springframework.beans.factory.support.DefaultListableBeanFactory  - Pre-instantiating singletons in org.springframework.beans.factory.support.DefaultListableBeanFactory@1a21b63: defining beans [org.springframework.beans.factory.config.PropertyPlaceholderConfigurer#0,channelInitializer,$autoCreateChannelCandidates,org.springframework.integration.internalDefaultConfiguringBeanFactoryPostProcessor,org.springframework.scheduling.support.PeriodicTrigger#0,poller,connectionFactory,positionsQueue,org.springframework.integration.file.config.FileListFilterFactoryBean#0,org.springframework.integration.file.config.FileReadingMessageSourceFactoryBean#0,filesIn,org.springframework.integration.file.transformer.FileToByteArrayTransformer#0,org.springframework.integration.transformer.MessageTransformingHandler#0,org.springframework.integration.config.ConsumerEndpointFactoryBean#0,bytes,org.springframework.integration.config.SplitterFactoryBean#0,org.springframework.integration.config.ConsumerEndpointFactoryBean#1,MessageSplitter,splitter-out-channel,org.springframework.integration.jms.JmsSendingMessageHandler#0,org.springframework.integration.config.ConsumerEndpointFactoryBean#2,correlationIdJmsHeaderMapper,nullChannel,errorChannel,_org.springframework.integration.errorLogger,taskScheduler,org.springframework.integration.config.IdGeneratorConfigurer#0]; root of factory hierarchy
911  [main] INFO  org.springframework.scheduling.concurrent.ThreadPoolTaskScheduler  - Initializing ExecutorService  'taskScheduler'
920  [main] INFO  org.springframework.context.support.DefaultLifecycleProcessor  - Starting beans in phase -2147483648
921  [main] INFO  org.springframework.integration.endpoint.EventDrivenConsumer  - Adding {transformer} as a subscriber to the 'inputChannel' channel
921  [main] INFO  org.springframework.integration.channel.DirectChannel  - Channel 'inputChannel' has 1 subscriber(s).
921  [main] INFO  org.springframework.integration.endpoint.EventDrivenConsumer  - started org.springframework.integration.config.ConsumerEndpointFactoryBean#0
921  [main] INFO  org.springframework.integration.endpoint.EventDrivenConsumer  - Adding {splitter} as a subscriber to the 'bytes' channel
921  [main] INFO  org.springframework.integration.channel.DirectChannel  - Channel 'bytes' has 1 subscriber(s).
921  [main] INFO  org.springframework.integration.endpoint.EventDrivenConsumer  - started org.springframework.integration.config.ConsumerEndpointFactoryBean#1
921  [main] INFO  org.springframework.integration.endpoint.EventDrivenConsumer  - Adding {jms:outbound-channel-adapter} as a subscriber to the 'splitter-out-channel' channel
921  [main] INFO  org.springframework.integration.channel.DirectChannel  - Channel 'splitter-out-channel' has 1 subscriber(s).
921  [main] INFO  org.springframework.integration.endpoint.EventDrivenConsumer  - started org.springframework.integration.config.ConsumerEndpointFactoryBean#2
921  [main] INFO  org.springframework.integration.endpoint.EventDrivenConsumer  - Adding {logging-channel-adapter:_org.springframework.integration.errorLogger} as a subscriber to the 'errorChannel' channel
921  [main] INFO  org.springframework.integration.channel.PublishSubscribeChannel  - Channel 'errorChannel' has 1 subscriber(s).
921  [main] INFO  org.springframework.integration.endpoint.EventDrivenConsumer  - started _org.springframework.integration.errorLogger
921  [main] INFO  org.springframework.context.support.DefaultLifecycleProcessor  - Starting beans in phase 2147483647
929  [main] INFO  org.springframework.integration.endpoint.SourcePollingChannelAdapter  - started filesIn
933  [main] INFO  ru.rstyle.si.MyServiceDemo  - The application is started
11001 [task-scheduler-3] INFO  org.springframework.integration.file.FileReadingMessageSource  - Created message: [[Payload=c:\temp\storage\js-integration.zip][Headers={timestamp=1362517282513, id=ea140623-0a8c-406c-9506-c767448a3397}]]
0    [main] INFO  org.springframework.context.support.ClassPathXmlApplicationContext  - Refreshing org.springframework.context.support.ClassPathXmlApplicationContext@166de01: startup date [Wed Mar 06 01:07:09 MSK 2013]; root of context hierarchy
69   [main] INFO  org.springframework.beans.factory.xml.XmlBeanDefinitionReader  - Loading XML bean definitions from class path resource [spring.cfg.xml]
493  [main] INFO  org.springframework.beans.factory.config.PropertyPlaceholderConfigurer  - Loading properties file from class path resource [active.mq.properties]
498  [main] INFO  org.springframework.integration.config.xml.DefaultConfiguringBeanFactoryPostProcessor  - No bean named 'errorChannel' has been explicitly defined. Therefore, a default PublishSubscribeChannel will be created.
499  [main] INFO  org.springframework.integration.config.xml.DefaultConfiguringBeanFactoryPostProcessor  - No bean named 'taskScheduler' has been explicitly defined. Therefore, a default ThreadPoolTaskScheduler will be created.
519  [main] INFO  org.springframework.beans.factory.support.DefaultListableBeanFactory  - Pre-instantiating singletons in org.springframework.beans.factory.support.DefaultListableBeanFactory@15ed323: defining beans [org.springframework.beans.factory.config.PropertyPlaceholderConfigurer#0,channelInitializer,$autoCreateChannelCandidates,org.springframework.integration.internalDefaultConfiguringBeanFactoryPostProcessor,org.springframework.scheduling.support.PeriodicTrigger#0,poller,connectionFactory,positionsQueue,org.springframework.integration.file.config.FileListFilterFactoryBean#0,org.springframework.integration.file.config.FileReadingMessageSourceFactoryBean#0,filesIn,org.springframework.integration.file.transformer.FileToByteArrayTransformer#0,org.springframework.integration.transformer.MessageTransformingHandler#0,org.springframework.integration.config.ConsumerEndpointFactoryBean#0,bytes,org.springframework.integration.config.SplitterFactoryBean#0,org.springframework.integration.config.ConsumerEndpointFactoryBean#1,MessageSplitter,splitter-out-channel,org.springframework.integration.jms.JmsSendingMessageHandler#0,org.springframework.integration.config.ConsumerEndpointFactoryBean#2,correlationIdJmsHeaderMapper,nullChannel,errorChannel,_org.springframework.integration.errorLogger,taskScheduler,org.springframework.integration.config.IdGeneratorConfigurer#0]; root of factory hierarchy
811  [main] INFO  org.springframework.scheduling.concurrent.ThreadPoolTaskScheduler  - Initializing ExecutorService  'taskScheduler'
821  [main] INFO  org.springframework.context.support.DefaultLifecycleProcessor  - Starting beans in phase -2147483648
821  [main] INFO  org.springframework.integration.endpoint.EventDrivenConsumer  - Adding {transformer} as a subscriber to the 'inputChannel' channel
821  [main] INFO  org.springframework.integration.channel.DirectChannel  - Channel 'inputChannel' has 1 subscriber(s).
821  [main] INFO  org.springframework.integration.endpoint.EventDrivenConsumer  - started org.springframework.integration.config.ConsumerEndpointFactoryBean#0
821  [main] INFO  org.springframework.integration.endpoint.EventDrivenConsumer  - Adding {splitter} as a subscriber to the 'bytes' channel
821  [main] INFO  org.springframework.integration.channel.DirectChannel  - Channel 'bytes' has 1 subscriber(s).
821  [main] INFO  org.springframework.integration.endpoint.EventDrivenConsumer  - started org.springframework.integration.config.ConsumerEndpointFactoryBean#1
822  [main] INFO  org.springframework.integration.endpoint.EventDrivenConsumer  - Adding {jms:outbound-channel-adapter} as a subscriber to the 'splitter-out-channel' channel
822  [main] INFO  org.springframework.integration.channel.DirectChannel  - Channel 'splitter-out-channel' has 1 subscriber(s).
822  [main] INFO  org.springframework.integration.endpoint.EventDrivenConsumer  - started org.springframework.integration.config.ConsumerEndpointFactoryBean#2
822  [main] INFO  org.springframework.integration.endpoint.EventDrivenConsumer  - Adding {logging-channel-adapter:_org.springframework.integration.errorLogger} as a subscriber to the 'errorChannel' channel
822  [main] INFO  org.springframework.integration.channel.PublishSubscribeChannel  - Channel 'errorChannel' has 1 subscriber(s).
822  [main] INFO  org.springframework.integration.endpoint.EventDrivenConsumer  - started _org.springframework.integration.errorLogger
822  [main] INFO  org.springframework.context.support.DefaultLifecycleProcessor  - Starting beans in phase 2147483647
826  [main] INFO  org.springframework.integration.endpoint.SourcePollingChannelAdapter  - started filesIn
828  [main] INFO  ru.rstyle.si.MyServiceDemo  - The application is started
11899 [task-scheduler-3] INFO  org.springframework.integration.file.FileReadingMessageSource  - Created message: [[Payload=c:\temp\storage\js-integration.zip][Headers={timestamp=1362517641843, id=675a323d-6294-4ac4-a0ee-aa5b7ddf6510}]]
