0    [main] INFO  org.springframework.context.support.ClassPathXmlApplicationContext  - Refreshing org.springframework.context.support.ClassPathXmlApplicationContext@68814013: startup date [Thu Mar 14 14:30:36 MSK 2013]; root of context hierarchy
49   [main] INFO  org.springframework.beans.factory.xml.XmlBeanDefinitionReader  - Loading XML bean definitions from class path resource [spring.cfg.postgres.xml]
392  [main] INFO  org.springframework.beans.factory.config.PropertyPlaceholderConfigurer  - Loading properties file from class path resource [app.properties]
392  [main] INFO  org.springframework.integration.config.xml.DefaultConfiguringBeanFactoryPostProcessor  - No bean named 'errorChannel' has been explicitly defined. Therefore, a default PublishSubscribeChannel will be created.
392  [main] INFO  org.springframework.integration.config.xml.DefaultConfiguringBeanFactoryPostProcessor  - No bean named 'taskScheduler' has been explicitly defined. Therefore, a default ThreadPoolTaskScheduler will be created.
408  [main] INFO  org.springframework.beans.factory.support.DefaultListableBeanFactory  - Pre-instantiating singletons in org.springframework.beans.factory.support.DefaultListableBeanFactory@5ec24193: defining beans [org.springframework.beans.factory.config.PropertyPlaceholderConfigurer#0,channelInitializer,$autoCreateChannelCandidates,org.springframework.integration.internalDefaultConfiguringBeanFactoryPostProcessor,org.springframework.scheduling.support.PeriodicTrigger#0,poller,connectionFactory,positionsQueue,dataSource,org.springframework.scheduling.support.PeriodicTrigger#1,org.springframework.integration.config.SourcePollingChannelAdapterFactoryBean#0,org.springframework.integration.config.ServiceActivatorFactoryBean#0,org.springframework.integration.config.ConsumerEndpointFactoryBean#0,jdbcMessageHandler,input-channel,output-channel,org.springframework.integration.jms.JmsSendingMessageHandler#0,org.springframework.integration.config.ConsumerEndpointFactoryBean#1,nullChannel,errorChannel,_org.springframework.integration.errorLogger,taskScheduler,org.springframework.integration.config.IdGeneratorConfigurer#0]; root of factory hierarchy
2047 [main] INFO  org.springframework.scheduling.concurrent.ThreadPoolTaskScheduler  - Initializing ExecutorService  'taskScheduler'
2048 [main] INFO  org.springframework.context.support.DefaultLifecycleProcessor  - Starting beans in phase -2147483648
2048 [main] INFO  org.springframework.integration.endpoint.EventDrivenConsumer  - Adding {service-activator} as a subscriber to the 'input-channel' channel
2048 [main] INFO  org.springframework.integration.channel.DirectChannel  - Channel 'input-channel' has 1 subscriber(s).
2048 [main] INFO  org.springframework.integration.endpoint.EventDrivenConsumer  - started org.springframework.integration.config.ConsumerEndpointFactoryBean#0
2048 [main] INFO  org.springframework.integration.endpoint.EventDrivenConsumer  - Adding {jms:outbound-channel-adapter} as a subscriber to the 'output-channel' channel
2048 [main] INFO  org.springframework.integration.channel.DirectChannel  - Channel 'output-channel' has 1 subscriber(s).
2048 [main] INFO  org.springframework.integration.endpoint.EventDrivenConsumer  - started org.springframework.integration.config.ConsumerEndpointFactoryBean#1
2048 [main] INFO  org.springframework.integration.endpoint.EventDrivenConsumer  - Adding {logging-channel-adapter:_org.springframework.integration.errorLogger} as a subscriber to the 'errorChannel' channel
2048 [main] INFO  org.springframework.integration.channel.PublishSubscribeChannel  - Channel 'errorChannel' has 1 subscriber(s).
2048 [main] INFO  org.springframework.integration.endpoint.EventDrivenConsumer  - started _org.springframework.integration.errorLogger
2048 [main] INFO  org.springframework.context.support.DefaultLifecycleProcessor  - Starting beans in phase 2147483647
2048 [main] INFO  org.springframework.integration.endpoint.SourcePollingChannelAdapter  - started org.springframework.integration.config.SourcePollingChannelAdapterFactoryBean#0
2048 [main] INFO  ru.rstyle.si.MyServiceDemo  - The application is started
0    [main] INFO  org.springframework.context.support.ClassPathXmlApplicationContext  - Refreshing org.springframework.context.support.ClassPathXmlApplicationContext@68814013: startup date [Thu Mar 14 14:33:47 MSK 2013]; root of context hierarchy
47   [main] INFO  org.springframework.beans.factory.xml.XmlBeanDefinitionReader  - Loading XML bean definitions from class path resource [spring.cfg.postgres.xml]
359  [main] INFO  org.springframework.beans.factory.config.PropertyPlaceholderConfigurer  - Loading properties file from class path resource [app.properties]
359  [main] INFO  org.springframework.integration.config.xml.DefaultConfiguringBeanFactoryPostProcessor  - No bean named 'errorChannel' has been explicitly defined. Therefore, a default PublishSubscribeChannel will be created.
359  [main] INFO  org.springframework.integration.config.xml.DefaultConfiguringBeanFactoryPostProcessor  - No bean named 'taskScheduler' has been explicitly defined. Therefore, a default ThreadPoolTaskScheduler will be created.
374  [main] INFO  org.springframework.beans.factory.support.DefaultListableBeanFactory  - Pre-instantiating singletons in org.springframework.beans.factory.support.DefaultListableBeanFactory@5ec24193: defining beans [org.springframework.beans.factory.config.PropertyPlaceholderConfigurer#0,channelInitializer,$autoCreateChannelCandidates,org.springframework.integration.internalDefaultConfiguringBeanFactoryPostProcessor,org.springframework.scheduling.support.PeriodicTrigger#0,poller,connectionFactory,positionsQueue,dataSource,org.springframework.scheduling.support.PeriodicTrigger#1,org.springframework.integration.config.SourcePollingChannelAdapterFactoryBean#0,org.springframework.integration.config.ServiceActivatorFactoryBean#0,org.springframework.integration.config.ConsumerEndpointFactoryBean#0,jdbcMessageHandler,input-channel,output-channel,org.springframework.integration.jms.JmsSendingMessageHandler#0,org.springframework.integration.config.ConsumerEndpointFactoryBean#1,nullChannel,errorChannel,_org.springframework.integration.errorLogger,taskScheduler,org.springframework.integration.config.IdGeneratorConfigurer#0]; root of factory hierarchy
686  [main] INFO  org.springframework.scheduling.concurrent.ThreadPoolTaskScheduler  - Initializing ExecutorService  'taskScheduler'
687  [main] INFO  org.springframework.context.support.DefaultLifecycleProcessor  - Starting beans in phase -2147483648
687  [main] INFO  org.springframework.integration.endpoint.EventDrivenConsumer  - Adding {service-activator} as a subscriber to the 'input-channel' channel
687  [main] INFO  org.springframework.integration.channel.DirectChannel  - Channel 'input-channel' has 1 subscriber(s).
687  [main] INFO  org.springframework.integration.endpoint.EventDrivenConsumer  - started org.springframework.integration.config.ConsumerEndpointFactoryBean#0
687  [main] INFO  org.springframework.integration.endpoint.EventDrivenConsumer  - Adding {jms:outbound-channel-adapter} as a subscriber to the 'output-channel' channel
687  [main] INFO  org.springframework.integration.channel.DirectChannel  - Channel 'output-channel' has 1 subscriber(s).
687  [main] INFO  org.springframework.integration.endpoint.EventDrivenConsumer  - started org.springframework.integration.config.ConsumerEndpointFactoryBean#1
687  [main] INFO  org.springframework.integration.endpoint.EventDrivenConsumer  - Adding {logging-channel-adapter:_org.springframework.integration.errorLogger} as a subscriber to the 'errorChannel' channel
687  [main] INFO  org.springframework.integration.channel.PublishSubscribeChannel  - Channel 'errorChannel' has 1 subscriber(s).
687  [main] INFO  org.springframework.integration.endpoint.EventDrivenConsumer  - started _org.springframework.integration.errorLogger
687  [main] INFO  org.springframework.context.support.DefaultLifecycleProcessor  - Starting beans in phase 2147483647
687  [main] INFO  org.springframework.integration.endpoint.SourcePollingChannelAdapter  - started org.springframework.integration.config.SourcePollingChannelAdapterFactoryBean#0
687  [main] INFO  ru.rstyle.si.MyServiceDemo  - The application is started
0    [main] INFO  org.springframework.context.support.ClassPathXmlApplicationContext  - Refreshing org.springframework.context.support.ClassPathXmlApplicationContext@7d95d4fe: startup date [Thu Mar 14 14:40:02 MSK 2013]; root of context hierarchy
47   [main] INFO  org.springframework.beans.factory.xml.XmlBeanDefinitionReader  - Loading XML bean definitions from class path resource [spring.cfg.postgres.xml]
359  [main] INFO  org.springframework.beans.factory.config.PropertyPlaceholderConfigurer  - Loading properties file from class path resource [app.properties]
359  [main] INFO  org.springframework.integration.config.xml.DefaultConfiguringBeanFactoryPostProcessor  - No bean named 'errorChannel' has been explicitly defined. Therefore, a default PublishSubscribeChannel will be created.
359  [main] INFO  org.springframework.integration.config.xml.DefaultConfiguringBeanFactoryPostProcessor  - No bean named 'taskScheduler' has been explicitly defined. Therefore, a default ThreadPoolTaskScheduler will be created.
374  [main] INFO  org.springframework.beans.factory.support.DefaultListableBeanFactory  - Pre-instantiating singletons in org.springframework.beans.factory.support.DefaultListableBeanFactory@4513e9fd: defining beans [org.springframework.beans.factory.config.PropertyPlaceholderConfigurer#0,channelInitializer,$autoCreateChannelCandidates,org.springframework.integration.internalDefaultConfiguringBeanFactoryPostProcessor,org.springframework.scheduling.support.PeriodicTrigger#0,poller,connectionFactory,positionsQueue,dataSource,org.springframework.scheduling.support.PeriodicTrigger#1,org.springframework.integration.config.SourcePollingChannelAdapterFactoryBean#0,org.springframework.integration.config.ServiceActivatorFactoryBean#0,org.springframework.integration.config.ConsumerEndpointFactoryBean#0,jdbcMessageHandler,input-channel,output-channel,org.springframework.integration.jms.JmsSendingMessageHandler#0,org.springframework.integration.config.ConsumerEndpointFactoryBean#1,nullChannel,errorChannel,_org.springframework.integration.errorLogger,taskScheduler,org.springframework.integration.config.IdGeneratorConfigurer#0]; root of factory hierarchy
702  [main] INFO  org.springframework.scheduling.concurrent.ThreadPoolTaskScheduler  - Initializing ExecutorService  'taskScheduler'
702  [main] INFO  org.springframework.context.support.DefaultLifecycleProcessor  - Starting beans in phase -2147483648
702  [main] INFO  org.springframework.integration.endpoint.EventDrivenConsumer  - Adding {service-activator} as a subscriber to the 'input-channel' channel
702  [main] INFO  org.springframework.integration.channel.DirectChannel  - Channel 'input-channel' has 1 subscriber(s).
702  [main] INFO  org.springframework.integration.endpoint.EventDrivenConsumer  - started org.springframework.integration.config.ConsumerEndpointFactoryBean#0
702  [main] INFO  org.springframework.integration.endpoint.EventDrivenConsumer  - Adding {jms:outbound-channel-adapter} as a subscriber to the 'output-channel' channel
702  [main] INFO  org.springframework.integration.channel.DirectChannel  - Channel 'output-channel' has 1 subscriber(s).
702  [main] INFO  org.springframework.integration.endpoint.EventDrivenConsumer  - started org.springframework.integration.config.ConsumerEndpointFactoryBean#1
702  [main] INFO  org.springframework.integration.endpoint.EventDrivenConsumer  - Adding {logging-channel-adapter:_org.springframework.integration.errorLogger} as a subscriber to the 'errorChannel' channel
702  [main] INFO  org.springframework.integration.channel.PublishSubscribeChannel  - Channel 'errorChannel' has 1 subscriber(s).
702  [main] INFO  org.springframework.integration.endpoint.EventDrivenConsumer  - started _org.springframework.integration.errorLogger
702  [main] INFO  org.springframework.context.support.DefaultLifecycleProcessor  - Starting beans in phase 2147483647
702  [main] INFO  org.springframework.integration.endpoint.SourcePollingChannelAdapter  - started org.springframework.integration.config.SourcePollingChannelAdapterFactoryBean#0
703  [main] INFO  ru.rstyle.si.MyServiceDemo  - The application is started
0    [main] INFO  org.springframework.context.support.ClassPathXmlApplicationContext  - Refreshing org.springframework.context.support.ClassPathXmlApplicationContext@68814013: startup date [Thu Mar 14 14:42:06 MSK 2013]; root of context hierarchy
31   [main] INFO  org.springframework.beans.factory.xml.XmlBeanDefinitionReader  - Loading XML bean definitions from class path resource [spring.cfg.postgres.xml]
343  [main] INFO  org.springframework.beans.factory.config.PropertyPlaceholderConfigurer  - Loading properties file from class path resource [app.properties]
343  [main] INFO  org.springframework.integration.config.xml.DefaultConfiguringBeanFactoryPostProcessor  - No bean named 'errorChannel' has been explicitly defined. Therefore, a default PublishSubscribeChannel will be created.
343  [main] INFO  org.springframework.integration.config.xml.DefaultConfiguringBeanFactoryPostProcessor  - No bean named 'taskScheduler' has been explicitly defined. Therefore, a default ThreadPoolTaskScheduler will be created.
359  [main] INFO  org.springframework.beans.factory.support.DefaultListableBeanFactory  - Pre-instantiating singletons in org.springframework.beans.factory.support.DefaultListableBeanFactory@235f4a7f: defining beans [org.springframework.beans.factory.config.PropertyPlaceholderConfigurer#0,channelInitializer,$autoCreateChannelCandidates,org.springframework.integration.internalDefaultConfiguringBeanFactoryPostProcessor,org.springframework.scheduling.support.PeriodicTrigger#0,poller,connectionFactory,positionsQueue,dataSource,org.springframework.scheduling.support.PeriodicTrigger#1,org.springframework.integration.config.SourcePollingChannelAdapterFactoryBean#0,org.springframework.integration.config.ServiceActivatorFactoryBean#0,org.springframework.integration.config.ConsumerEndpointFactoryBean#0,jdbcMessageHandler,input-channel,output-channel,org.springframework.integration.jms.JmsSendingMessageHandler#0,org.springframework.integration.config.ConsumerEndpointFactoryBean#1,nullChannel,errorChannel,_org.springframework.integration.errorLogger,taskScheduler,org.springframework.integration.config.IdGeneratorConfigurer#0]; root of factory hierarchy
671  [main] INFO  org.springframework.scheduling.concurrent.ThreadPoolTaskScheduler  - Initializing ExecutorService  'taskScheduler'
687  [main] INFO  org.springframework.context.support.DefaultLifecycleProcessor  - Starting beans in phase -2147483648
687  [main] INFO  org.springframework.integration.endpoint.EventDrivenConsumer  - Adding {service-activator} as a subscriber to the 'input-channel' channel
687  [main] INFO  org.springframework.integration.channel.DirectChannel  - Channel 'input-channel' has 1 subscriber(s).
687  [main] INFO  org.springframework.integration.endpoint.EventDrivenConsumer  - started org.springframework.integration.config.ConsumerEndpointFactoryBean#0
687  [main] INFO  org.springframework.integration.endpoint.EventDrivenConsumer  - Adding {jms:outbound-channel-adapter} as a subscriber to the 'output-channel' channel
687  [main] INFO  org.springframework.integration.channel.DirectChannel  - Channel 'output-channel' has 1 subscriber(s).
687  [main] INFO  org.springframework.integration.endpoint.EventDrivenConsumer  - started org.springframework.integration.config.ConsumerEndpointFactoryBean#1
687  [main] INFO  org.springframework.integration.endpoint.EventDrivenConsumer  - Adding {logging-channel-adapter:_org.springframework.integration.errorLogger} as a subscriber to the 'errorChannel' channel
687  [main] INFO  org.springframework.integration.channel.PublishSubscribeChannel  - Channel 'errorChannel' has 1 subscriber(s).
687  [main] INFO  org.springframework.integration.endpoint.EventDrivenConsumer  - started _org.springframework.integration.errorLogger
687  [main] INFO  org.springframework.context.support.DefaultLifecycleProcessor  - Starting beans in phase 2147483647
687  [main] INFO  org.springframework.integration.endpoint.SourcePollingChannelAdapter  - started org.springframework.integration.config.SourcePollingChannelAdapterFactoryBean#0
687  [main] INFO  ru.rstyle.si.MyServiceDemo  - The application is started
0    [main] INFO  org.springframework.context.support.ClassPathXmlApplicationContext  - Refreshing org.springframework.context.support.ClassPathXmlApplicationContext@2927fa12: startup date [Thu Mar 14 14:44:59 MSK 2013]; root of context hierarchy
31   [main] INFO  org.springframework.beans.factory.xml.XmlBeanDefinitionReader  - Loading XML bean definitions from class path resource [spring.cfg.postgres.xml]
359  [main] INFO  org.springframework.beans.factory.config.PropertyPlaceholderConfigurer  - Loading properties file from class path resource [app.properties]
359  [main] INFO  org.springframework.integration.config.xml.DefaultConfiguringBeanFactoryPostProcessor  - No bean named 'errorChannel' has been explicitly defined. Therefore, a default PublishSubscribeChannel will be created.
359  [main] INFO  org.springframework.integration.config.xml.DefaultConfiguringBeanFactoryPostProcessor  - No bean named 'taskScheduler' has been explicitly defined. Therefore, a default ThreadPoolTaskScheduler will be created.
375  [main] INFO  org.springframework.beans.factory.support.DefaultListableBeanFactory  - Pre-instantiating singletons in org.springframework.beans.factory.support.DefaultListableBeanFactory@1e670479: defining beans [org.springframework.beans.factory.config.PropertyPlaceholderConfigurer#0,channelInitializer,$autoCreateChannelCandidates,org.springframework.integration.internalDefaultConfiguringBeanFactoryPostProcessor,org.springframework.scheduling.support.PeriodicTrigger#0,poller,connectionFactory,positionsQueue,dataSource,org.springframework.scheduling.support.PeriodicTrigger#1,org.springframework.integration.config.SourcePollingChannelAdapterFactoryBean#0,org.springframework.integration.config.ServiceActivatorFactoryBean#0,org.springframework.integration.config.ConsumerEndpointFactoryBean#0,jdbcMessageHandler,input-channel,output-channel,org.springframework.integration.jms.JmsSendingMessageHandler#0,org.springframework.integration.config.ConsumerEndpointFactoryBean#1,nullChannel,errorChannel,_org.springframework.integration.errorLogger,taskScheduler,org.springframework.integration.config.IdGeneratorConfigurer#0]; root of factory hierarchy
687  [main] INFO  org.springframework.scheduling.concurrent.ThreadPoolTaskScheduler  - Initializing ExecutorService  'taskScheduler'
687  [main] INFO  org.springframework.context.support.DefaultLifecycleProcessor  - Starting beans in phase -2147483648
687  [main] INFO  org.springframework.integration.endpoint.EventDrivenConsumer  - Adding {service-activator} as a subscriber to the 'input-channel' channel
702  [main] INFO  org.springframework.integration.channel.DirectChannel  - Channel 'input-channel' has 1 subscriber(s).
702  [main] INFO  org.springframework.integration.endpoint.EventDrivenConsumer  - started org.springframework.integration.config.ConsumerEndpointFactoryBean#0
702  [main] INFO  org.springframework.integration.endpoint.EventDrivenConsumer  - Adding {jms:outbound-channel-adapter} as a subscriber to the 'output-channel' channel
702  [main] INFO  org.springframework.integration.channel.DirectChannel  - Channel 'output-channel' has 1 subscriber(s).
702  [main] INFO  org.springframework.integration.endpoint.EventDrivenConsumer  - started org.springframework.integration.config.ConsumerEndpointFactoryBean#1
702  [main] INFO  org.springframework.integration.endpoint.EventDrivenConsumer  - Adding {logging-channel-adapter:_org.springframework.integration.errorLogger} as a subscriber to the 'errorChannel' channel
702  [main] INFO  org.springframework.integration.channel.PublishSubscribeChannel  - Channel 'errorChannel' has 1 subscriber(s).
702  [main] INFO  org.springframework.integration.endpoint.EventDrivenConsumer  - started _org.springframework.integration.errorLogger
702  [main] INFO  org.springframework.context.support.DefaultLifecycleProcessor  - Starting beans in phase 2147483647
702  [main] INFO  org.springframework.integration.endpoint.SourcePollingChannelAdapter  - started org.springframework.integration.config.SourcePollingChannelAdapterFactoryBean#0
702  [main] INFO  ru.rstyle.si.MyServiceDemo  - The application is started
0    [main] INFO  org.springframework.context.support.ClassPathXmlApplicationContext  - Refreshing org.springframework.context.support.ClassPathXmlApplicationContext@2927fa12: startup date [Thu Mar 14 14:45:30 MSK 2013]; root of context hierarchy
31   [main] INFO  org.springframework.beans.factory.xml.XmlBeanDefinitionReader  - Loading XML bean definitions from class path resource [spring.cfg.postgres.xml]
343  [main] INFO  org.springframework.beans.factory.config.PropertyPlaceholderConfigurer  - Loading properties file from class path resource [app.properties]
343  [main] INFO  org.springframework.integration.config.xml.DefaultConfiguringBeanFactoryPostProcessor  - No bean named 'errorChannel' has been explicitly defined. Therefore, a default PublishSubscribeChannel will be created.
358  [main] INFO  org.springframework.integration.config.xml.DefaultConfiguringBeanFactoryPostProcessor  - No bean named 'taskScheduler' has been explicitly defined. Therefore, a default ThreadPoolTaskScheduler will be created.
358  [main] INFO  org.springframework.beans.factory.support.DefaultListableBeanFactory  - Pre-instantiating singletons in org.springframework.beans.factory.support.DefaultListableBeanFactory@1e670479: defining beans [org.springframework.beans.factory.config.PropertyPlaceholderConfigurer#0,channelInitializer,$autoCreateChannelCandidates,org.springframework.integration.internalDefaultConfiguringBeanFactoryPostProcessor,org.springframework.scheduling.support.PeriodicTrigger#0,poller,connectionFactory,positionsQueue,dataSource,org.springframework.scheduling.support.PeriodicTrigger#1,org.springframework.integration.config.SourcePollingChannelAdapterFactoryBean#0,org.springframework.integration.config.ServiceActivatorFactoryBean#0,org.springframework.integration.config.ConsumerEndpointFactoryBean#0,jdbcMessageHandler,input-channel,output-channel,org.springframework.integration.jms.JmsSendingMessageHandler#0,org.springframework.integration.config.ConsumerEndpointFactoryBean#1,nullChannel,errorChannel,_org.springframework.integration.errorLogger,taskScheduler,org.springframework.integration.config.IdGeneratorConfigurer#0]; root of factory hierarchy
686  [main] INFO  org.springframework.scheduling.concurrent.ThreadPoolTaskScheduler  - Initializing ExecutorService  'taskScheduler'
686  [main] INFO  org.springframework.context.support.DefaultLifecycleProcessor  - Starting beans in phase -2147483648
686  [main] INFO  org.springframework.integration.endpoint.EventDrivenConsumer  - Adding {service-activator} as a subscriber to the 'input-channel' channel
686  [main] INFO  org.springframework.integration.channel.DirectChannel  - Channel 'input-channel' has 1 subscriber(s).
686  [main] INFO  org.springframework.integration.endpoint.EventDrivenConsumer  - started org.springframework.integration.config.ConsumerEndpointFactoryBean#0
686  [main] INFO  org.springframework.integration.endpoint.EventDrivenConsumer  - Adding {jms:outbound-channel-adapter} as a subscriber to the 'output-channel' channel
686  [main] INFO  org.springframework.integration.channel.DirectChannel  - Channel 'output-channel' has 1 subscriber(s).
686  [main] INFO  org.springframework.integration.endpoint.EventDrivenConsumer  - started org.springframework.integration.config.ConsumerEndpointFactoryBean#1
686  [main] INFO  org.springframework.integration.endpoint.EventDrivenConsumer  - Adding {logging-channel-adapter:_org.springframework.integration.errorLogger} as a subscriber to the 'errorChannel' channel
686  [main] INFO  org.springframework.integration.channel.PublishSubscribeChannel  - Channel 'errorChannel' has 1 subscriber(s).
686  [main] INFO  org.springframework.integration.endpoint.EventDrivenConsumer  - started _org.springframework.integration.errorLogger
686  [main] INFO  org.springframework.context.support.DefaultLifecycleProcessor  - Starting beans in phase 2147483647
686  [main] INFO  org.springframework.integration.endpoint.SourcePollingChannelAdapter  - started org.springframework.integration.config.SourcePollingChannelAdapterFactoryBean#0
702  [main] INFO  ru.rstyle.si.MyServiceDemo  - The application is started
0    [main] INFO  org.springframework.context.support.ClassPathXmlApplicationContext  - Refreshing org.springframework.context.support.ClassPathXmlApplicationContext@7d95d4fe: startup date [Thu Mar 14 14:46:15 MSK 2013]; root of context hierarchy
31   [main] INFO  org.springframework.beans.factory.xml.XmlBeanDefinitionReader  - Loading XML bean definitions from class path resource [spring.cfg.postgres.xml]
343  [main] INFO  org.springframework.beans.factory.config.PropertyPlaceholderConfigurer  - Loading properties file from class path resource [app.properties]
343  [main] INFO  org.springframework.integration.config.xml.DefaultConfiguringBeanFactoryPostProcessor  - No bean named 'errorChannel' has been explicitly defined. Therefore, a default PublishSubscribeChannel will be created.
343  [main] INFO  org.springframework.integration.config.xml.DefaultConfiguringBeanFactoryPostProcessor  - No bean named 'taskScheduler' has been explicitly defined. Therefore, a default ThreadPoolTaskScheduler will be created.
359  [main] INFO  org.springframework.beans.factory.support.DefaultListableBeanFactory  - Pre-instantiating singletons in org.springframework.beans.factory.support.DefaultListableBeanFactory@235f4a7f: defining beans [org.springframework.beans.factory.config.PropertyPlaceholderConfigurer#0,channelInitializer,$autoCreateChannelCandidates,org.springframework.integration.internalDefaultConfiguringBeanFactoryPostProcessor,org.springframework.scheduling.support.PeriodicTrigger#0,poller,connectionFactory,positionsQueue,dataSource,org.springframework.scheduling.support.PeriodicTrigger#1,org.springframework.integration.config.SourcePollingChannelAdapterFactoryBean#0,org.springframework.integration.config.ServiceActivatorFactoryBean#0,org.springframework.integration.config.ConsumerEndpointFactoryBean#0,jdbcMessageHandler,input-channel,output-channel,org.springframework.integration.jms.JmsSendingMessageHandler#0,org.springframework.integration.config.ConsumerEndpointFactoryBean#1,nullChannel,errorChannel,_org.springframework.integration.errorLogger,taskScheduler,org.springframework.integration.config.IdGeneratorConfigurer#0]; root of factory hierarchy
671  [main] INFO  org.springframework.scheduling.concurrent.ThreadPoolTaskScheduler  - Initializing ExecutorService  'taskScheduler'
686  [main] INFO  org.springframework.context.support.DefaultLifecycleProcessor  - Starting beans in phase -2147483648
686  [main] INFO  org.springframework.integration.endpoint.EventDrivenConsumer  - Adding {service-activator} as a subscriber to the 'input-channel' channel
686  [main] INFO  org.springframework.integration.channel.DirectChannel  - Channel 'input-channel' has 1 subscriber(s).
686  [main] INFO  org.springframework.integration.endpoint.EventDrivenConsumer  - started org.springframework.integration.config.ConsumerEndpointFactoryBean#0
686  [main] INFO  org.springframework.integration.endpoint.EventDrivenConsumer  - Adding {jms:outbound-channel-adapter} as a subscriber to the 'output-channel' channel
686  [main] INFO  org.springframework.integration.channel.DirectChannel  - Channel 'output-channel' has 1 subscriber(s).
686  [main] INFO  org.springframework.integration.endpoint.EventDrivenConsumer  - started org.springframework.integration.config.ConsumerEndpointFactoryBean#1
686  [main] INFO  org.springframework.integration.endpoint.EventDrivenConsumer  - Adding {logging-channel-adapter:_org.springframework.integration.errorLogger} as a subscriber to the 'errorChannel' channel
686  [main] INFO  org.springframework.integration.channel.PublishSubscribeChannel  - Channel 'errorChannel' has 1 subscriber(s).
686  [main] INFO  org.springframework.integration.endpoint.EventDrivenConsumer  - started _org.springframework.integration.errorLogger
686  [main] INFO  org.springframework.context.support.DefaultLifecycleProcessor  - Starting beans in phase 2147483647
686  [main] INFO  org.springframework.integration.endpoint.SourcePollingChannelAdapter  - started org.springframework.integration.config.SourcePollingChannelAdapterFactoryBean#0
686  [main] INFO  ru.rstyle.si.MyServiceDemo  - The application is started
0    [main] INFO  org.springframework.context.support.ClassPathXmlApplicationContext  - Refreshing org.springframework.context.support.ClassPathXmlApplicationContext@77d2b01b: startup date [Thu Mar 14 14:47:14 MSK 2013]; root of context hierarchy
31   [main] INFO  org.springframework.beans.factory.xml.XmlBeanDefinitionReader  - Loading XML bean definitions from class path resource [spring.cfg.postgres.xml]
343  [main] INFO  org.springframework.beans.factory.config.PropertyPlaceholderConfigurer  - Loading properties file from class path resource [app.properties]
343  [main] INFO  org.springframework.integration.config.xml.DefaultConfiguringBeanFactoryPostProcessor  - No bean named 'errorChannel' has been explicitly defined. Therefore, a default PublishSubscribeChannel will be created.
343  [main] INFO  org.springframework.integration.config.xml.DefaultConfiguringBeanFactoryPostProcessor  - No bean named 'taskScheduler' has been explicitly defined. Therefore, a default ThreadPoolTaskScheduler will be created.
359  [main] INFO  org.springframework.beans.factory.support.DefaultListableBeanFactory  - Pre-instantiating singletons in org.springframework.beans.factory.support.DefaultListableBeanFactory@4513e9fd: defining beans [org.springframework.beans.factory.config.PropertyPlaceholderConfigurer#0,channelInitializer,$autoCreateChannelCandidates,org.springframework.integration.internalDefaultConfiguringBeanFactoryPostProcessor,org.springframework.scheduling.support.PeriodicTrigger#0,poller,connectionFactory,positionsQueue,dataSource,org.springframework.scheduling.support.PeriodicTrigger#1,org.springframework.integration.config.SourcePollingChannelAdapterFactoryBean#0,org.springframework.integration.config.ServiceActivatorFactoryBean#0,org.springframework.integration.config.ConsumerEndpointFactoryBean#0,jdbcMessageHandler,input-channel,output-channel,org.springframework.integration.jms.JmsSendingMessageHandler#0,org.springframework.integration.config.ConsumerEndpointFactoryBean#1,nullChannel,errorChannel,_org.springframework.integration.errorLogger,taskScheduler,org.springframework.integration.config.IdGeneratorConfigurer#0]; root of factory hierarchy
671  [main] INFO  org.springframework.scheduling.concurrent.ThreadPoolTaskScheduler  - Initializing ExecutorService  'taskScheduler'
686  [main] INFO  org.springframework.context.support.DefaultLifecycleProcessor  - Starting beans in phase -2147483648
686  [main] INFO  org.springframework.integration.endpoint.EventDrivenConsumer  - Adding {service-activator} as a subscriber to the 'input-channel' channel
686  [main] INFO  org.springframework.integration.channel.DirectChannel  - Channel 'input-channel' has 1 subscriber(s).
686  [main] INFO  org.springframework.integration.endpoint.EventDrivenConsumer  - started org.springframework.integration.config.ConsumerEndpointFactoryBean#0
686  [main] INFO  org.springframework.integration.endpoint.EventDrivenConsumer  - Adding {jms:outbound-channel-adapter} as a subscriber to the 'output-channel' channel
686  [main] INFO  org.springframework.integration.channel.DirectChannel  - Channel 'output-channel' has 1 subscriber(s).
686  [main] INFO  org.springframework.integration.endpoint.EventDrivenConsumer  - started org.springframework.integration.config.ConsumerEndpointFactoryBean#1
686  [main] INFO  org.springframework.integration.endpoint.EventDrivenConsumer  - Adding {logging-channel-adapter:_org.springframework.integration.errorLogger} as a subscriber to the 'errorChannel' channel
686  [main] INFO  org.springframework.integration.channel.PublishSubscribeChannel  - Channel 'errorChannel' has 1 subscriber(s).
686  [main] INFO  org.springframework.integration.endpoint.EventDrivenConsumer  - started _org.springframework.integration.errorLogger
686  [main] INFO  org.springframework.context.support.DefaultLifecycleProcessor  - Starting beans in phase 2147483647
686  [main] INFO  org.springframework.integration.endpoint.SourcePollingChannelAdapter  - started org.springframework.integration.config.SourcePollingChannelAdapterFactoryBean#0
686  [main] INFO  ru.rstyle.si.MyServiceDemo  - The application is started
0    [main] INFO  org.springframework.context.support.ClassPathXmlApplicationContext  - Refreshing org.springframework.context.support.ClassPathXmlApplicationContext@68814013: startup date [Thu Mar 14 14:49:51 MSK 2013]; root of context hierarchy
47   [main] INFO  org.springframework.beans.factory.xml.XmlBeanDefinitionReader  - Loading XML bean definitions from class path resource [spring.cfg.postgres.xml]
359  [main] INFO  org.springframework.beans.factory.config.PropertyPlaceholderConfigurer  - Loading properties file from class path resource [app.properties]
359  [main] INFO  org.springframework.integration.config.xml.DefaultConfiguringBeanFactoryPostProcessor  - No bean named 'errorChannel' has been explicitly defined. Therefore, a default PublishSubscribeChannel will be created.
359  [main] INFO  org.springframework.integration.config.xml.DefaultConfiguringBeanFactoryPostProcessor  - No bean named 'taskScheduler' has been explicitly defined. Therefore, a default ThreadPoolTaskScheduler will be created.
374  [main] INFO  org.springframework.beans.factory.support.DefaultListableBeanFactory  - Pre-instantiating singletons in org.springframework.beans.factory.support.DefaultListableBeanFactory@235f4a7f: defining beans [org.springframework.beans.factory.config.PropertyPlaceholderConfigurer#0,channelInitializer,$autoCreateChannelCandidates,org.springframework.integration.internalDefaultConfiguringBeanFactoryPostProcessor,org.springframework.scheduling.support.PeriodicTrigger#0,poller,connectionFactory,positionsQueue,dataSource,org.springframework.scheduling.support.PeriodicTrigger#1,org.springframework.integration.config.SourcePollingChannelAdapterFactoryBean#0,org.springframework.integration.config.ServiceActivatorFactoryBean#0,org.springframework.integration.config.ConsumerEndpointFactoryBean#0,jdbcMessageHandler,input-channel,output-channel,org.springframework.integration.jms.JmsSendingMessageHandler#0,org.springframework.integration.config.ConsumerEndpointFactoryBean#1,nullChannel,errorChannel,_org.springframework.integration.errorLogger,taskScheduler,org.springframework.integration.config.IdGeneratorConfigurer#0]; root of factory hierarchy
686  [main] INFO  org.springframework.scheduling.concurrent.ThreadPoolTaskScheduler  - Initializing ExecutorService  'taskScheduler'
702  [main] INFO  org.springframework.context.support.DefaultLifecycleProcessor  - Starting beans in phase -2147483648
702  [main] INFO  org.springframework.integration.endpoint.EventDrivenConsumer  - Adding {service-activator} as a subscriber to the 'input-channel' channel
702  [main] INFO  org.springframework.integration.channel.DirectChannel  - Channel 'input-channel' has 1 subscriber(s).
702  [main] INFO  org.springframework.integration.endpoint.EventDrivenConsumer  - started org.springframework.integration.config.ConsumerEndpointFactoryBean#0
702  [main] INFO  org.springframework.integration.endpoint.EventDrivenConsumer  - Adding {jms:outbound-channel-adapter} as a subscriber to the 'output-channel' channel
702  [main] INFO  org.springframework.integration.channel.DirectChannel  - Channel 'output-channel' has 1 subscriber(s).
702  [main] INFO  org.springframework.integration.endpoint.EventDrivenConsumer  - started org.springframework.integration.config.ConsumerEndpointFactoryBean#1
702  [main] INFO  org.springframework.integration.endpoint.EventDrivenConsumer  - Adding {logging-channel-adapter:_org.springframework.integration.errorLogger} as a subscriber to the 'errorChannel' channel
702  [main] INFO  org.springframework.integration.channel.PublishSubscribeChannel  - Channel 'errorChannel' has 1 subscriber(s).
702  [main] INFO  org.springframework.integration.endpoint.EventDrivenConsumer  - started _org.springframework.integration.errorLogger
702  [main] INFO  org.springframework.context.support.DefaultLifecycleProcessor  - Starting beans in phase 2147483647
702  [main] INFO  org.springframework.integration.endpoint.SourcePollingChannelAdapter  - started org.springframework.integration.config.SourcePollingChannelAdapterFactoryBean#0
702  [main] INFO  ru.rstyle.si.MyServiceDemo  - The application is started
0    [main] INFO  org.springframework.context.support.ClassPathXmlApplicationContext  - Refreshing org.springframework.context.support.ClassPathXmlApplicationContext@7d95d4fe: startup date [Thu Mar 14 14:58:09 MSK 2013]; root of context hierarchy
46   [main] INFO  org.springframework.beans.factory.xml.XmlBeanDefinitionReader  - Loading XML bean definitions from class path resource [spring.cfg.postgres.xml]
358  [main] INFO  org.springframework.beans.factory.config.PropertyPlaceholderConfigurer  - Loading properties file from class path resource [app.properties]
358  [main] INFO  org.springframework.integration.config.xml.DefaultConfiguringBeanFactoryPostProcessor  - No bean named 'errorChannel' has been explicitly defined. Therefore, a default PublishSubscribeChannel will be created.
358  [main] INFO  org.springframework.integration.config.xml.DefaultConfiguringBeanFactoryPostProcessor  - No bean named 'taskScheduler' has been explicitly defined. Therefore, a default ThreadPoolTaskScheduler will be created.
374  [main] INFO  org.springframework.beans.factory.support.DefaultListableBeanFactory  - Pre-instantiating singletons in org.springframework.beans.factory.support.DefaultListableBeanFactory@5ec24193: defining beans [org.springframework.beans.factory.config.PropertyPlaceholderConfigurer#0,channelInitializer,$autoCreateChannelCandidates,org.springframework.integration.internalDefaultConfiguringBeanFactoryPostProcessor,org.springframework.scheduling.support.PeriodicTrigger#0,poller,connectionFactory,positionsQueue,dataSource,org.springframework.scheduling.support.PeriodicTrigger#1,org.springframework.integration.config.SourcePollingChannelAdapterFactoryBean#0,org.springframework.integration.config.ServiceActivatorFactoryBean#0,org.springframework.integration.config.ConsumerEndpointFactoryBean#0,jdbcMessageHandler,input-channel,output-channel,org.springframework.integration.jms.JmsSendingMessageHandler#0,org.springframework.integration.config.ConsumerEndpointFactoryBean#1,nullChannel,errorChannel,_org.springframework.integration.errorLogger,taskScheduler,org.springframework.integration.config.IdGeneratorConfigurer#0]; root of factory hierarchy
686  [main] INFO  org.springframework.scheduling.concurrent.ThreadPoolTaskScheduler  - Initializing ExecutorService  'taskScheduler'
702  [main] INFO  org.springframework.context.support.DefaultLifecycleProcessor  - Starting beans in phase -2147483648
702  [main] INFO  org.springframework.integration.endpoint.EventDrivenConsumer  - Adding {service-activator} as a subscriber to the 'input-channel' channel
702  [main] INFO  org.springframework.integration.channel.DirectChannel  - Channel 'input-channel' has 1 subscriber(s).
702  [main] INFO  org.springframework.integration.endpoint.EventDrivenConsumer  - started org.springframework.integration.config.ConsumerEndpointFactoryBean#0
702  [main] INFO  org.springframework.integration.endpoint.EventDrivenConsumer  - Adding {jms:outbound-channel-adapter} as a subscriber to the 'output-channel' channel
702  [main] INFO  org.springframework.integration.channel.DirectChannel  - Channel 'output-channel' has 1 subscriber(s).
702  [main] INFO  org.springframework.integration.endpoint.EventDrivenConsumer  - started org.springframework.integration.config.ConsumerEndpointFactoryBean#1
702  [main] INFO  org.springframework.integration.endpoint.EventDrivenConsumer  - Adding {logging-channel-adapter:_org.springframework.integration.errorLogger} as a subscriber to the 'errorChannel' channel
702  [main] INFO  org.springframework.integration.channel.PublishSubscribeChannel  - Channel 'errorChannel' has 1 subscriber(s).
702  [main] INFO  org.springframework.integration.endpoint.EventDrivenConsumer  - started _org.springframework.integration.errorLogger
702  [main] INFO  org.springframework.context.support.DefaultLifecycleProcessor  - Starting beans in phase 2147483647
702  [main] INFO  org.springframework.integration.endpoint.SourcePollingChannelAdapter  - started org.springframework.integration.config.SourcePollingChannelAdapterFactoryBean#0
702  [main] INFO  ru.rstyle.si.MyServiceDemo  - The application is started
