0    [main] INFO  org.springframework.context.support.ClassPathXmlApplicationContext  - Refreshing org.springframework.context.support.ClassPathXmlApplicationContext@68814013: startup date [Thu Mar 14 14:30:36 MSK 2013]; root of context hierarchy
49   [main] INFO  org.springframework.beans.factory.xml.XmlBeanDefinitionReader  - Loading XML bean definitions from class path resource [spring.cfg.postgres.xml]
392  [main] INFO  org.springframework.beans.factory.config.PropertyPlaceholderConfigurer  - Loading properties file from class path resource [app.properties]
392  [main] INFO  org.springframework.integration.config.xml.DefaultConfiguringBeanFactoryPostProcessor  - No bean named 'errorChannel' has been explicitly defined. Therefore, a default PublishSubscribeChannel will be created.
392  [main] INFO  org.springframework.integration.config.xml.DefaultConfiguringBeanFactoryPostProcessor  - No bean named 'taskScheduler' has been explicitly defined. Therefore, a default ThreadPoolTaskScheduler will be created.
408  [main] INFO  org.springframework.beans.factory.support.DefaultListableBeanFactory  - Pre-instantiating singletons in org.springframework.beans.factory.support.DefaultListableBeanFactory@5ec24193: defining beans [org.springframework.beans.factory.config.PropertyPlaceholderConfigurer#0,channelInitializer,$autoCreateChannelCandidates,org.springframework.integration.internalDefaultConfiguringBeanFactoryPostProcessor,org.springframework.scheduling.support.PeriodicTrigger#0,poller,connectionFactory,positionsQueue,dataSource,org.springframework.scheduling.support.PeriodicTrigger#1,org.springframework.integration.config.SourcePollingChannelAdapterFactoryBean#0,org.springframework.integration.config.ServiceActivatorFactoryBean#0,org.springframework.integration.config.ConsumerEndpointFactoryBean#0,jdbcMessageHandler,input-channel,output-channel,org.springframework.integration.jms.JmsSendingMessageHandler#0,org.springframework.integration.config.ConsumerEndpointFactoryBean#1,nullChannel,errorChannel,_org.springframework.integration.errorLogger,taskScheduler,org.springframework.integration.config.IdGeneratorConfigurer#0]; root of factory hierarchy
2047 [main] INFO  org.springframework.scheduling.concurrent.ThreadPoolTaskScheduler  - Initializing ExecutorService  'taskScheduler'
2048 [main] INFO  org.springframework.context.support.DefaultLifecycleProcessor  - Starting beans in phase -2147483648
2048 [main] INFO  org.springframework.integration.endpoint.EventDrivenConsumer  - Adding {service-activator} as a subscriber to the 'input-channel' channel
2048 [main] INFO  org.springframework.integration.channel.DirectChannel  - Channel 'input-channel' has 1 subscriber(s).
2048 [main] INFO  org.springframework.integration.endpoint.EventDrivenConsumer  - started org.springframework.integration.config.ConsumerEndpointFactoryBean#0
2048 [main] INFO  org.springframework.integration.endpoint.EventDrivenConsumer  - Adding {jms:outbound-channel-adapter} as a subscriber to the 'output-channel' channel
2048 [main] INFO  org.springframework.integration.channel.DirectChannel  - Channel 'output-channel' has 1 subscriber(s).
2048 [main] INFO  org.springframework.integration.endpoint.EventDrivenConsumer  - started org.springframework.integration.config.ConsumerEndpointFactoryBean#1
2048 [main] INFO  org.springframework.integration.endpoint.EventDrivenConsumer  - Adding {logging-channel-adapter:_org.springframework.integration.errorLogger} as a subscriber to the 'errorChannel' channel
2048 [main] INFO  org.springframework.integration.channel.PublishSubscribeChannel  - Channel 'errorChannel' has 1 subscriber(s).
2048 [main] INFO  org.springframework.integration.endpoint.EventDrivenConsumer  - started _org.springframework.integration.errorLogger
2048 [main] INFO  org.springframework.context.support.DefaultLifecycleProcessor  - Starting beans in phase 2147483647
2048 [main] INFO  org.springframework.integration.endpoint.SourcePollingChannelAdapter  - started org.springframework.integration.config.SourcePollingChannelAdapterFactoryBean#0
2048 [main] INFO  ru.rstyle.si.MyServiceDemo  - The application is started
0    [main] INFO  org.springframework.context.support.ClassPathXmlApplicationContext  - Refreshing org.springframework.context.support.ClassPathXmlApplicationContext@68814013: startup date [Thu Mar 14 14:33:47 MSK 2013]; root of context hierarchy
47   [main] INFO  org.springframework.beans.factory.xml.XmlBeanDefinitionReader  - Loading XML bean definitions from class path resource [spring.cfg.postgres.xml]
359  [main] INFO  org.springframework.beans.factory.config.PropertyPlaceholderConfigurer  - Loading properties file from class path resource [app.properties]
359  [main] INFO  org.springframework.integration.config.xml.DefaultConfiguringBeanFactoryPostProcessor  - No bean named 'errorChannel' has been explicitly defined. Therefore, a default PublishSubscribeChannel will be created.
359  [main] INFO  org.springframework.integration.config.xml.DefaultConfiguringBeanFactoryPostProcessor  - No bean named 'taskScheduler' has been explicitly defined. Therefore, a default ThreadPoolTaskScheduler will be created.
374  [main] INFO  org.springframework.beans.factory.support.DefaultListableBeanFactory  - Pre-instantiating singletons in org.springframework.beans.factory.support.DefaultListableBeanFactory@5ec24193: defining beans [org.springframework.beans.factory.config.PropertyPlaceholderConfigurer#0,channelInitializer,$autoCreateChannelCandidates,org.springframework.integration.internalDefaultConfiguringBeanFactoryPostProcessor,org.springframework.scheduling.support.PeriodicTrigger#0,poller,connectionFactory,positionsQueue,dataSource,org.springframework.scheduling.support.PeriodicTrigger#1,org.springframework.integration.config.SourcePollingChannelAdapterFactoryBean#0,org.springframework.integration.config.ServiceActivatorFactoryBean#0,org.springframework.integration.config.ConsumerEndpointFactoryBean#0,jdbcMessageHandler,input-channel,output-channel,org.springframework.integration.jms.JmsSendingMessageHandler#0,org.springframework.integration.config.ConsumerEndpointFactoryBean#1,nullChannel,errorChannel,_org.springframework.integration.errorLogger,taskScheduler,org.springframework.integration.config.IdGeneratorConfigurer#0]; root of factory hierarchy
686  [main] INFO  org.springframework.scheduling.concurrent.ThreadPoolTaskScheduler  - Initializing ExecutorService  'taskScheduler'
687  [main] INFO  org.springframework.context.support.DefaultLifecycleProcessor  - Starting beans in phase -2147483648
687  [main] INFO  org.springframework.integration.endpoint.EventDrivenConsumer  - Adding {service-activator} as a subscriber to the 'input-channel' channel
687  [main] INFO  org.springframework.integration.channel.DirectChannel  - Channel 'input-channel' has 1 subscriber(s).
687  [main] INFO  org.springframework.integration.endpoint.EventDrivenConsumer  - started org.springframework.integration.config.ConsumerEndpointFactoryBean#0
687  [main] INFO  org.springframework.integration.endpoint.EventDrivenConsumer  - Adding {jms:outbound-channel-adapter} as a subscriber to the 'output-channel' channel
687  [main] INFO  org.springframework.integration.channel.DirectChannel  - Channel 'output-channel' has 1 subscriber(s).
687  [main] INFO  org.springframework.integration.endpoint.EventDrivenConsumer  - started org.springframework.integration.config.ConsumerEndpointFactoryBean#1
687  [main] INFO  org.springframework.integration.endpoint.EventDrivenConsumer  - Adding {logging-channel-adapter:_org.springframework.integration.errorLogger} as a subscriber to the 'errorChannel' channel
687  [main] INFO  org.springframework.integration.channel.PublishSubscribeChannel  - Channel 'errorChannel' has 1 subscriber(s).
687  [main] INFO  org.springframework.integration.endpoint.EventDrivenConsumer  - started _org.springframework.integration.errorLogger
687  [main] INFO  org.springframework.context.support.DefaultLifecycleProcessor  - Starting beans in phase 2147483647
687  [main] INFO  org.springframework.integration.endpoint.SourcePollingChannelAdapter  - started org.springframework.integration.config.SourcePollingChannelAdapterFactoryBean#0
687  [main] INFO  ru.rstyle.si.MyServiceDemo  - The application is started
0    [main] INFO  org.springframework.context.support.ClassPathXmlApplicationContext  - Refreshing org.springframework.context.support.ClassPathXmlApplicationContext@7d95d4fe: startup date [Thu Mar 14 14:40:02 MSK 2013]; root of context hierarchy
47   [main] INFO  org.springframework.beans.factory.xml.XmlBeanDefinitionReader  - Loading XML bean definitions from class path resource [spring.cfg.postgres.xml]
359  [main] INFO  org.springframework.beans.factory.config.PropertyPlaceholderConfigurer  - Loading properties file from class path resource [app.properties]
359  [main] INFO  org.springframework.integration.config.xml.DefaultConfiguringBeanFactoryPostProcessor  - No bean named 'errorChannel' has been explicitly defined. Therefore, a default PublishSubscribeChannel will be created.
359  [main] INFO  org.springframework.integration.config.xml.DefaultConfiguringBeanFactoryPostProcessor  - No bean named 'taskScheduler' has been explicitly defined. Therefore, a default ThreadPoolTaskScheduler will be created.
374  [main] INFO  org.springframework.beans.factory.support.DefaultListableBeanFactory  - Pre-instantiating singletons in org.springframework.beans.factory.support.DefaultListableBeanFactory@4513e9fd: defining beans [org.springframework.beans.factory.config.PropertyPlaceholderConfigurer#0,channelInitializer,$autoCreateChannelCandidates,org.springframework.integration.internalDefaultConfiguringBeanFactoryPostProcessor,org.springframework.scheduling.support.PeriodicTrigger#0,poller,connectionFactory,positionsQueue,dataSource,org.springframework.scheduling.support.PeriodicTrigger#1,org.springframework.integration.config.SourcePollingChannelAdapterFactoryBean#0,org.springframework.integration.config.ServiceActivatorFactoryBean#0,org.springframework.integration.config.ConsumerEndpointFactoryBean#0,jdbcMessageHandler,input-channel,output-channel,org.springframework.integration.jms.JmsSendingMessageHandler#0,org.springframework.integration.config.ConsumerEndpointFactoryBean#1,nullChannel,errorChannel,_org.springframework.integration.errorLogger,taskScheduler,org.springframework.integration.config.IdGeneratorConfigurer#0]; root of factory hierarchy
702  [main] INFO  org.springframework.scheduling.concurrent.ThreadPoolTaskScheduler  - Initializing ExecutorService  'taskScheduler'
702  [main] INFO  org.springframework.context.support.DefaultLifecycleProcessor  - Starting beans in phase -2147483648
702  [main] INFO  org.springframework.integration.endpoint.EventDrivenConsumer  - Adding {service-activator} as a subscriber to the 'input-channel' channel
702  [main] INFO  org.springframework.integration.channel.DirectChannel  - Channel 'input-channel' has 1 subscriber(s).
702  [main] INFO  org.springframework.integration.endpoint.EventDrivenConsumer  - started org.springframework.integration.config.ConsumerEndpointFactoryBean#0
702  [main] INFO  org.springframework.integration.endpoint.EventDrivenConsumer  - Adding {jms:outbound-channel-adapter} as a subscriber to the 'output-channel' channel
702  [main] INFO  org.springframework.integration.channel.DirectChannel  - Channel 'output-channel' has 1 subscriber(s).
702  [main] INFO  org.springframework.integration.endpoint.EventDrivenConsumer  - started org.springframework.integration.config.ConsumerEndpointFactoryBean#1
702  [main] INFO  org.springframework.integration.endpoint.EventDrivenConsumer  - Adding {logging-channel-adapter:_org.springframework.integration.errorLogger} as a subscriber to the 'errorChannel' channel
702  [main] INFO  org.springframework.integration.channel.PublishSubscribeChannel  - Channel 'errorChannel' has 1 subscriber(s).
702  [main] INFO  org.springframework.integration.endpoint.EventDrivenConsumer  - started _org.springframework.integration.errorLogger
702  [main] INFO  org.springframework.context.support.DefaultLifecycleProcessor  - Starting beans in phase 2147483647
702  [main] INFO  org.springframework.integration.endpoint.SourcePollingChannelAdapter  - started org.springframework.integration.config.SourcePollingChannelAdapterFactoryBean#0
703  [main] INFO  ru.rstyle.si.MyServiceDemo  - The application is started
0    [main] INFO  org.springframework.context.support.ClassPathXmlApplicationContext  - Refreshing org.springframework.context.support.ClassPathXmlApplicationContext@68814013: startup date [Thu Mar 14 14:42:06 MSK 2013]; root of context hierarchy
31   [main] INFO  org.springframework.beans.factory.xml.XmlBeanDefinitionReader  - Loading XML bean definitions from class path resource [spring.cfg.postgres.xml]
343  [main] INFO  org.springframework.beans.factory.config.PropertyPlaceholderConfigurer  - Loading properties file from class path resource [app.properties]
343  [main] INFO  org.springframework.integration.config.xml.DefaultConfiguringBeanFactoryPostProcessor  - No bean named 'errorChannel' has been explicitly defined. Therefore, a default PublishSubscribeChannel will be created.
343  [main] INFO  org.springframework.integration.config.xml.DefaultConfiguringBeanFactoryPostProcessor  - No bean named 'taskScheduler' has been explicitly defined. Therefore, a default ThreadPoolTaskScheduler will be created.
359  [main] INFO  org.springframework.beans.factory.support.DefaultListableBeanFactory  - Pre-instantiating singletons in org.springframework.beans.factory.support.DefaultListableBeanFactory@235f4a7f: defining beans [org.springframework.beans.factory.config.PropertyPlaceholderConfigurer#0,channelInitializer,$autoCreateChannelCandidates,org.springframework.integration.internalDefaultConfiguringBeanFactoryPostProcessor,org.springframework.scheduling.support.PeriodicTrigger#0,poller,connectionFactory,positionsQueue,dataSource,org.springframework.scheduling.support.PeriodicTrigger#1,org.springframework.integration.config.SourcePollingChannelAdapterFactoryBean#0,org.springframework.integration.config.ServiceActivatorFactoryBean#0,org.springframework.integration.config.ConsumerEndpointFactoryBean#0,jdbcMessageHandler,input-channel,output-channel,org.springframework.integration.jms.JmsSendingMessageHandler#0,org.springframework.integration.config.ConsumerEndpointFactoryBean#1,nullChannel,errorChannel,_org.springframework.integration.errorLogger,taskScheduler,org.springframework.integration.config.IdGeneratorConfigurer#0]; root of factory hierarchy
671  [main] INFO  org.springframework.scheduling.concurrent.ThreadPoolTaskScheduler  - Initializing ExecutorService  'taskScheduler'
687  [main] INFO  org.springframework.context.support.DefaultLifecycleProcessor  - Starting beans in phase -2147483648
687  [main] INFO  org.springframework.integration.endpoint.EventDrivenConsumer  - Adding {service-activator} as a subscriber to the 'input-channel' channel
687  [main] INFO  org.springframework.integration.channel.DirectChannel  - Channel 'input-channel' has 1 subscriber(s).
687  [main] INFO  org.springframework.integration.endpoint.EventDrivenConsumer  - started org.springframework.integration.config.ConsumerEndpointFactoryBean#0
687  [main] INFO  org.springframework.integration.endpoint.EventDrivenConsumer  - Adding {jms:outbound-channel-adapter} as a subscriber to the 'output-channel' channel
687  [main] INFO  org.springframework.integration.channel.DirectChannel  - Channel 'output-channel' has 1 subscriber(s).
687  [main] INFO  org.springframework.integration.endpoint.EventDrivenConsumer  - started org.springframework.integration.config.ConsumerEndpointFactoryBean#1
687  [main] INFO  org.springframework.integration.endpoint.EventDrivenConsumer  - Adding {logging-channel-adapter:_org.springframework.integration.errorLogger} as a subscriber to the 'errorChannel' channel
687  [main] INFO  org.springframework.integration.channel.PublishSubscribeChannel  - Channel 'errorChannel' has 1 subscriber(s).
687  [main] INFO  org.springframework.integration.endpoint.EventDrivenConsumer  - started _org.springframework.integration.errorLogger
687  [main] INFO  org.springframework.context.support.DefaultLifecycleProcessor  - Starting beans in phase 2147483647
687  [main] INFO  org.springframework.integration.endpoint.SourcePollingChannelAdapter  - started org.springframework.integration.config.SourcePollingChannelAdapterFactoryBean#0
687  [main] INFO  ru.rstyle.si.MyServiceDemo  - The application is started
0    [main] INFO  org.springframework.context.support.ClassPathXmlApplicationContext  - Refreshing org.springframework.context.support.ClassPathXmlApplicationContext@2927fa12: startup date [Thu Mar 14 14:44:59 MSK 2013]; root of context hierarchy
31   [main] INFO  org.springframework.beans.factory.xml.XmlBeanDefinitionReader  - Loading XML bean definitions from class path resource [spring.cfg.postgres.xml]
359  [main] INFO  org.springframework.beans.factory.config.PropertyPlaceholderConfigurer  - Loading properties file from class path resource [app.properties]
359  [main] INFO  org.springframework.integration.config.xml.DefaultConfiguringBeanFactoryPostProcessor  - No bean named 'errorChannel' has been explicitly defined. Therefore, a default PublishSubscribeChannel will be created.
359  [main] INFO  org.springframework.integration.config.xml.DefaultConfiguringBeanFactoryPostProcessor  - No bean named 'taskScheduler' has been explicitly defined. Therefore, a default ThreadPoolTaskScheduler will be created.
375  [main] INFO  org.springframework.beans.factory.support.DefaultListableBeanFactory  - Pre-instantiating singletons in org.springframework.beans.factory.support.DefaultListableBeanFactory@1e670479: defining beans [org.springframework.beans.factory.config.PropertyPlaceholderConfigurer#0,channelInitializer,$autoCreateChannelCandidates,org.springframework.integration.internalDefaultConfiguringBeanFactoryPostProcessor,org.springframework.scheduling.support.PeriodicTrigger#0,poller,connectionFactory,positionsQueue,dataSource,org.springframework.scheduling.support.PeriodicTrigger#1,org.springframework.integration.config.SourcePollingChannelAdapterFactoryBean#0,org.springframework.integration.config.ServiceActivatorFactoryBean#0,org.springframework.integration.config.ConsumerEndpointFactoryBean#0,jdbcMessageHandler,input-channel,output-channel,org.springframework.integration.jms.JmsSendingMessageHandler#0,org.springframework.integration.config.ConsumerEndpointFactoryBean#1,nullChannel,errorChannel,_org.springframework.integration.errorLogger,taskScheduler,org.springframework.integration.config.IdGeneratorConfigurer#0]; root of factory hierarchy
687  [main] INFO  org.springframework.scheduling.concurrent.ThreadPoolTaskScheduler  - Initializing ExecutorService  'taskScheduler'
687  [main] INFO  org.springframework.context.support.DefaultLifecycleProcessor  - Starting beans in phase -2147483648
687  [main] INFO  org.springframework.integration.endpoint.EventDrivenConsumer  - Adding {service-activator} as a subscriber to the 'input-channel' channel
702  [main] INFO  org.springframework.integration.channel.DirectChannel  - Channel 'input-channel' has 1 subscriber(s).
702  [main] INFO  org.springframework.integration.endpoint.EventDrivenConsumer  - started org.springframework.integration.config.ConsumerEndpointFactoryBean#0
702  [main] INFO  org.springframework.integration.endpoint.EventDrivenConsumer  - Adding {jms:outbound-channel-adapter} as a subscriber to the 'output-channel' channel
702  [main] INFO  org.springframework.integration.channel.DirectChannel  - Channel 'output-channel' has 1 subscriber(s).
702  [main] INFO  org.springframework.integration.endpoint.EventDrivenConsumer  - started org.springframework.integration.config.ConsumerEndpointFactoryBean#1
702  [main] INFO  org.springframework.integration.endpoint.EventDrivenConsumer  - Adding {logging-channel-adapter:_org.springframework.integration.errorLogger} as a subscriber to the 'errorChannel' channel
702  [main] INFO  org.springframework.integration.channel.PublishSubscribeChannel  - Channel 'errorChannel' has 1 subscriber(s).
702  [main] INFO  org.springframework.integration.endpoint.EventDrivenConsumer  - started _org.springframework.integration.errorLogger
702  [main] INFO  org.springframework.context.support.DefaultLifecycleProcessor  - Starting beans in phase 2147483647
702  [main] INFO  org.springframework.integration.endpoint.SourcePollingChannelAdapter  - started org.springframework.integration.config.SourcePollingChannelAdapterFactoryBean#0
702  [main] INFO  ru.rstyle.si.MyServiceDemo  - The application is started
0    [main] INFO  org.springframework.context.support.ClassPathXmlApplicationContext  - Refreshing org.springframework.context.support.ClassPathXmlApplicationContext@2927fa12: startup date [Thu Mar 14 14:45:30 MSK 2013]; root of context hierarchy
31   [main] INFO  org.springframework.beans.factory.xml.XmlBeanDefinitionReader  - Loading XML bean definitions from class path resource [spring.cfg.postgres.xml]
343  [main] INFO  org.springframework.beans.factory.config.PropertyPlaceholderConfigurer  - Loading properties file from class path resource [app.properties]
343  [main] INFO  org.springframework.integration.config.xml.DefaultConfiguringBeanFactoryPostProcessor  - No bean named 'errorChannel' has been explicitly defined. Therefore, a default PublishSubscribeChannel will be created.
358  [main] INFO  org.springframework.integration.config.xml.DefaultConfiguringBeanFactoryPostProcessor  - No bean named 'taskScheduler' has been explicitly defined. Therefore, a default ThreadPoolTaskScheduler will be created.
358  [main] INFO  org.springframework.beans.factory.support.DefaultListableBeanFactory  - Pre-instantiating singletons in org.springframework.beans.factory.support.DefaultListableBeanFactory@1e670479: defining beans [org.springframework.beans.factory.config.PropertyPlaceholderConfigurer#0,channelInitializer,$autoCreateChannelCandidates,org.springframework.integration.internalDefaultConfiguringBeanFactoryPostProcessor,org.springframework.scheduling.support.PeriodicTrigger#0,poller,connectionFactory,positionsQueue,dataSource,org.springframework.scheduling.support.PeriodicTrigger#1,org.springframework.integration.config.SourcePollingChannelAdapterFactoryBean#0,org.springframework.integration.config.ServiceActivatorFactoryBean#0,org.springframework.integration.config.ConsumerEndpointFactoryBean#0,jdbcMessageHandler,input-channel,output-channel,org.springframework.integration.jms.JmsSendingMessageHandler#0,org.springframework.integration.config.ConsumerEndpointFactoryBean#1,nullChannel,errorChannel,_org.springframework.integration.errorLogger,taskScheduler,org.springframework.integration.config.IdGeneratorConfigurer#0]; root of factory hierarchy
686  [main] INFO  org.springframework.scheduling.concurrent.ThreadPoolTaskScheduler  - Initializing ExecutorService  'taskScheduler'
686  [main] INFO  org.springframework.context.support.DefaultLifecycleProcessor  - Starting beans in phase -2147483648
686  [main] INFO  org.springframework.integration.endpoint.EventDrivenConsumer  - Adding {service-activator} as a subscriber to the 'input-channel' channel
686  [main] INFO  org.springframework.integration.channel.DirectChannel  - Channel 'input-channel' has 1 subscriber(s).
686  [main] INFO  org.springframework.integration.endpoint.EventDrivenConsumer  - started org.springframework.integration.config.ConsumerEndpointFactoryBean#0
686  [main] INFO  org.springframework.integration.endpoint.EventDrivenConsumer  - Adding {jms:outbound-channel-adapter} as a subscriber to the 'output-channel' channel
686  [main] INFO  org.springframework.integration.channel.DirectChannel  - Channel 'output-channel' has 1 subscriber(s).
686  [main] INFO  org.springframework.integration.endpoint.EventDrivenConsumer  - started org.springframework.integration.config.ConsumerEndpointFactoryBean#1
686  [main] INFO  org.springframework.integration.endpoint.EventDrivenConsumer  - Adding {logging-channel-adapter:_org.springframework.integration.errorLogger} as a subscriber to the 'errorChannel' channel
686  [main] INFO  org.springframework.integration.channel.PublishSubscribeChannel  - Channel 'errorChannel' has 1 subscriber(s).
686  [main] INFO  org.springframework.integration.endpoint.EventDrivenConsumer  - started _org.springframework.integration.errorLogger
686  [main] INFO  org.springframework.context.support.DefaultLifecycleProcessor  - Starting beans in phase 2147483647
686  [main] INFO  org.springframework.integration.endpoint.SourcePollingChannelAdapter  - started org.springframework.integration.config.SourcePollingChannelAdapterFactoryBean#0
702  [main] INFO  ru.rstyle.si.MyServiceDemo  - The application is started
0    [main] INFO  org.springframework.context.support.ClassPathXmlApplicationContext  - Refreshing org.springframework.context.support.ClassPathXmlApplicationContext@7d95d4fe: startup date [Thu Mar 14 14:46:15 MSK 2013]; root of context hierarchy
31   [main] INFO  org.springframework.beans.factory.xml.XmlBeanDefinitionReader  - Loading XML bean definitions from class path resource [spring.cfg.postgres.xml]
343  [main] INFO  org.springframework.beans.factory.config.PropertyPlaceholderConfigurer  - Loading properties file from class path resource [app.properties]
343  [main] INFO  org.springframework.integration.config.xml.DefaultConfiguringBeanFactoryPostProcessor  - No bean named 'errorChannel' has been explicitly defined. Therefore, a default PublishSubscribeChannel will be created.
343  [main] INFO  org.springframework.integration.config.xml.DefaultConfiguringBeanFactoryPostProcessor  - No bean named 'taskScheduler' has been explicitly defined. Therefore, a default ThreadPoolTaskScheduler will be created.
359  [main] INFO  org.springframework.beans.factory.support.DefaultListableBeanFactory  - Pre-instantiating singletons in org.springframework.beans.factory.support.DefaultListableBeanFactory@235f4a7f: defining beans [org.springframework.beans.factory.config.PropertyPlaceholderConfigurer#0,channelInitializer,$autoCreateChannelCandidates,org.springframework.integration.internalDefaultConfiguringBeanFactoryPostProcessor,org.springframework.scheduling.support.PeriodicTrigger#0,poller,connectionFactory,positionsQueue,dataSource,org.springframework.scheduling.support.PeriodicTrigger#1,org.springframework.integration.config.SourcePollingChannelAdapterFactoryBean#0,org.springframework.integration.config.ServiceActivatorFactoryBean#0,org.springframework.integration.config.ConsumerEndpointFactoryBean#0,jdbcMessageHandler,input-channel,output-channel,org.springframework.integration.jms.JmsSendingMessageHandler#0,org.springframework.integration.config.ConsumerEndpointFactoryBean#1,nullChannel,errorChannel,_org.springframework.integration.errorLogger,taskScheduler,org.springframework.integration.config.IdGeneratorConfigurer#0]; root of factory hierarchy
671  [main] INFO  org.springframework.scheduling.concurrent.ThreadPoolTaskScheduler  - Initializing ExecutorService  'taskScheduler'
686  [main] INFO  org.springframework.context.support.DefaultLifecycleProcessor  - Starting beans in phase -2147483648
686  [main] INFO  org.springframework.integration.endpoint.EventDrivenConsumer  - Adding {service-activator} as a subscriber to the 'input-channel' channel
686  [main] INFO  org.springframework.integration.channel.DirectChannel  - Channel 'input-channel' has 1 subscriber(s).
686  [main] INFO  org.springframework.integration.endpoint.EventDrivenConsumer  - started org.springframework.integration.config.ConsumerEndpointFactoryBean#0
686  [main] INFO  org.springframework.integration.endpoint.EventDrivenConsumer  - Adding {jms:outbound-channel-adapter} as a subscriber to the 'output-channel' channel
686  [main] INFO  org.springframework.integration.channel.DirectChannel  - Channel 'output-channel' has 1 subscriber(s).
686  [main] INFO  org.springframework.integration.endpoint.EventDrivenConsumer  - started org.springframework.integration.config.ConsumerEndpointFactoryBean#1
686  [main] INFO  org.springframework.integration.endpoint.EventDrivenConsumer  - Adding {logging-channel-adapter:_org.springframework.integration.errorLogger} as a subscriber to the 'errorChannel' channel
686  [main] INFO  org.springframework.integration.channel.PublishSubscribeChannel  - Channel 'errorChannel' has 1 subscriber(s).
686  [main] INFO  org.springframework.integration.endpoint.EventDrivenConsumer  - started _org.springframework.integration.errorLogger
686  [main] INFO  org.springframework.context.support.DefaultLifecycleProcessor  - Starting beans in phase 2147483647
686  [main] INFO  org.springframework.integration.endpoint.SourcePollingChannelAdapter  - started org.springframework.integration.config.SourcePollingChannelAdapterFactoryBean#0
686  [main] INFO  ru.rstyle.si.MyServiceDemo  - The application is started
0    [main] INFO  org.springframework.context.support.ClassPathXmlApplicationContext  - Refreshing org.springframework.context.support.ClassPathXmlApplicationContext@77d2b01b: startup date [Thu Mar 14 14:47:14 MSK 2013]; root of context hierarchy
31   [main] INFO  org.springframework.beans.factory.xml.XmlBeanDefinitionReader  - Loading XML bean definitions from class path resource [spring.cfg.postgres.xml]
343  [main] INFO  org.springframework.beans.factory.config.PropertyPlaceholderConfigurer  - Loading properties file from class path resource [app.properties]
343  [main] INFO  org.springframework.integration.config.xml.DefaultConfiguringBeanFactoryPostProcessor  - No bean named 'errorChannel' has been explicitly defined. Therefore, a default PublishSubscribeChannel will be created.
343  [main] INFO  org.springframework.integration.config.xml.DefaultConfiguringBeanFactoryPostProcessor  - No bean named 'taskScheduler' has been explicitly defined. Therefore, a default ThreadPoolTaskScheduler will be created.
359  [main] INFO  org.springframework.beans.factory.support.DefaultListableBeanFactory  - Pre-instantiating singletons in org.springframework.beans.factory.support.DefaultListableBeanFactory@4513e9fd: defining beans [org.springframework.beans.factory.config.PropertyPlaceholderConfigurer#0,channelInitializer,$autoCreateChannelCandidates,org.springframework.integration.internalDefaultConfiguringBeanFactoryPostProcessor,org.springframework.scheduling.support.PeriodicTrigger#0,poller,connectionFactory,positionsQueue,dataSource,org.springframework.scheduling.support.PeriodicTrigger#1,org.springframework.integration.config.SourcePollingChannelAdapterFactoryBean#0,org.springframework.integration.config.ServiceActivatorFactoryBean#0,org.springframework.integration.config.ConsumerEndpointFactoryBean#0,jdbcMessageHandler,input-channel,output-channel,org.springframework.integration.jms.JmsSendingMessageHandler#0,org.springframework.integration.config.ConsumerEndpointFactoryBean#1,nullChannel,errorChannel,_org.springframework.integration.errorLogger,taskScheduler,org.springframework.integration.config.IdGeneratorConfigurer#0]; root of factory hierarchy
671  [main] INFO  org.springframework.scheduling.concurrent.ThreadPoolTaskScheduler  - Initializing ExecutorService  'taskScheduler'
686  [main] INFO  org.springframework.context.support.DefaultLifecycleProcessor  - Starting beans in phase -2147483648
686  [main] INFO  org.springframework.integration.endpoint.EventDrivenConsumer  - Adding {service-activator} as a subscriber to the 'input-channel' channel
686  [main] INFO  org.springframework.integration.channel.DirectChannel  - Channel 'input-channel' has 1 subscriber(s).
686  [main] INFO  org.springframework.integration.endpoint.EventDrivenConsumer  - started org.springframework.integration.config.ConsumerEndpointFactoryBean#0
686  [main] INFO  org.springframework.integration.endpoint.EventDrivenConsumer  - Adding {jms:outbound-channel-adapter} as a subscriber to the 'output-channel' channel
686  [main] INFO  org.springframework.integration.channel.DirectChannel  - Channel 'output-channel' has 1 subscriber(s).
686  [main] INFO  org.springframework.integration.endpoint.EventDrivenConsumer  - started org.springframework.integration.config.ConsumerEndpointFactoryBean#1
686  [main] INFO  org.springframework.integration.endpoint.EventDrivenConsumer  - Adding {logging-channel-adapter:_org.springframework.integration.errorLogger} as a subscriber to the 'errorChannel' channel
686  [main] INFO  org.springframework.integration.channel.PublishSubscribeChannel  - Channel 'errorChannel' has 1 subscriber(s).
686  [main] INFO  org.springframework.integration.endpoint.EventDrivenConsumer  - started _org.springframework.integration.errorLogger
686  [main] INFO  org.springframework.context.support.DefaultLifecycleProcessor  - Starting beans in phase 2147483647
686  [main] INFO  org.springframework.integration.endpoint.SourcePollingChannelAdapter  - started org.springframework.integration.config.SourcePollingChannelAdapterFactoryBean#0
686  [main] INFO  ru.rstyle.si.MyServiceDemo  - The application is started
0    [main] INFO  org.springframework.context.support.ClassPathXmlApplicationContext  - Refreshing org.springframework.context.support.ClassPathXmlApplicationContext@68814013: startup date [Thu Mar 14 14:49:51 MSK 2013]; root of context hierarchy
47   [main] INFO  org.springframework.beans.factory.xml.XmlBeanDefinitionReader  - Loading XML bean definitions from class path resource [spring.cfg.postgres.xml]
359  [main] INFO  org.springframework.beans.factory.config.PropertyPlaceholderConfigurer  - Loading properties file from class path resource [app.properties]
359  [main] INFO  org.springframework.integration.config.xml.DefaultConfiguringBeanFactoryPostProcessor  - No bean named 'errorChannel' has been explicitly defined. Therefore, a default PublishSubscribeChannel will be created.
359  [main] INFO  org.springframework.integration.config.xml.DefaultConfiguringBeanFactoryPostProcessor  - No bean named 'taskScheduler' has been explicitly defined. Therefore, a default ThreadPoolTaskScheduler will be created.
374  [main] INFO  org.springframework.beans.factory.support.DefaultListableBeanFactory  - Pre-instantiating singletons in org.springframework.beans.factory.support.DefaultListableBeanFactory@235f4a7f: defining beans [org.springframework.beans.factory.config.PropertyPlaceholderConfigurer#0,channelInitializer,$autoCreateChannelCandidates,org.springframework.integration.internalDefaultConfiguringBeanFactoryPostProcessor,org.springframework.scheduling.support.PeriodicTrigger#0,poller,connectionFactory,positionsQueue,dataSource,org.springframework.scheduling.support.PeriodicTrigger#1,org.springframework.integration.config.SourcePollingChannelAdapterFactoryBean#0,org.springframework.integration.config.ServiceActivatorFactoryBean#0,org.springframework.integration.config.ConsumerEndpointFactoryBean#0,jdbcMessageHandler,input-channel,output-channel,org.springframework.integration.jms.JmsSendingMessageHandler#0,org.springframework.integration.config.ConsumerEndpointFactoryBean#1,nullChannel,errorChannel,_org.springframework.integration.errorLogger,taskScheduler,org.springframework.integration.config.IdGeneratorConfigurer#0]; root of factory hierarchy
686  [main] INFO  org.springframework.scheduling.concurrent.ThreadPoolTaskScheduler  - Initializing ExecutorService  'taskScheduler'
702  [main] INFO  org.springframework.context.support.DefaultLifecycleProcessor  - Starting beans in phase -2147483648
702  [main] INFO  org.springframework.integration.endpoint.EventDrivenConsumer  - Adding {service-activator} as a subscriber to the 'input-channel' channel
702  [main] INFO  org.springframework.integration.channel.DirectChannel  - Channel 'input-channel' has 1 subscriber(s).
702  [main] INFO  org.springframework.integration.endpoint.EventDrivenConsumer  - started org.springframework.integration.config.ConsumerEndpointFactoryBean#0
702  [main] INFO  org.springframework.integration.endpoint.EventDrivenConsumer  - Adding {jms:outbound-channel-adapter} as a subscriber to the 'output-channel' channel
702  [main] INFO  org.springframework.integration.channel.DirectChannel  - Channel 'output-channel' has 1 subscriber(s).
702  [main] INFO  org.springframework.integration.endpoint.EventDrivenConsumer  - started org.springframework.integration.config.ConsumerEndpointFactoryBean#1
702  [main] INFO  org.springframework.integration.endpoint.EventDrivenConsumer  - Adding {logging-channel-adapter:_org.springframework.integration.errorLogger} as a subscriber to the 'errorChannel' channel
702  [main] INFO  org.springframework.integration.channel.PublishSubscribeChannel  - Channel 'errorChannel' has 1 subscriber(s).
702  [main] INFO  org.springframework.integration.endpoint.EventDrivenConsumer  - started _org.springframework.integration.errorLogger
702  [main] INFO  org.springframework.context.support.DefaultLifecycleProcessor  - Starting beans in phase 2147483647
702  [main] INFO  org.springframework.integration.endpoint.SourcePollingChannelAdapter  - started org.springframework.integration.config.SourcePollingChannelAdapterFactoryBean#0
702  [main] INFO  ru.rstyle.si.MyServiceDemo  - The application is started
0    [main] INFO  org.springframework.context.support.ClassPathXmlApplicationContext  - Refreshing org.springframework.context.support.ClassPathXmlApplicationContext@7d95d4fe: startup date [Thu Mar 14 14:58:09 MSK 2013]; root of context hierarchy
46   [main] INFO  org.springframework.beans.factory.xml.XmlBeanDefinitionReader  - Loading XML bean definitions from class path resource [spring.cfg.postgres.xml]
358  [main] INFO  org.springframework.beans.factory.config.PropertyPlaceholderConfigurer  - Loading properties file from class path resource [app.properties]
358  [main] INFO  org.springframework.integration.config.xml.DefaultConfiguringBeanFactoryPostProcessor  - No bean named 'errorChannel' has been explicitly defined. Therefore, a default PublishSubscribeChannel will be created.
358  [main] INFO  org.springframework.integration.config.xml.DefaultConfiguringBeanFactoryPostProcessor  - No bean named 'taskScheduler' has been explicitly defined. Therefore, a default ThreadPoolTaskScheduler will be created.
374  [main] INFO  org.springframework.beans.factory.support.DefaultListableBeanFactory  - Pre-instantiating singletons in org.springframework.beans.factory.support.DefaultListableBeanFactory@5ec24193: defining beans [org.springframework.beans.factory.config.PropertyPlaceholderConfigurer#0,channelInitializer,$autoCreateChannelCandidates,org.springframework.integration.internalDefaultConfiguringBeanFactoryPostProcessor,org.springframework.scheduling.support.PeriodicTrigger#0,poller,connectionFactory,positionsQueue,dataSource,org.springframework.scheduling.support.PeriodicTrigger#1,org.springframework.integration.config.SourcePollingChannelAdapterFactoryBean#0,org.springframework.integration.config.ServiceActivatorFactoryBean#0,org.springframework.integration.config.ConsumerEndpointFactoryBean#0,jdbcMessageHandler,input-channel,output-channel,org.springframework.integration.jms.JmsSendingMessageHandler#0,org.springframework.integration.config.ConsumerEndpointFactoryBean#1,nullChannel,errorChannel,_org.springframework.integration.errorLogger,taskScheduler,org.springframework.integration.config.IdGeneratorConfigurer#0]; root of factory hierarchy
686  [main] INFO  org.springframework.scheduling.concurrent.ThreadPoolTaskScheduler  - Initializing ExecutorService  'taskScheduler'
702  [main] INFO  org.springframework.context.support.DefaultLifecycleProcessor  - Starting beans in phase -2147483648
702  [main] INFO  org.springframework.integration.endpoint.EventDrivenConsumer  - Adding {service-activator} as a subscriber to the 'input-channel' channel
702  [main] INFO  org.springframework.integration.channel.DirectChannel  - Channel 'input-channel' has 1 subscriber(s).
702  [main] INFO  org.springframework.integration.endpoint.EventDrivenConsumer  - started org.springframework.integration.config.ConsumerEndpointFactoryBean#0
702  [main] INFO  org.springframework.integration.endpoint.EventDrivenConsumer  - Adding {jms:outbound-channel-adapter} as a subscriber to the 'output-channel' channel
702  [main] INFO  org.springframework.integration.channel.DirectChannel  - Channel 'output-channel' has 1 subscriber(s).
702  [main] INFO  org.springframework.integration.endpoint.EventDrivenConsumer  - started org.springframework.integration.config.ConsumerEndpointFactoryBean#1
702  [main] INFO  org.springframework.integration.endpoint.EventDrivenConsumer  - Adding {logging-channel-adapter:_org.springframework.integration.errorLogger} as a subscriber to the 'errorChannel' channel
702  [main] INFO  org.springframework.integration.channel.PublishSubscribeChannel  - Channel 'errorChannel' has 1 subscriber(s).
702  [main] INFO  org.springframework.integration.endpoint.EventDrivenConsumer  - started _org.springframework.integration.errorLogger
702  [main] INFO  org.springframework.context.support.DefaultLifecycleProcessor  - Starting beans in phase 2147483647
702  [main] INFO  org.springframework.integration.endpoint.SourcePollingChannelAdapter  - started org.springframework.integration.config.SourcePollingChannelAdapterFactoryBean#0
702  [main] INFO  ru.rstyle.si.MyServiceDemo  - The application is started
0    [main] INFO  org.springframework.context.support.ClassPathXmlApplicationContext  - Refreshing org.springframework.context.support.ClassPathXmlApplicationContext@f0f11b8: startup date [Thu Mar 14 19:02:47 MSK 2013]; root of context hierarchy
48   [main] INFO  org.springframework.beans.factory.xml.XmlBeanDefinitionReader  - Loading XML bean definitions from class path resource [endpoints-gateway-beans.xml]
0    [main] INFO  org.springframework.context.support.ClassPathXmlApplicationContext  - Refreshing org.springframework.context.support.ClassPathXmlApplicationContext@68fe748f: startup date [Thu Mar 14 19:04:25 MSK 2013]; root of context hierarchy
49   [main] INFO  org.springframework.beans.factory.xml.XmlBeanDefinitionReader  - Loading XML bean definitions from class path resource [endpoints-gateway-beans.xml]
296  [main] INFO  org.springframework.beans.factory.config.PropertyPlaceholderConfigurer  - Loading properties file from class path resource [app.properties]
296  [main] INFO  org.springframework.integration.config.xml.DefaultConfiguringBeanFactoryPostProcessor  - No bean named 'errorChannel' has been explicitly defined. Therefore, a default PublishSubscribeChannel will be created.
296  [main] INFO  org.springframework.integration.config.xml.DefaultConfiguringBeanFactoryPostProcessor  - No bean named 'taskScheduler' has been explicitly defined. Therefore, a default ThreadPoolTaskScheduler will be created.
299  [main] INFO  org.springframework.beans.factory.support.DefaultListableBeanFactory  - Pre-instantiating singletons in org.springframework.beans.factory.support.DefaultListableBeanFactory@4026e9f9: defining beans [org.springframework.beans.factory.config.PropertyPlaceholderConfigurer#0,channelInitializer,$autoCreateChannelCandidates,org.springframework.integration.internalDefaultConfiguringBeanFactoryPostProcessor,trades-in-channel,trades-out-channel,tradeGateway,org.springframework.integration.config.ServiceActivatorFactoryBean#0,org.springframework.scheduling.support.PeriodicTrigger#0,org.springframework.integration.config.ConsumerEndpointFactoryBean#0,tradeProcessor,asyncTradeGateway,nullChannel,errorChannel,_org.springframework.integration.errorLogger,taskScheduler,org.springframework.integration.config.IdGeneratorConfigurer#0]; root of factory hierarchy
370  [main] INFO  org.springframework.beans.factory.support.DefaultListableBeanFactory  - Destroying singletons in org.springframework.beans.factory.support.DefaultListableBeanFactory@4026e9f9: defining beans [org.springframework.beans.factory.config.PropertyPlaceholderConfigurer#0,channelInitializer,$autoCreateChannelCandidates,org.springframework.integration.internalDefaultConfiguringBeanFactoryPostProcessor,trades-in-channel,trades-out-channel,tradeGateway,org.springframework.integration.config.ServiceActivatorFactoryBean#0,org.springframework.scheduling.support.PeriodicTrigger#0,org.springframework.integration.config.ConsumerEndpointFactoryBean#0,tradeProcessor,asyncTradeGateway,nullChannel,errorChannel,_org.springframework.integration.errorLogger,taskScheduler,org.springframework.integration.config.IdGeneratorConfigurer#0]; root of factory hierarchy
0    [main] INFO  org.springframework.context.support.ClassPathXmlApplicationContext  - Refreshing org.springframework.context.support.ClassPathXmlApplicationContext@26544ec1: startup date [Thu Mar 14 19:05:42 MSK 2013]; root of context hierarchy
56   [main] INFO  org.springframework.beans.factory.xml.XmlBeanDefinitionReader  - Loading XML bean definitions from class path resource [endpoints-gateway-beans.xml]
293  [main] INFO  org.springframework.beans.factory.config.PropertyPlaceholderConfigurer  - Loading properties file from class path resource [app.properties]
293  [main] INFO  org.springframework.integration.config.xml.DefaultConfiguringBeanFactoryPostProcessor  - No bean named 'errorChannel' has been explicitly defined. Therefore, a default PublishSubscribeChannel will be created.
293  [main] INFO  org.springframework.integration.config.xml.DefaultConfiguringBeanFactoryPostProcessor  - No bean named 'taskScheduler' has been explicitly defined. Therefore, a default ThreadPoolTaskScheduler will be created.
308  [main] INFO  org.springframework.beans.factory.support.DefaultListableBeanFactory  - Pre-instantiating singletons in org.springframework.beans.factory.support.DefaultListableBeanFactory@643ae941: defining beans [org.springframework.beans.factory.config.PropertyPlaceholderConfigurer#0,channelInitializer,$autoCreateChannelCandidates,org.springframework.integration.internalDefaultConfiguringBeanFactoryPostProcessor,trades-in-channel,trades-out-channel,tradeGateway,org.springframework.integration.config.ServiceActivatorFactoryBean#0,org.springframework.scheduling.support.PeriodicTrigger#0,org.springframework.integration.config.ConsumerEndpointFactoryBean#0,tradeProcessor,asyncTradeGateway,nullChannel,errorChannel,_org.springframework.integration.errorLogger,taskScheduler,org.springframework.integration.config.IdGeneratorConfigurer#0]; root of factory hierarchy
372  [main] INFO  org.springframework.scheduling.concurrent.ThreadPoolTaskScheduler  - Initializing ExecutorService  'taskScheduler'
382  [main] INFO  org.springframework.integration.gateway.GatewayProxyFactoryBean$MethodInvocationGateway  - started tradeGateway
382  [main] INFO  org.springframework.integration.gateway.GatewayProxyFactoryBean  - started tradeGateway
436  [main] INFO  org.springframework.integration.gateway.GatewayProxyFactoryBean$MethodInvocationGateway  - started asyncTradeGateway
436  [main] INFO  org.springframework.integration.gateway.GatewayProxyFactoryBean  - started asyncTradeGateway
451  [main] INFO  org.springframework.context.support.DefaultLifecycleProcessor  - Starting beans in phase -2147483648
451  [main] INFO  org.springframework.integration.endpoint.EventDrivenConsumer  - Adding {logging-channel-adapter:_org.springframework.integration.errorLogger} as a subscriber to the 'errorChannel' channel
451  [main] INFO  org.springframework.integration.channel.PublishSubscribeChannel  - Channel 'errorChannel' has 1 subscriber(s).
451  [main] INFO  org.springframework.integration.endpoint.EventDrivenConsumer  - started _org.springframework.integration.errorLogger
451  [main] INFO  org.springframework.context.support.DefaultLifecycleProcessor  - Starting beans in phase 0
467  [main] INFO  org.springframework.context.support.DefaultLifecycleProcessor  - Starting beans in phase 2147483647
467  [main] INFO  org.springframework.integration.endpoint.PollingConsumer  - started org.springframework.integration.config.ConsumerEndpointFactoryBean#0
467  [SimpleAsyncTaskExecutor-1] INFO  org.springframework.integration.endpoint.EventDrivenConsumer  - Adding {bridge:null} as a subscriber to the 'trades-out-channel' channel
467  [SimpleAsyncTaskExecutor-1] INFO  org.springframework.integration.channel.PublishSubscribeChannel  - Channel 'trades-out-channel' has 1 subscriber(s).
467  [SimpleAsyncTaskExecutor-1] INFO  org.springframework.integration.endpoint.EventDrivenConsumer  - started org.springframework.integration.endpoint.EventDrivenConsumer@3fe2670b
0    [main] INFO  org.springframework.context.support.ClassPathXmlApplicationContext  - Refreshing org.springframework.context.support.ClassPathXmlApplicationContext@26544ec1: startup date [Thu Mar 14 19:07:34 MSK 2013]; root of context hierarchy
54   [main] INFO  org.springframework.beans.factory.xml.XmlBeanDefinitionReader  - Loading XML bean definitions from class path resource [endpoints-gateway-beans.xml]
285  [main] INFO  org.springframework.beans.factory.config.PropertyPlaceholderConfigurer  - Loading properties file from class path resource [app.properties]
285  [main] INFO  org.springframework.integration.config.xml.DefaultConfiguringBeanFactoryPostProcessor  - No bean named 'errorChannel' has been explicitly defined. Therefore, a default PublishSubscribeChannel will be created.
301  [main] INFO  org.springframework.integration.config.xml.DefaultConfiguringBeanFactoryPostProcessor  - No bean named 'taskScheduler' has been explicitly defined. Therefore, a default ThreadPoolTaskScheduler will be created.
301  [main] INFO  org.springframework.beans.factory.support.DefaultListableBeanFactory  - Pre-instantiating singletons in org.springframework.beans.factory.support.DefaultListableBeanFactory@643ae941: defining beans [org.springframework.beans.factory.config.PropertyPlaceholderConfigurer#0,channelInitializer,$autoCreateChannelCandidates,org.springframework.integration.internalDefaultConfiguringBeanFactoryPostProcessor,trades-in-channel,trades-out-channel,tradeGateway,org.springframework.integration.config.ServiceActivatorFactoryBean#0,org.springframework.scheduling.support.PeriodicTrigger#0,org.springframework.integration.config.ConsumerEndpointFactoryBean#0,tradeProcessor,asyncTradeGateway,nullChannel,errorChannel,_org.springframework.integration.errorLogger,taskScheduler,org.springframework.integration.config.IdGeneratorConfigurer#0]; root of factory hierarchy
378  [main] INFO  org.springframework.scheduling.concurrent.ThreadPoolTaskScheduler  - Initializing ExecutorService  'taskScheduler'
396  [main] INFO  org.springframework.integration.gateway.GatewayProxyFactoryBean$MethodInvocationGateway  - started tradeGateway
396  [main] INFO  org.springframework.integration.gateway.GatewayProxyFactoryBean  - started tradeGateway
445  [main] INFO  org.springframework.integration.gateway.GatewayProxyFactoryBean$MethodInvocationGateway  - started asyncTradeGateway
445  [main] INFO  org.springframework.integration.gateway.GatewayProxyFactoryBean  - started asyncTradeGateway
448  [main] INFO  org.springframework.context.support.DefaultLifecycleProcessor  - Starting beans in phase -2147483648
448  [main] INFO  org.springframework.integration.endpoint.EventDrivenConsumer  - Adding {logging-channel-adapter:_org.springframework.integration.errorLogger} as a subscriber to the 'errorChannel' channel
448  [main] INFO  org.springframework.integration.channel.PublishSubscribeChannel  - Channel 'errorChannel' has 1 subscriber(s).
448  [main] INFO  org.springframework.integration.endpoint.EventDrivenConsumer  - started _org.springframework.integration.errorLogger
448  [main] INFO  org.springframework.context.support.DefaultLifecycleProcessor  - Starting beans in phase 0
448  [main] INFO  org.springframework.context.support.DefaultLifecycleProcessor  - Starting beans in phase 2147483647
448  [main] INFO  org.springframework.integration.endpoint.PollingConsumer  - started org.springframework.integration.config.ConsumerEndpointFactoryBean#0
450  [SimpleAsyncTaskExecutor-1] INFO  org.springframework.integration.endpoint.EventDrivenConsumer  - Adding {bridge:null} as a subscriber to the 'trades-out-channel' channel
450  [SimpleAsyncTaskExecutor-1] INFO  org.springframework.integration.channel.PublishSubscribeChannel  - Channel 'trades-out-channel' has 1 subscriber(s).
450  [SimpleAsyncTaskExecutor-1] INFO  org.springframework.integration.endpoint.EventDrivenConsumer  - started org.springframework.integration.endpoint.EventDrivenConsumer@3fe2670b
0    [main] INFO  org.springframework.context.support.ClassPathXmlApplicationContext  - Refreshing org.springframework.context.support.ClassPathXmlApplicationContext@26544ec1: startup date [Thu Mar 14 19:07:53 MSK 2013]; root of context hierarchy
17   [main] INFO  org.springframework.beans.factory.xml.XmlBeanDefinitionReader  - Loading XML bean definitions from class path resource [endpoints-gateway-beans.xml]
273  [main] INFO  org.springframework.beans.factory.config.PropertyPlaceholderConfigurer  - Loading properties file from class path resource [app.properties]
273  [main] INFO  org.springframework.integration.config.xml.DefaultConfiguringBeanFactoryPostProcessor  - No bean named 'errorChannel' has been explicitly defined. Therefore, a default PublishSubscribeChannel will be created.
273  [main] INFO  org.springframework.integration.config.xml.DefaultConfiguringBeanFactoryPostProcessor  - No bean named 'taskScheduler' has been explicitly defined. Therefore, a default ThreadPoolTaskScheduler will be created.
288  [main] INFO  org.springframework.beans.factory.support.DefaultListableBeanFactory  - Pre-instantiating singletons in org.springframework.beans.factory.support.DefaultListableBeanFactory@643ae941: defining beans [org.springframework.beans.factory.config.PropertyPlaceholderConfigurer#0,channelInitializer,$autoCreateChannelCandidates,org.springframework.integration.internalDefaultConfiguringBeanFactoryPostProcessor,trades-in-channel,trades-out-channel,tradeGateway,org.springframework.integration.config.ServiceActivatorFactoryBean#0,org.springframework.scheduling.support.PeriodicTrigger#0,org.springframework.integration.config.ConsumerEndpointFactoryBean#0,tradeProcessor,asyncTradeGateway,nullChannel,errorChannel,_org.springframework.integration.errorLogger,taskScheduler,org.springframework.integration.config.IdGeneratorConfigurer#0]; root of factory hierarchy
363  [main] INFO  org.springframework.scheduling.concurrent.ThreadPoolTaskScheduler  - Initializing ExecutorService  'taskScheduler'
368  [main] INFO  org.springframework.integration.gateway.GatewayProxyFactoryBean$MethodInvocationGateway  - started tradeGateway
368  [main] INFO  org.springframework.integration.gateway.GatewayProxyFactoryBean  - started tradeGateway
438  [main] INFO  org.springframework.integration.gateway.GatewayProxyFactoryBean$MethodInvocationGateway  - started asyncTradeGateway
438  [main] INFO  org.springframework.integration.gateway.GatewayProxyFactoryBean  - started asyncTradeGateway
438  [main] INFO  org.springframework.context.support.DefaultLifecycleProcessor  - Starting beans in phase -2147483648
438  [main] INFO  org.springframework.integration.endpoint.EventDrivenConsumer  - Adding {logging-channel-adapter:_org.springframework.integration.errorLogger} as a subscriber to the 'errorChannel' channel
438  [main] INFO  org.springframework.integration.channel.PublishSubscribeChannel  - Channel 'errorChannel' has 1 subscriber(s).
438  [main] INFO  org.springframework.integration.endpoint.EventDrivenConsumer  - started _org.springframework.integration.errorLogger
438  [main] INFO  org.springframework.context.support.DefaultLifecycleProcessor  - Starting beans in phase 0
438  [main] INFO  org.springframework.context.support.DefaultLifecycleProcessor  - Starting beans in phase 2147483647
441  [main] INFO  org.springframework.integration.endpoint.PollingConsumer  - started org.springframework.integration.config.ConsumerEndpointFactoryBean#0
441  [main] INFO  org.springframework.integration.endpoint.EventDrivenConsumer  - Adding {bridge:null} as a subscriber to the 'trades-out-channel' channel
441  [main] INFO  org.springframework.integration.channel.PublishSubscribeChannel  - Channel 'trades-out-channel' has 1 subscriber(s).
441  [main] INFO  org.springframework.integration.endpoint.EventDrivenConsumer  - started org.springframework.integration.endpoint.EventDrivenConsumer@57922f46
0    [main] INFO  org.springframework.context.support.ClassPathXmlApplicationContext  - Refreshing org.springframework.context.support.ClassPathXmlApplicationContext@68fe748f: startup date [Thu Mar 14 19:08:10 MSK 2013]; root of context hierarchy
34   [main] INFO  org.springframework.beans.factory.xml.XmlBeanDefinitionReader  - Loading XML bean definitions from class path resource [endpoints-gateway-beans.xml]
284  [main] INFO  org.springframework.beans.factory.config.PropertyPlaceholderConfigurer  - Loading properties file from class path resource [app.properties]
287  [main] INFO  org.springframework.integration.config.xml.DefaultConfiguringBeanFactoryPostProcessor  - No bean named 'errorChannel' has been explicitly defined. Therefore, a default PublishSubscribeChannel will be created.
287  [main] INFO  org.springframework.integration.config.xml.DefaultConfiguringBeanFactoryPostProcessor  - No bean named 'taskScheduler' has been explicitly defined. Therefore, a default ThreadPoolTaskScheduler will be created.
287  [main] INFO  org.springframework.beans.factory.support.DefaultListableBeanFactory  - Pre-instantiating singletons in org.springframework.beans.factory.support.DefaultListableBeanFactory@57a7ddcf: defining beans [org.springframework.beans.factory.config.PropertyPlaceholderConfigurer#0,channelInitializer,$autoCreateChannelCandidates,org.springframework.integration.internalDefaultConfiguringBeanFactoryPostProcessor,trades-in-channel,trades-out-channel,tradeGateway,org.springframework.integration.config.ServiceActivatorFactoryBean#0,org.springframework.scheduling.support.PeriodicTrigger#0,org.springframework.integration.config.ConsumerEndpointFactoryBean#0,tradeProcessor,asyncTradeGateway,nullChannel,errorChannel,_org.springframework.integration.errorLogger,taskScheduler,org.springframework.integration.config.IdGeneratorConfigurer#0]; root of factory hierarchy
364  [main] INFO  org.springframework.scheduling.concurrent.ThreadPoolTaskScheduler  - Initializing ExecutorService  'taskScheduler'
400  [main] INFO  org.springframework.integration.gateway.GatewayProxyFactoryBean$MethodInvocationGateway  - started tradeGateway
400  [main] INFO  org.springframework.integration.gateway.GatewayProxyFactoryBean  - started tradeGateway
434  [main] INFO  org.springframework.integration.gateway.GatewayProxyFactoryBean$MethodInvocationGateway  - started asyncTradeGateway
434  [main] INFO  org.springframework.integration.gateway.GatewayProxyFactoryBean  - started asyncTradeGateway
439  [main] INFO  org.springframework.context.support.DefaultLifecycleProcessor  - Starting beans in phase -2147483648
439  [main] INFO  org.springframework.integration.endpoint.EventDrivenConsumer  - Adding {logging-channel-adapter:_org.springframework.integration.errorLogger} as a subscriber to the 'errorChannel' channel
439  [main] INFO  org.springframework.integration.channel.PublishSubscribeChannel  - Channel 'errorChannel' has 1 subscriber(s).
439  [main] INFO  org.springframework.integration.endpoint.EventDrivenConsumer  - started _org.springframework.integration.errorLogger
439  [main] INFO  org.springframework.context.support.DefaultLifecycleProcessor  - Starting beans in phase 0
439  [main] INFO  org.springframework.context.support.DefaultLifecycleProcessor  - Starting beans in phase 2147483647
441  [main] INFO  org.springframework.integration.endpoint.PollingConsumer  - started org.springframework.integration.config.ConsumerEndpointFactoryBean#0
472  [main] INFO  org.springframework.integration.endpoint.EventDrivenConsumer  - Adding {bridge:null} as a subscriber to the 'trades-out-channel' channel
472  [main] INFO  org.springframework.integration.channel.PublishSubscribeChannel  - Channel 'trades-out-channel' has 1 subscriber(s).
472  [main] INFO  org.springframework.integration.endpoint.EventDrivenConsumer  - started org.springframework.integration.endpoint.EventDrivenConsumer@3e5dc994
0    [main] INFO  org.springframework.context.support.ClassPathXmlApplicationContext  - Refreshing org.springframework.context.support.ClassPathXmlApplicationContext@68fe748f: startup date [Thu Mar 14 19:12:59 MSK 2013]; root of context hierarchy
34   [main] INFO  org.springframework.beans.factory.xml.XmlBeanDefinitionReader  - Loading XML bean definitions from class path resource [endpoints-gateway-beans.xml]
287  [main] INFO  org.springframework.beans.factory.config.PropertyPlaceholderConfigurer  - Loading properties file from class path resource [app.properties]
287  [main] INFO  org.springframework.integration.config.xml.DefaultConfiguringBeanFactoryPostProcessor  - No bean named 'errorChannel' has been explicitly defined. Therefore, a default PublishSubscribeChannel will be created.
287  [main] INFO  org.springframework.integration.config.xml.DefaultConfiguringBeanFactoryPostProcessor  - No bean named 'taskScheduler' has been explicitly defined. Therefore, a default ThreadPoolTaskScheduler will be created.
289  [main] INFO  org.springframework.beans.factory.support.DefaultListableBeanFactory  - Pre-instantiating singletons in org.springframework.beans.factory.support.DefaultListableBeanFactory@643ae941: defining beans [org.springframework.beans.factory.config.PropertyPlaceholderConfigurer#0,channelInitializer,$autoCreateChannelCandidates,org.springframework.integration.internalDefaultConfiguringBeanFactoryPostProcessor,trades-in-channel,trades-out-channel,tradeGateway,org.springframework.integration.config.ServiceActivatorFactoryBean#0,org.springframework.scheduling.support.PeriodicTrigger#0,org.springframework.integration.config.ConsumerEndpointFactoryBean#0,tradeProcessor,asyncTradeGateway,nullChannel,errorChannel,_org.springframework.integration.errorLogger,taskScheduler,org.springframework.integration.config.IdGeneratorConfigurer#0]; root of factory hierarchy
364  [main] INFO  org.springframework.scheduling.concurrent.ThreadPoolTaskScheduler  - Initializing ExecutorService  'taskScheduler'
392  [main] INFO  org.springframework.integration.gateway.GatewayProxyFactoryBean$MethodInvocationGateway  - started tradeGateway
392  [main] INFO  org.springframework.integration.gateway.GatewayProxyFactoryBean  - started tradeGateway
431  [main] INFO  org.springframework.integration.gateway.GatewayProxyFactoryBean$MethodInvocationGateway  - started asyncTradeGateway
431  [main] INFO  org.springframework.integration.gateway.GatewayProxyFactoryBean  - started asyncTradeGateway
436  [main] INFO  org.springframework.context.support.DefaultLifecycleProcessor  - Starting beans in phase -2147483648
436  [main] INFO  org.springframework.integration.endpoint.EventDrivenConsumer  - Adding {logging-channel-adapter:_org.springframework.integration.errorLogger} as a subscriber to the 'errorChannel' channel
436  [main] INFO  org.springframework.integration.channel.PublishSubscribeChannel  - Channel 'errorChannel' has 1 subscriber(s).
436  [main] INFO  org.springframework.integration.endpoint.EventDrivenConsumer  - started _org.springframework.integration.errorLogger
436  [main] INFO  org.springframework.context.support.DefaultLifecycleProcessor  - Starting beans in phase 0
436  [main] INFO  org.springframework.context.support.DefaultLifecycleProcessor  - Starting beans in phase 2147483647
438  [main] INFO  org.springframework.integration.endpoint.PollingConsumer  - started org.springframework.integration.config.ConsumerEndpointFactoryBean#0
446  [main] INFO  org.springframework.integration.endpoint.EventDrivenConsumer  - Adding {bridge:null} as a subscriber to the 'trades-out-channel' channel
446  [main] INFO  org.springframework.integration.channel.PublishSubscribeChannel  - Channel 'trades-out-channel' has 1 subscriber(s).
446  [main] INFO  org.springframework.integration.endpoint.EventDrivenConsumer  - started org.springframework.integration.endpoint.EventDrivenConsumer@57922f46
0    [main] INFO  org.springframework.context.support.ClassPathXmlApplicationContext  - Refreshing org.springframework.context.support.ClassPathXmlApplicationContext@68fe748f: startup date [Thu Mar 14 19:13:15 MSK 2013]; root of context hierarchy
18   [main] INFO  org.springframework.beans.factory.xml.XmlBeanDefinitionReader  - Loading XML bean definitions from class path resource [endpoints-gateway-beans.xml]
270  [main] INFO  org.springframework.beans.factory.config.PropertyPlaceholderConfigurer  - Loading properties file from class path resource [app.properties]
270  [main] INFO  org.springframework.integration.config.xml.DefaultConfiguringBeanFactoryPostProcessor  - No bean named 'errorChannel' has been explicitly defined. Therefore, a default PublishSubscribeChannel will be created.
270  [main] INFO  org.springframework.integration.config.xml.DefaultConfiguringBeanFactoryPostProcessor  - No bean named 'taskScheduler' has been explicitly defined. Therefore, a default ThreadPoolTaskScheduler will be created.
286  [main] INFO  org.springframework.beans.factory.support.DefaultListableBeanFactory  - Pre-instantiating singletons in org.springframework.beans.factory.support.DefaultListableBeanFactory@643ae941: defining beans [org.springframework.beans.factory.config.PropertyPlaceholderConfigurer#0,channelInitializer,$autoCreateChannelCandidates,org.springframework.integration.internalDefaultConfiguringBeanFactoryPostProcessor,trades-in-channel,trades-out-channel,tradeGateway,org.springframework.integration.config.ServiceActivatorFactoryBean#0,org.springframework.scheduling.support.PeriodicTrigger#0,org.springframework.integration.config.ConsumerEndpointFactoryBean#0,tradeProcessor,asyncTradeGateway,nullChannel,errorChannel,_org.springframework.integration.errorLogger,taskScheduler,org.springframework.integration.config.IdGeneratorConfigurer#0]; root of factory hierarchy
347  [main] INFO  org.springframework.scheduling.concurrent.ThreadPoolTaskScheduler  - Initializing ExecutorService  'taskScheduler'
388  [main] INFO  org.springframework.integration.gateway.GatewayProxyFactoryBean$MethodInvocationGateway  - started tradeGateway
388  [main] INFO  org.springframework.integration.gateway.GatewayProxyFactoryBean  - started tradeGateway
440  [main] INFO  org.springframework.integration.gateway.GatewayProxyFactoryBean$MethodInvocationGateway  - started asyncTradeGateway
440  [main] INFO  org.springframework.integration.gateway.GatewayProxyFactoryBean  - started asyncTradeGateway
440  [main] INFO  org.springframework.context.support.DefaultLifecycleProcessor  - Starting beans in phase -2147483648
440  [main] INFO  org.springframework.integration.endpoint.EventDrivenConsumer  - Adding {logging-channel-adapter:_org.springframework.integration.errorLogger} as a subscriber to the 'errorChannel' channel
440  [main] INFO  org.springframework.integration.channel.PublishSubscribeChannel  - Channel 'errorChannel' has 1 subscriber(s).
440  [main] INFO  org.springframework.integration.endpoint.EventDrivenConsumer  - started _org.springframework.integration.errorLogger
440  [main] INFO  org.springframework.context.support.DefaultLifecycleProcessor  - Starting beans in phase 0
440  [main] INFO  org.springframework.context.support.DefaultLifecycleProcessor  - Starting beans in phase 2147483647
440  [main] INFO  org.springframework.integration.endpoint.PollingConsumer  - started org.springframework.integration.config.ConsumerEndpointFactoryBean#0
455  [SimpleAsyncTaskExecutor-1] INFO  org.springframework.integration.endpoint.EventDrivenConsumer  - Adding {bridge:null} as a subscriber to the 'trades-out-channel' channel
455  [SimpleAsyncTaskExecutor-1] INFO  org.springframework.integration.channel.PublishSubscribeChannel  - Channel 'trades-out-channel' has 1 subscriber(s).
455  [SimpleAsyncTaskExecutor-1] INFO  org.springframework.integration.endpoint.EventDrivenConsumer  - started org.springframework.integration.endpoint.EventDrivenConsumer@3fe2670b
